
                            < M A T L A B (R) >
                  Copyright 1984-2018 The MathWorks, Inc.
                   R2018b (9.5.0.944444) 64-bit (glnxa64)
                              August 28, 2018

 
To get started, type doc.
For product information, visit www.mathworks.com.
 
Loading GTEx data.
Loaded 11688 x 55863 count matrix.
Loading GTEx data.
reconstruct 11688 x 55863 count matrix.
Loading initial estimates of factors and loadings.
Loaded 55863 x 20 factors matrix, and 11688 x 20 loadings matrix.
Fitting Poisson topic model using betanmf.
iter obj_Xhat (cost fn)  obj_X (cost fn)     max.diff
---- ------------------- ------------------- --------
   1 -6.306769288541e+12 -6.407523866543e+12 3.28e+03
   2 -6.334526316045e+12 -6.432368954233e+12 2.22e+03
   3 -6.347932308029e+12 -6.444163135412e+12 8.65e+02
   4 -6.355448326917e+12 -6.450798330390e+12 4.14e+02
   5 -6.360408139203e+12 -6.455197073183e+12 3.55e+02
   6 -6.364138847348e+12 -6.458494809210e+12 4.10e+02
   7 -6.367172775576e+12 -6.461161116742e+12 3.93e+02
   8 -6.369642869347e+12 -6.463362539221e+12 4.59e+02
   9 -6.371663598314e+12 -6.465219145789e+12 3.11e+02
  10 -6.373382460811e+12 -6.466846303438e+12 2.35e+02
  11 -6.374905912316e+12 -6.468320477263e+12 2.30e+02
  12 -6.376296647354e+12 -6.469681853968e+12 2.19e+02
  13 -6.377599101637e+12 -6.470954023273e+12 2.04e+02
  14 -6.378876360031e+12 -6.472170175216e+12 2.08e+02
  15 -6.380243373581e+12 -6.473394452481e+12 2.10e+02
  16 -6.381808704601e+12 -6.474688686866e+12 2.51e+02
  17 -6.383502088149e+12 -6.476028978109e+12 3.07e+02
  18 -6.385125555900e+12 -6.477333058813e+12 3.06e+02
  19 -6.386594744093e+12 -6.478566453252e+12 2.76e+02
  20 -6.387936180442e+12 -6.479740327700e+12 2.40e+02
  21 -6.389191802206e+12 -6.480870346513e+12 2.06e+02
  22 -6.390390810952e+12 -6.481969698336e+12 2.17e+02
  23 -6.391547549688e+12 -6.483045553948e+12 2.10e+02
  24 -6.392656233720e+12 -6.484092195324e+12 2.55e+02
  25 -6.393701375811e+12 -6.485097535035e+12 3.02e+02
  26 -6.394668262629e+12 -6.486049017367e+12 3.40e+02
  27 -6.395546277955e+12 -6.486935858631e+12 3.60e+02
  28 -6.396330794478e+12 -6.487751655790e+12 3.59e+02
  29 -6.397023826263e+12 -6.488495945142e+12 3.36e+02
  30 -6.397632520041e+12 -6.489173200334e+12 3.51e+02
  31 -6.398167096315e+12 -6.489790769630e+12 3.85e+02
  32 -6.398638628116e+12 -6.490356422976e+12 4.16e+02
  33 -6.399057224968e+12 -6.490876489814e+12 4.40e+02
  34 -6.399430642198e+12 -6.491355360885e+12 4.57e+02
  35 -6.399764428279e+12 -6.491796532719e+12 4.65e+02
  36 -6.400064012009e+12 -6.492204348839e+12 4.63e+02
  37 -6.400334647110e+12 -6.492583306823e+12 4.53e+02
  38 -6.400580454082e+12 -6.492936755070e+12 4.35e+02
  39 -6.400804272882e+12 -6.493266824188e+12 4.11e+02
  40 -6.401008150351e+12 -6.493575129798e+12 3.83e+02
  41 -6.401194068465e+12 -6.493863427034e+12 3.53e+02
  42 -6.401364160924e+12 -6.494133568493e+12 3.23e+02
  43 -6.401520587934e+12 -6.494387426347e+12 2.93e+02
  44 -6.401665422811e+12 -6.494626947652e+12 2.66e+02
  45 -6.401800532529e+12 -6.494853955808e+12 2.40e+02
  46 -6.401927066787e+12 -6.495069608261e+12 2.18e+02
  47 -6.402045155410e+12 -6.495274192733e+12 1.98e+02
  48 -6.402155195691e+12 -6.495468205519e+12 1.80e+02
  49 -6.402258147152e+12 -6.495652564989e+12 1.65e+02
  50 -6.402354969539e+12 -6.495828142451e+12 1.52e+02
  51 -6.402446580880e+12 -6.495995649104e+12 1.40e+02
  52 -6.402533903055e+12 -6.496155822597e+12 1.30e+02
  53 -6.402617647887e+12 -6.496309470725e+12 1.21e+02
  54 -6.402698193659e+12 -6.496457281487e+12 1.14e+02
  55 -6.402775652069e+12 -6.496599749531e+12 1.07e+02
  56 -6.402849910048e+12 -6.496737082340e+12 1.01e+02
  57 -6.402920805895e+12 -6.496869181593e+12 9.61e+01
  58 -6.402988388176e+12 -6.496995795088e+12 9.15e+01
  59 -6.403052959748e+12 -6.497116872334e+12 8.73e+01
  60 -6.403114905947e+12 -6.497232758268e+12 8.35e+01
  61 -6.403174526369e+12 -6.497343989551e+12 8.08e+01
  62 -6.403232013605e+12 -6.497451178202e+12 7.92e+01
  63 -6.403287449511e+12 -6.497554827113e+12 7.76e+01
  64 -6.403340871122e+12 -6.497655005136e+12 7.60e+01
  65 -6.403392359965e+12 -6.497751782647e+12 7.44e+01
  66 -6.403442023738e+12 -6.497845328661e+12 7.30e+01
  67 -6.403490028920e+12 -6.497935636221e+12 7.15e+01
  68 -6.403536531607e+12 -6.498022872197e+12 7.01e+01
  69 -6.403581664946e+12 -6.498107130927e+12 6.87e+01
  70 -6.403625534909e+12 -6.498188599964e+12 6.74e+01
  71 -6.403668197051e+12 -6.498267565475e+12 6.61e+01
  72 -6.403709717514e+12 -6.498344153346e+12 6.49e+01
  73 -6.403750173547e+12 -6.498418353850e+12 6.37e+01
  74 -6.403789579541e+12 -6.498490302547e+12 6.25e+01
  75 -6.403827831902e+12 -6.498560282662e+12 6.13e+01
  76 -6.403864974784e+12 -6.498628291289e+12 6.02e+01
  77 -6.403901128564e+12 -6.498694345118e+12 5.92e+01
  78 -6.403936362467e+12 -6.498758617903e+12 5.81e+01
  79 -6.403970747883e+12 -6.498821172534e+12 5.71e+01
  80 -6.404004326246e+12 -6.498882093155e+12 5.61e+01
  81 -6.404037129335e+12 -6.498941479905e+12 5.52e+01
  82 -6.404069205825e+12 -6.498999421775e+12 5.43e+01
  83 -6.404100598491e+12 -6.499055994624e+12 5.34e+01
  84 -6.404131337191e+12 -6.499111238789e+12 5.26e+01
  85 -6.404161432176e+12 -6.499165162446e+12 5.18e+01
  86 -6.404190860791e+12 -6.499217767160e+12 5.10e+01
  87 -6.404219567580e+12 -6.499269070811e+12 5.02e+01
  88 -6.404247657216e+12 -6.499319095389e+12 4.95e+01
  89 -6.404275168658e+12 -6.499367905151e+12 4.88e+01
  90 -6.404302165337e+12 -6.499415592693e+12 4.81e+01
  91 -6.404328745523e+12 -6.499462260556e+12 4.74e+01
  92 -6.404354988663e+12 -6.499508026168e+12 4.67e+01
  93 -6.404380938256e+12 -6.499553003656e+12 4.61e+01
  94 -6.404406622726e+12 -6.499597275898e+12 4.54e+01
  95 -6.404432062746e+12 -6.499640890542e+12 4.48e+01
  96 -6.404457258338e+12 -6.499683869839e+12 4.42e+01
  97 -6.404482184389e+12 -6.499726211918e+12 4.37e+01
  98 -6.404506792486e+12 -6.499767895753e+12 4.31e+01
  99 -6.404531023066e+12 -6.499808886912e+12 4.26e+01
 100 -6.404554827986e+12 -6.499849149644e+12 4.21e+01
 101 -6.404578187298e+12 -6.499888665840e+12 4.16e+01
 102 -6.404601081234e+12 -6.499927453694e+12 4.11e+01
 103 -6.404623485458e+12 -6.499965572011e+12 4.06e+01
 104 -6.404645406064e+12 -6.500003107081e+12 4.03e+01
 105 -6.404666857392e+12 -6.500040146627e+12 4.16e+01
 106 -6.404687859824e+12 -6.500076740899e+12 4.29e+01
 107 -6.404708484860e+12 -6.500112884783e+12 4.42e+01
 108 -6.404728891170e+12 -6.500148560171e+12 4.55e+01
 109 -6.404749257162e+12 -6.500183784991e+12 4.68e+01
 110 -6.404769677158e+12 -6.500218598201e+12 4.81e+01
 111 -6.404790155785e+12 -6.500253026113e+12 4.94e+01
 112 -6.404810667900e+12 -6.500287084895e+12 5.07e+01
 113 -6.404831207016e+12 -6.500320802057e+12 5.19e+01
 114 -6.404851801240e+12 -6.500354229804e+12 5.30e+01
 115 -6.404872506668e+12 -6.500387444861e+12 5.41e+01
 116 -6.404893389738e+12 -6.500420539291e+12 5.51e+01
 117 -6.404914505172e+12 -6.500453606140e+12 5.60e+01
 118 -6.404935879982e+12 -6.500486724335e+12 5.67e+01
 119 -6.404957517471e+12 -6.500519952602e+12 5.73e+01
 120 -6.404979416982e+12 -6.500553336561e+12 5.77e+01
 121 -6.405001592961e+12 -6.500586917286e+12 5.79e+01
 122 -6.405024086934e+12 -6.500620737069e+12 5.79e+01
 123 -6.405046973372e+12 -6.500654850009e+12 5.77e+01
 124 -6.405070352210e+12 -6.500689331593e+12 5.72e+01
 125 -6.405094332851e+12 -6.500724276857e+12 6.03e+01
 126 -6.405119018676e+12 -6.500759789573e+12 6.40e+01
 127 -6.405144498961e+12 -6.500795972393e+12 6.78e+01
 128 -6.405170852514e+12 -6.500832926585e+12 7.17e+01
 129 -6.405198158143e+12 -6.500870758938e+12 7.58e+01
 130 -6.405226502528e+12 -6.500909588281e+12 7.98e+01
 131 -6.405255982392e+12 -6.500949548999e+12 8.38e+01
 132 -6.405286702355e+12 -6.500990792383e+12 8.78e+01
 133 -6.405318771654e+12 -6.501033488203e+12 9.15e+01
 134 -6.405352304887e+12 -6.501077829313e+12 9.49e+01
 135 -6.405387428771e+12 -6.501124040477e+12 9.80e+01
 136 -6.405424295634e+12 -6.501172392644e+12 1.01e+02
 137 -6.405463107424e+12 -6.501223226234e+12 1.03e+02
 138 -6.405504159241e+12 -6.501276992342e+12 1.04e+02
 139 -6.405547929463e+12 -6.501334339499e+12 1.05e+02
 140 -6.405595263986e+12 -6.501396295722e+12 1.05e+02
 141 -6.405647705189e+12 -6.501464602457e+12 1.10e+02
 142 -6.405708088898e+12 -6.501542253964e+12 1.45e+02
 143 -6.405781372771e+12 -6.501634178325e+12 1.95e+02
 144 -6.405874991612e+12 -6.501747442417e+12 2.58e+02
 145 -6.405997182661e+12 -6.501889180763e+12 3.26e+02
 146 -6.406151537735e+12 -6.502060761053e+12 3.77e+02
 147 -6.406330710529e+12 -6.502252032405e+12 3.84e+02
 148 -6.406515272017e+12 -6.502442385222e+12 3.33e+02
 149 -6.406681297286e+12 -6.502610651976e+12 2.41e+02
 150 -6.406815339076e+12 -6.502749086481e+12 1.45e+02
 151 -6.406919036693e+12 -6.502863335823e+12 7.42e+01
 152 -6.406995160595e+12 -6.502954607984e+12 6.89e+01
 153 -6.407053613859e+12 -6.503030448055e+12 6.53e+01
 154 -6.407102023930e+12 -6.503097205244e+12 6.15e+01
 155 -6.407144474066e+12 -6.503157859686e+12 5.76e+01
 156 -6.407182773296e+12 -6.503213728363e+12 5.37e+01
 157 -6.407217673430e+12 -6.503265496289e+12 4.99e+01
 158 -6.407250349382e+12 -6.503314335769e+12 4.62e+01
 159 -6.407281732766e+12 -6.503361129957e+12 4.28e+01
 160 -6.407312515367e+12 -6.503406610593e+12 3.99e+01
 161 -6.407343212487e+12 -6.503451430532e+12 3.75e+01
 162 -6.407374098123e+12 -6.503495983130e+12 4.12e+01
 163 -6.407405341167e+12 -6.503540467471e+12 5.60e+01
 164 -6.407436817276e+12 -6.503584778468e+12 7.18e+01
 165 -6.407467949657e+12 -6.503628384936e+12 8.54e+01
 166 -6.407497939536e+12 -6.503670534414e+12 9.28e+01
 167 -6.407526211921e+12 -6.503710686719e+12 9.20e+01
 168 -6.407552669875e+12 -6.503748776159e+12 8.38e+01
 169 -6.407577588560e+12 -6.503785117579e+12 7.11e+01
 170 -6.407601366459e+12 -6.503820153109e+12 5.74e+01
 171 -6.407624335517e+12 -6.503854260384e+12 4.50e+01
 172 -6.407646658914e+12 -6.503887654930e+12 3.50e+01
 173 -6.407668345133e+12 -6.503920390284e+12 3.21e+01
 174 -6.407689264918e+12 -6.503952352944e+12 4.06e+01
 175 -6.407709080742e+12 -6.503983176439e+12 4.76e+01
 176 -6.407727320367e+12 -6.504012330572e+12 5.11e+01
 177 -6.407743657927e+12 -6.504039438731e+12 5.03e+01
 178 -6.407758106271e+12 -6.504064482195e+12 4.57e+01
 179 -6.407770935538e+12 -6.504087707298e+12 3.88e+01
 180 -6.407782518804e+12 -6.504109450365e+12 3.14e+01
 181 -6.407793227117e+12 -6.504130029797e+12 2.47e+01
 182 -6.407803373707e+12 -6.504149695984e+12 1.93e+01
 183 -6.407813153064e+12 -6.504168611395e+12 1.76e+01
 184 -6.407822643864e+12 -6.504186852711e+12 1.70e+01
 185 -6.407831858180e+12 -6.504204461007e+12 1.64e+01
 186 -6.407840846181e+12 -6.504221536695e+12 1.58e+01
 187 -6.407849767819e+12 -6.504238288064e+12 1.51e+01
 188 -6.407858820837e+12 -6.504254944199e+12 1.58e+01
 189 -6.407868054455e+12 -6.504271581314e+12 1.79e+01
 190 -6.407877264667e+12 -6.504288010930e+12 2.00e+01
 191 -6.407886101637e+12 -6.504303887722e+12 2.22e+01
 192 -6.407894347496e+12 -6.504318982284e+12 2.45e+01
 193 -6.407902040684e+12 -6.504333313145e+12 2.68e+01
 194 -6.407909364254e+12 -6.504347046095e+12 2.90e+01
 195 -6.407916500581e+12 -6.504360350818e+12 3.10e+01
 196 -6.407923550727e+12 -6.504373330263e+12 3.28e+01
 197 -6.407930536829e+12 -6.504386025496e+12 3.44e+01
 198 -6.407937478595e+12 -6.504398484099e+12 3.56e+01
 199 -6.407944483010e+12 -6.504410837179e+12 3.65e+01
 200 -6.407951725292e+12 -6.504423288041e+12 3.69e+01
 201 -6.407959304891e+12 -6.504435949366e+12 3.70e+01
 202 -6.407967013335e+12 -6.504448621310e+12 3.67e+01
 203 -6.407974369505e+12 -6.504460840070e+12 3.61e+01
 204 -6.407981011168e+12 -6.504472278102e+12 3.51e+01
 205 -6.407986935855e+12 -6.504482970500e+12 3.38e+01
 206 -6.407992354558e+12 -6.504493145018e+12 3.24e+01
 207 -6.407997480656e+12 -6.504503007091e+12 3.08e+01
 208 -6.408002459811e+12 -6.504512673524e+12 2.91e+01
 209 -6.408007379448e+12 -6.504522196008e+12 2.73e+01
 210 -6.408012303147e+12 -6.504531599305e+12 2.55e+01
 211 -6.408017269132e+12 -6.504540895285e+12 2.37e+01
 212 -6.408022272916e+12 -6.504550065276e+12 2.20e+01
 213 -6.408027245291e+12 -6.504559043366e+12 2.03e+01
 214 -6.408032082834e+12 -6.504567742725e+12 1.87e+01
 215 -6.408036713820e+12 -6.504576113313e+12 1.72e+01
 216 -6.408041133102e+12 -6.504584171358e+12 1.58e+01
 217 -6.408045386544e+12 -6.504591975582e+12 1.45e+01
 218 -6.408049521534e+12 -6.504599583140e+12 1.33e+01
 219 -6.408053568978e+12 -6.504607023469e+12 1.22e+01
 220 -6.408057544650e+12 -6.504614300904e+12 1.11e+01
 221 -6.408061464790e+12 -6.504621415196e+12 1.02e+01
 222 -6.408065364183e+12 -6.504628382501e+12 9.66e+00
 223 -6.408069302319e+12 -6.504635244762e+12 9.45e+00
 224 -6.408073355283e+12 -6.504642062852e+12 9.24e+00
 225 -6.408077592876e+12 -6.504648895806e+12 9.02e+00
 226 -6.408082053846e+12 -6.504655778502e+12 8.80e+00
 227 -6.408086734548e+12 -6.504662715489e+12 8.56e+00
 228 -6.408091605746e+12 -6.504669697964e+12 8.33e+00
 229 -6.408096637705e+12 -6.504676725417e+12 8.09e+00
 230 -6.408101811149e+12 -6.504683802325e+12 7.92e+00
 231 -6.408107111713e+12 -6.504690917092e+12 7.80e+00
 232 -6.408112532215e+12 -6.504698047155e+12 7.69e+00
 233 -6.408118073166e+12 -6.504705183057e+12 8.58e+00
 234 -6.408123721066e+12 -6.504712323935e+12 9.59e+00
 235 -6.408129433769e+12 -6.504719458863e+12 1.06e+01
 236 -6.408135158293e+12 -6.504726575879e+12 1.16e+01
 237 -6.408140874443e+12 -6.504733699742e+12 1.26e+01
 238 -6.408146629110e+12 -6.504740925086e+12 1.34e+01
 239 -6.408152522254e+12 -6.504748403427e+12 1.42e+01
 240 -6.408158622831e+12 -6.504756252728e+12 1.48e+01
 241 -6.408164835349e+12 -6.504764405376e+12 1.52e+01
 242 -6.408170849415e+12 -6.504772533917e+12 1.53e+01
 243 -6.408176326738e+12 -6.504780220845e+12 1.74e+01
 244 -6.408181123330e+12 -6.504787234490e+12 1.71e+01
 245 -6.408185312730e+12 -6.504793594438e+12 1.47e+01
 246 -6.408189045841e+12 -6.504799433223e+12 1.40e+01
 247 -6.408192446954e+12 -6.504804874239e+12 1.33e+01
 248 -6.408195597606e+12 -6.504810002952e+12 1.25e+01
 249 -6.408198554721e+12 -6.504814880987e+12 1.16e+01
 250 -6.408201363283e+12 -6.504819558559e+12 1.06e+01
 251 -6.408204060903e+12 -6.504824077647e+12 9.73e+00
 252 -6.408206676333e+12 -6.504828471831e+12 8.83e+00
 253 -6.408209231444e+12 -6.504832766324e+12 7.98e+00
 254 -6.408211742021e+12 -6.504836978684e+12 7.18e+00
 255 -6.408214217673e+12 -6.504841120235e+12 6.43e+00
 256 -6.408216665068e+12 -6.504845198308e+12 5.76e+00
 257 -6.408219088090e+12 -6.504849218074e+12 5.23e+00
 258 -6.408221492701e+12 -6.504853182555e+12 5.09e+00
 259 -6.408223878201e+12 -6.504857092059e+12 4.94e+00
 260 -6.408226246971e+12 -6.504860945315e+12 4.80e+00
 261 -6.408228600629e+12 -6.504864741874e+12 4.66e+00
 262 -6.408230941970e+12 -6.504868483651e+12 4.52e+00
 263 -6.408233274172e+12 -6.504872174942e+12 4.38e+00
 264 -6.408235601868e+12 -6.504875821743e+12 4.24e+00
 265 -6.408237926873e+12 -6.504879431400e+12 4.16e+00
 266 -6.408240251231e+12 -6.504883012703e+12 4.09e+00
 267 -6.408242578505e+12 -6.504886575850e+12 4.02e+00
 268 -6.408244913457e+12 -6.504890131483e+12 3.95e+00
 269 -6.408247263082e+12 -6.504893688346e+12 3.88e+00
 270 -6.408249632722e+12 -6.504897249913e+12 4.21e+00
 271 -6.408252025721e+12 -6.504900811572e+12 4.96e+00
 272 -6.408254438182e+12 -6.504904360735e+12 5.76e+00
 273 -6.408256859203e+12 -6.504907881176e+12 6.57e+00
 274 -6.408259277340e+12 -6.504911358774e+12 7.34e+00
 275 -6.408261680322e+12 -6.504914783635e+12 8.02e+00
 276 -6.408264055260e+12 -6.504918148405e+12 8.55e+00
 277 -6.408266389117e+12 -6.504921446864e+12 8.89e+00
 278 -6.408268671368e+12 -6.504924674458e+12 9.01e+00
 279 -6.408270895636e+12 -6.504927829362e+12 8.90e+00
 280 -6.408273060486e+12 -6.504930912858e+12 8.58e+00
 281 -6.408275167414e+12 -6.504933929114e+12 8.09e+00
 282 -6.408277219304e+12 -6.504936885103e+12 7.46e+00
 283 -6.408279220704e+12 -6.504939791176e+12 6.76e+00
 284 -6.408281181458e+12 -6.504942662478e+12 6.03e+00
 285 -6.408283121918e+12 -6.504945521569e+12 5.71e+00
 286 -6.408285071689e+12 -6.504948402924e+12 5.74e+00
 287 -6.408287069153e+12 -6.504951358044e+12 5.75e+00
 288 -6.408289161681e+12 -6.504954456584e+12 5.75e+00
 289 -6.408291395074e+12 -6.504957772751e+12 5.74e+00
 290 -6.408293782874e+12 -6.504961343543e+12 5.72e+00
 291 -6.408296269323e+12 -6.504965108835e+12 7.52e+00
 292 -6.408298730120e+12 -6.504968894897e+12 9.72e+00
 293 -6.408301042812e+12 -6.504972497576e+12 1.10e+01
 294 -6.408303167001e+12 -6.504975802671e+12 1.10e+01
 295 -6.408305151371e+12 -6.504978822854e+12 9.81e+00
 296 -6.408307081124e+12 -6.504981642886e+12 7.99e+00
 297 -6.408309034881e+12 -6.504984352721e+12 6.11e+00
 298 -6.408311058943e+12 -6.504987014326e+12 5.08e+00
 299 -6.408313158422e+12 -6.504989657603e+12 4.97e+00
 300 -6.408315308426e+12 -6.504992289649e+12 4.84e+00
 301 -6.408317470996e+12 -6.504994908197e+12 4.71e+00
 302 -6.408319610669e+12 -6.504997511835e+12 4.58e+00
 303 -6.408321702359e+12 -6.505000101695e+12 4.44e+00
 304 -6.408323729831e+12 -6.505002675745e+12 4.30e+00
 305 -6.408325680327e+12 -6.505005223098e+12 4.16e+00
 306 -6.408327540788e+12 -6.505007724731e+12 4.66e+00
 307 -6.408329298142e+12 -6.505010159260e+12 5.24e+00
 308 -6.408330941154e+12 -6.505012508196e+12 5.60e+00
 309 -6.408332464670e+12 -6.505014758720e+12 5.71e+00
 310 -6.408333872775e+12 -6.505016905669e+12 5.55e+00
 311 -6.408335179409e+12 -6.505018953169e+12 5.17e+00
 312 -6.408336405920e+12 -6.505020914238e+12 4.65e+00
 313 -6.408337576893e+12 -6.505022807928e+12 4.06e+00
 314 -6.408338717849e+12 -6.505024655955e+12 3.46e+00
 315 -6.408339854405e+12 -6.505026480661e+12 3.21e+00
 316 -6.408341013871e+12 -6.505028304528e+12 3.14e+00
 317 -6.408342226104e+12 -6.505030150054e+12 3.08e+00
 318 -6.408343521316e+12 -6.505032038036e+12 3.04e+00
 319 -6.408344921552e+12 -6.505033982210e+12 3.01e+00
 320 -6.408346427195e+12 -6.505035980479e+12 2.98e+00
 321 -6.408348005576e+12 -6.505038008613e+12 2.95e+00
 322 -6.408349597603e+12 -6.505040025788e+12 2.92e+00
 323 -6.408351142354e+12 -6.505041992407e+12 2.94e+00
 324 -6.408352602919e+12 -6.505043886390e+12 2.86e+00
 325 -6.408353967724e+12 -6.505045705704e+12 2.83e+00
 326 -6.408355246641e+12 -6.505047460127e+12 2.80e+00
 327 -6.408356455846e+12 -6.505049162217e+12 2.77e+00
 328 -6.408357610508e+12 -6.505050822525e+12 2.74e+00
 329 -6.408358722017e+12 -6.505052448464e+12 2.71e+00
 330 -6.408359797570e+12 -6.505054044752e+12 2.68e+00
 331 -6.408360840994e+12 -6.505055614167e+12 2.65e+00
 332 -6.408361854155e+12 -6.505057158283e+12 2.62e+00
 333 -6.408362838291e+12 -6.505058678297e+12 2.59e+00
 334 -6.408363795323e+12 -6.505060176008e+12 2.56e+00
 335 -6.408364728927e+12 -6.505061654803e+12 2.53e+00
 336 -6.408365645403e+12 -6.505063120372e+12 2.50e+00
 337 -6.408366554182e+12 -6.505064581094e+12 2.47e+00
 338 -6.408367468298e+12 -6.505066048532e+12 2.44e+00
 339 -6.408368405083e+12 -6.505067538677e+12 2.41e+00
 340 -6.408369386801e+12 -6.505069074043e+12 2.38e+00
 341 -6.408370439896e+12 -6.505070685167e+12 2.35e+00
 342 -6.408371590220e+12 -6.505072407965e+12 2.32e+00
 343 -6.408372850344e+12 -6.505074272229e+12 3.02e+00
 344 -6.408374201279e+12 -6.505076280820e+12 4.29e+00
 345 -6.408375583640e+12 -6.505078391294e+12 5.64e+00
 346 -6.408376914467e+12 -6.505080520296e+12 6.76e+00
 347 -6.408378122529e+12 -6.505082575976e+12 7.36e+00
 348 -6.408379175449e+12 -6.505084495073e+12 7.31e+00
 349 -6.408380081938e+12 -6.505086258098e+12 6.69e+00
 350 -6.408380874389e+12 -6.505087880264e+12 5.74e+00
 351 -6.408381586629e+12 -6.505089393055e+12 4.70e+00
 352 -6.408382249375e+12 -6.505090829241e+12 3.73e+00
 353 -6.408382883740e+12 -6.505092215262e+12 2.91e+00
 354 -6.408383502396e+12 -6.505093569295e+12 2.26e+00
 355 -6.408384112243e+12 -6.505094902271e+12 1.94e+00
 356 -6.408384716701e+12 -6.505096219898e+12 1.91e+00
 357 -6.408385317373e+12 -6.505097524697e+12 1.89e+00
 358 -6.408385915128e+12 -6.505098817662e+12 1.86e+00
 359 -6.408386510495e+12 -6.505100099351e+12 1.83e+00
 360 -6.408387103949e+12 -6.505101370363e+12 1.81e+00
 361 -6.408387695422e+12 -6.505102631419e+12 1.95e+00
 362 -6.408388284972e+12 -6.505103883391e+12 2.22e+00
 363 -6.408388874059e+12 -6.505105127455e+12 2.51e+00
 364 -6.408389462514e+12 -6.505106365305e+12 2.82e+00
 365 -6.408390050214e+12 -6.505107599260e+12 3.17e+00
 366 -6.408390639203e+12 -6.505108832223e+12 3.53e+00
 367 -6.408391232255e+12 -6.505110067537e+12 3.91e+00
 368 -6.408391833027e+12 -6.505111308870e+12 4.30e+00
 369 -6.408392446104e+12 -6.505112560180e+12 4.69e+00
 370 -6.408393077514e+12 -6.505113825808e+12 5.08e+00
 371 -6.408393735402e+12 -6.505115110671e+12 5.46e+00
 372 -6.408394430835e+12 -6.505116420492e+12 5.82e+00
 373 -6.408395177243e+12 -6.505117761930e+12 6.14e+00
 374 -6.408395991611e+12 -6.505119142232e+12 6.43e+00
 375 -6.408396891194e+12 -6.505120567803e+12 6.66e+00
 376 -6.408397887489e+12 -6.505122041231e+12 6.85e+00
 377 -6.408398979622e+12 -6.505123557403e+12 6.97e+00
 378 -6.408400148572e+12 -6.505125101197e+12 7.04e+00
 379 -6.408401358941e+12 -6.505126649738e+12 7.05e+00
 380 -6.408402569728e+12 -6.505128179405e+12 7.01e+00
 381 -6.408403746776e+12 -6.505129673526e+12 6.92e+00
 382 -6.408404871864e+12 -6.505131125994e+12 6.79e+00
 383 -6.408405942642e+12 -6.505132539779e+12 6.63e+00
 384 -6.408406967534e+12 -6.505133922969e+12 6.44e+00
 385 -6.408407959892e+12 -6.505135285253e+12 6.23e+00
 386 -6.408408933973e+12 -6.505136635934e+12 6.01e+00
 387 -6.408409902278e+12 -6.505137983064e+12 5.78e+00
 388 -6.408410874035e+12 -6.505139332820e+12 5.55e+00
 389 -6.408411854654e+12 -6.505140688581e+12 5.32e+00
 390 -6.408412843656e+12 -6.505142049778e+12 5.10e+00
 391 -6.408413836806e+12 -6.505143411203e+12 4.88e+00
 392 -6.408414826995e+12 -6.505144763674e+12 4.68e+00
 393 -6.408415807101e+12 -6.505146096392e+12 4.48e+00
 394 -6.408416772710e+12 -6.505147400164e+12 4.30e+00
 395 -6.408417723872e+12 -6.505148669926e+12 4.17e+00
 396 -6.408418664265e+12 -6.505149905355e+12 4.29e+00
 397 -6.408419598940e+12 -6.505151109625e+12 4.42e+00
 398 -6.408420531454e+12 -6.505152287302e+12 4.55e+00
 399 -6.408421462110e+12 -6.505153442517e+12 4.68e+00
 400 -6.408422388153e+12 -6.505154577974e+12 4.81e+00
 401 -6.408423304449e+12 -6.505155694681e+12 4.94e+00
 402 -6.408424204622e+12 -6.505156792071e+12 5.07e+00
 403 -6.408425082777e+12 -6.505157868396e+12 5.19e+00
 404 -6.408425934096e+12 -6.505158921492e+12 5.32e+00
 405 -6.408426755795e+12 -6.505159949758e+12 5.44e+00
 406 -6.408427547560e+12 -6.505160952911e+12 5.56e+00
 407 -6.408428311338e+12 -6.505161932154e+12 5.68e+00
 408 -6.408429050628e+12 -6.505162889780e+12 5.79e+00
 409 -6.408429769590e+12 -6.505163828475e+12 5.90e+00
 410 -6.408430471844e+12 -6.505164750672e+12 6.01e+00
 411 -6.408431160472e+12 -6.505165658214e+12 6.11e+00
 412 -6.408431838233e+12 -6.505166552384e+12 6.21e+00
 413 -6.408432507504e+12 -6.505167434098e+12 6.30e+00
 414 -6.408433170459e+12 -6.505168304092e+12 6.39e+00
 415 -6.408433829202e+12 -6.505169163060e+12 6.47e+00
 416 -6.408434485300e+12 -6.505170011810e+12 6.55e+00
 417 -6.408435139423e+12 -6.505170851486e+12 6.62e+00
 418 -6.408435793042e+12 -6.505171683766e+12 6.69e+00
 419 -6.408436444146e+12 -6.505172510918e+12 6.74e+00
 420 -6.408437090908e+12 -6.505173335540e+12 6.79e+00
 421 -6.408437731949e+12 -6.505174159968e+12 6.84e+00
 422 -6.408438365393e+12 -6.505174985458e+12 6.88e+00
 423 -6.408438988905e+12 -6.505175811435e+12 6.91e+00
 424 -6.408439598920e+12 -6.505176635106e+12 6.93e+00
 425 -6.408440190976e+12 -6.505177451744e+12 6.95e+00
 426 -6.408440760649e+12 -6.505178255762e+12 6.96e+00
 427 -6.408441304819e+12 -6.505179042267e+12 6.96e+00
 428 -6.408441822792e+12 -6.505179808340e+12 6.95e+00
 429 -6.408442316545e+12 -6.505180553453e+12 6.94e+00
 430 -6.408442790064e+12 -6.505181279027e+12 6.92e+00
 431 -6.408443248393e+12 -6.505181987626e+12 6.90e+00
 432 -6.408443697492e+12 -6.505182682194e+12 6.87e+00
 433 -6.408444141409e+12 -6.505183365554e+12 6.83e+00
 434 -6.408444583325e+12 -6.505184040151e+12 6.79e+00
 435 -6.408445026002e+12 -6.505184707995e+12 6.74e+00
 436 -6.408445471787e+12 -6.505185370700e+12 6.68e+00
 437 -6.408445922479e+12 -6.505186029567e+12 6.62e+00
 438 -6.408446379373e+12 -6.505186685662e+12 6.56e+00
 439 -6.408446843509e+12 -6.505187339858e+12 6.49e+00
 440 -6.408447315737e+12 -6.505187992844e+12 6.42e+00
 441 -6.408447796834e+12 -6.505188645107e+12 6.35e+00
 442 -6.408448287348e+12 -6.505189296921e+12 6.27e+00
 443 -6.408448788170e+12 -6.505189948368e+12 6.19e+00
 444 -6.408449300037e+12 -6.505190599405e+12 6.10e+00
 445 -6.408449823749e+12 -6.505191249981e+12 6.01e+00
 446 -6.408450360802e+12 -6.505191900180e+12 5.93e+00
 447 -6.408450913641e+12 -6.505192550366e+12 5.84e+00
 448 -6.408451484801e+12 -6.505193201248e+12 5.74e+00
 449 -6.408452077441e+12 -6.505193853841e+12 5.65e+00
 450 -6.408452694408e+12 -6.505194509254e+12 5.56e+00
 451 -6.408453337365e+12 -6.505195168345e+12 5.46e+00
 452 -6.408454005849e+12 -6.505195831364e+12 5.37e+00
 453 -6.408454697137e+12 -6.505196497811e+12 5.28e+00
 454 -6.408455406890e+12 -6.505197166656e+12 5.18e+00
 455 -6.408456130445e+12 -6.505197836913e+12 5.09e+00
 456 -6.408456864697e+12 -6.505198508255e+12 5.00e+00
 457 -6.408457610109e+12 -6.505199181350e+12 4.91e+00
 458 -6.408458367428e+12 -6.505199857756e+12 4.82e+00
 459 -6.408459139441e+12 -6.505200539458e+12 4.75e+00
 460 -6.408459931108e+12 -6.505201228280e+12 4.90e+00
 461 -6.408460744765e+12 -6.505201925381e+12 5.06e+00
 462 -6.408461582456e+12 -6.505202631013e+12 5.22e+00
 463 -6.408462444814e+12 -6.505203344568e+12 5.37e+00
 464 -6.408463331281e+12 -6.505204064834e+12 5.53e+00
 465 -6.408464240525e+12 -6.505204790258e+12 5.68e+00
 466 -6.408465170686e+12 -6.505205519122e+12 5.83e+00
 467 -6.408466119243e+12 -6.505206249595e+12 5.97e+00
 468 -6.408467082968e+12 -6.505206979734e+12 6.12e+00
 469 -6.408468057915e+12 -6.505207707502e+12 6.26e+00
 470 -6.408469039772e+12 -6.505208430819e+12 6.39e+00
 471 -6.408470023621e+12 -6.505209147664e+12 6.52e+00
 472 -6.408471003625e+12 -6.505209856199e+12 6.64e+00
 473 -6.408471974997e+12 -6.505210554886e+12 6.76e+00
 474 -6.408472933453e+12 -6.505211242578e+12 6.87e+00
 475 -6.408473875627e+12 -6.505211918560e+12 6.97e+00
 476 -6.408474799696e+12 -6.505212582534e+12 7.07e+00
 477 -6.408475704384e+12 -6.505213234559e+12 7.15e+00
 478 -6.408476588030e+12 -6.505213874951e+12 7.23e+00
 479 -6.408477450726e+12 -6.505214504181e+12 7.30e+00
 480 -6.408478293202e+12 -6.505215122787e+12 7.37e+00
 481 -6.408479116674e+12 -6.505215731322e+12 7.42e+00
 482 -6.408479924023e+12 -6.505216330321e+12 7.46e+00
 483 -6.408480716320e+12 -6.505216920308e+12 7.50e+00
 484 -6.408481494735e+12 -6.505217501791e+12 7.52e+00
 485 -6.408482261314e+12 -6.505218075264e+12 7.54e+00
 486 -6.408483018040e+12 -6.505218641215e+12 7.55e+00
 487 -6.408483766308e+12 -6.505219200140e+12 7.55e+00
 488 -6.408484507731e+12 -6.505219752569e+12 7.54e+00
 489 -6.408485243944e+12 -6.505220299100e+12 7.52e+00
 490 -6.408485976140e+12 -6.505220840427e+12 7.49e+00
 491 -6.408486705816e+12 -6.505221377333e+12 7.45e+00
 492 -6.408487434221e+12 -6.505221910660e+12 7.41e+00
 493 -6.408488162532e+12 -6.505222441254e+12 7.36e+00
 494 -6.408488891978e+12 -6.505222969887e+12 7.30e+00
 495 -6.408489623359e+12 -6.505223497188e+12 7.23e+00
 496 -6.408490357436e+12 -6.505224023588e+12 7.16e+00
 497 -6.408491094744e+12 -6.505224549301e+12 7.08e+00
 498 -6.408491835689e+12 -6.505225074335e+12 6.99e+00
 499 -6.408492580634e+12 -6.505225598537e+12 6.90e+00
 500 -6.408493329689e+12 -6.505226121665e+12 6.81e+00
 501 -6.408494083006e+12 -6.505226643452e+12 6.71e+00
 502 -6.408494840822e+12 -6.505227163667e+12 6.60e+00
 503 -6.408495603183e+12 -6.505227682136e+12 6.50e+00
 504 -6.408496370124e+12 -6.505228198735e+12 6.39e+00
 505 -6.408497141487e+12 -6.505228713336e+12 6.27e+00
 506 -6.408497916904e+12 -6.505229225740e+12 6.16e+00
 507 -6.408498695743e+12 -6.505229735602e+12 6.04e+00
 508 -6.408499477150e+12 -6.505230242391e+12 5.92e+00
 509 -6.408500260264e+12 -6.505230745408e+12 5.80e+00
 510 -6.408501043921e+12 -6.505231243870e+12 5.67e+00
 511 -6.408501827408e+12 -6.505231737023e+12 5.55e+00
 512 -6.408502609974e+12 -6.505232224256e+12 5.43e+00
 513 -6.408503391179e+12 -6.505232705146e+12 5.30e+00
 514 -6.408504170506e+12 -6.505233179410e+12 5.18e+00
 515 -6.408504946979e+12 -6.505233646802e+12 5.06e+00
 516 -6.408505718561e+12 -6.505234106981e+12 4.93e+00
 517 -6.408506482134e+12 -6.505234559458e+12 4.81e+00
 518 -6.408507233683e+12 -6.505235003646e+12 4.69e+00
 519 -6.408507968612e+12 -6.505235439019e+12 4.57e+00
 520 -6.408508682720e+12 -6.505235865333e+12 4.45e+00
 521 -6.408509372432e+12 -6.505236282794e+12 4.34e+00
 522 -6.408510035576e+12 -6.505236692132e+12 4.22e+00
 523 -6.408510671753e+12 -6.505237094528e+12 4.11e+00
 524 -6.408511282016e+12 -6.505237491431e+12 4.00e+00
 525 -6.408511868361e+12 -6.505237884311e+12 3.89e+00
 526 -6.408512433154e+12 -6.505238274412e+12 3.78e+00
 527 -6.408512978716e+12 -6.505238662553e+12 3.67e+00
 528 -6.408513506986e+12 -6.505239049019e+12 3.62e+00
 529 -6.408514018713e+12 -6.505239433571e+12 3.62e+00
 530 -6.408514514082e+12 -6.505239815576e+12 3.62e+00
 531 -6.408514992890e+12 -6.505240194224e+12 3.62e+00
 532 -6.408515455000e+12 -6.505240568785e+12 3.62e+00
 533 -6.408515900621e+12 -6.505240938831e+12 3.62e+00
 534 -6.408516330879e+12 -6.505241304371e+12 3.62e+00
 535 -6.408516747587e+12 -6.505241665890e+12 3.62e+00
 536 -6.408517153498e+12 -6.505242024298e+12 3.62e+00
 537 -6.408517551816e+12 -6.505242380824e+12 3.62e+00
 538 -6.408517946644e+12 -6.505242736881e+12 3.62e+00
 539 -6.408518342179e+12 -6.505243093926e+12 3.61e+00
 540 -6.408518742550e+12 -6.505243453326e+12 3.62e+00
 541 -6.408519151577e+12 -6.505243816220e+12 3.62e+00
 542 -6.408519572317e+12 -6.505244183393e+12 3.63e+00
 543 -6.408520006647e+12 -6.505244555156e+12 3.63e+00
 544 -6.408520454929e+12 -6.505244931254e+12 3.64e+00
 545 -6.408520915989e+12 -6.505245310829e+12 3.64e+00
 546 -6.408521387103e+12 -6.505245692460e+12 3.65e+00
 547 -6.408521864202e+12 -6.505246074278e+12 3.65e+00
 548 -6.408522342317e+12 -6.505246454157e+12 3.66e+00
 549 -6.408522816133e+12 -6.505246829936e+12 3.66e+00
 550 -6.408523280585e+12 -6.505247199616e+12 3.66e+00
 551 -6.408523731202e+12 -6.505247561527e+12 3.66e+00
 552 -6.408524164483e+12 -6.505247914406e+12 3.67e+00
 553 -6.408524578001e+12 -6.505248257417e+12 3.67e+00
 554 -6.408524970387e+12 -6.505248590130e+12 3.67e+00
 555 -6.408525341291e+12 -6.505248912466e+12 3.67e+00
 556 -6.408525691052e+12 -6.505249224641e+12 3.67e+00
 557 -6.408526020677e+12 -6.505249527106e+12 3.67e+00
 558 -6.408526331606e+12 -6.505249820492e+12 3.67e+00
 559 -6.408526625576e+12 -6.505250105549e+12 3.67e+00
 560 -6.408526904632e+12 -6.505250383083e+12 3.67e+00
 561 -6.408527171062e+12 -6.505250653895e+12 3.67e+00
 562 -6.408527426679e+12 -6.505250918735e+12 3.67e+00
 563 -6.408527673299e+12 -6.505251178275e+12 3.67e+00
 564 -6.408527912751e+12 -6.505251433109e+12 3.67e+00
 565 -6.408528146798e+12 -6.505251683773e+12 3.67e+00
 566 -6.408528377068e+12 -6.505251930758e+12 3.66e+00
 567 -6.408528605028e+12 -6.505252174523e+12 3.66e+00
 568 -6.408528832019e+12 -6.505252415494e+12 3.66e+00
 569 -6.408529059190e+12 -6.505252654060e+12 3.66e+00
 570 -6.408529287594e+12 -6.505252890576e+12 3.66e+00
 571 -6.408529518132e+12 -6.505253125367e+12 3.65e+00
 572 -6.408529751608e+12 -6.505253358734e+12 3.65e+00
 573 -6.408529988765e+12 -6.505253590962e+12 3.65e+00
 574 -6.408530231556e+12 -6.505253822308e+12 3.64e+00
 575 -6.408530480914e+12 -6.505254052997e+12 3.64e+00
 576 -6.408530735058e+12 -6.505254283204e+12 3.63e+00
 577 -6.408530994281e+12 -6.505254513048e+12 3.63e+00
 578 -6.408531258620e+12 -6.505254742584e+12 3.63e+00
 579 -6.408531528031e+12 -6.505254971807e+12 3.62e+00
 580 -6.408531802413e+12 -6.505255200660e+12 3.62e+00
 581 -6.408532081490e+12 -6.505255429038e+12 3.61e+00
 582 -6.408532364950e+12 -6.505255656802e+12 3.61e+00
 583 -6.408532652325e+12 -6.505255883781e+12 3.60e+00
 584 -6.408532943143e+12 -6.505256109782e+12 3.60e+00
 585 -6.408533236876e+12 -6.505256334592e+12 3.59e+00
 586 -6.408533532950e+12 -6.505256557988e+12 3.58e+00
 587 -6.408533830804e+12 -6.505256779746e+12 3.58e+00
 588 -6.408534129911e+12 -6.505256999651e+12 3.57e+00
 589 -6.408534429637e+12 -6.505257217513e+12 3.56e+00
 590 -6.408534729433e+12 -6.505257433175e+12 3.56e+00
 591 -6.408535028751e+12 -6.505257646522e+12 3.55e+00
 592 -6.408535327127e+12 -6.505257857491e+12 3.54e+00
 593 -6.408535624232e+12 -6.505258066065e+12 3.54e+00
 594 -6.408535919921e+12 -6.505258272272e+12 3.53e+00
 595 -6.408536214138e+12 -6.505258476186e+12 3.52e+00
 596 -6.408536506195e+12 -6.505258677911e+12 3.51e+00
 597 -6.408536796053e+12 -6.505258877584e+12 3.51e+00
 598 -6.408537083653e+12 -6.505259075362e+12 3.50e+00
 599 -6.408537368942e+12 -6.505259271424e+12 3.49e+00
 600 -6.408537651948e+12 -6.505259465964e+12 3.48e+00
 601 -6.408537932764e+12 -6.505259659191e+12 3.47e+00
 602 -6.408538211521e+12 -6.505259851326e+12 3.46e+00
 603 -6.408538488421e+12 -6.505260042602e+12 3.46e+00
 604 -6.408538763766e+12 -6.505260233267e+12 3.45e+00
 605 -6.408539037707e+12 -6.505260423580e+12 3.44e+00
 606 -6.408539310676e+12 -6.505260613817e+12 3.43e+00
 607 -6.408539583122e+12 -6.505260804269e+12 3.42e+00
 608 -6.408539855551e+12 -6.505260995247e+12 3.41e+00
 609 -6.408540128613e+12 -6.505261187081e+12 3.40e+00
 610 -6.408540403149e+12 -6.505261380116e+12 3.39e+00
 611 -6.408540679839e+12 -6.505261574710e+12 3.38e+00
 612 -6.408540959440e+12 -6.505261771220e+12 3.37e+00
 613 -6.408541242693e+12 -6.505261969989e+12 3.36e+00
 614 -6.408541530172e+12 -6.505262171321e+12 3.35e+00
 615 -6.408541822338e+12 -6.505262375458e+12 3.35e+00
 616 -6.408542119477e+12 -6.505262582557e+12 3.34e+00
 617 -6.408542421677e+12 -6.505262792661e+12 3.33e+00
 618 -6.408542728899e+12 -6.505263005690e+12 3.32e+00
 619 -6.408543040582e+12 -6.505263221428e+12 3.31e+00
 620 -6.408543356087e+12 -6.505263439531e+12 3.30e+00
 621 -6.408543674676e+12 -6.505263659544e+12 3.29e+00
 622 -6.408543995408e+12 -6.505263880932e+12 3.28e+00
 623 -6.408544317290e+12 -6.505264103107e+12 3.27e+00
 624 -6.408544639330e+12 -6.505264325468e+12 3.26e+00
 625 -6.408544960566e+12 -6.505264547435e+12 3.24e+00
 626 -6.408545280128e+12 -6.505264768469e+12 3.23e+00
 627 -6.408545597366e+12 -6.505264988094e+12 3.22e+00
 628 -6.408545911465e+12 -6.505265205905e+12 3.21e+00
 629 -6.408546221881e+12 -6.505265421569e+12 3.20e+00
 630 -6.408546528205e+12 -6.505265634822e+12 3.19e+00
 631 -6.408546830036e+12 -6.505265845462e+12 3.18e+00
 632 -6.408547127080e+12 -6.505266053337e+12 3.17e+00
 633 -6.408547419132e+12 -6.505266258339e+12 3.16e+00
 634 -6.408547706032e+12 -6.505266460394e+12 3.15e+00
 635 -6.408547987615e+12 -6.505266659454e+12 3.14e+00
 636 -6.408548263811e+12 -6.505266855497e+12 3.12e+00
 637 -6.408548534586e+12 -6.505267048523e+12 3.11e+00
 638 -6.408548799896e+12 -6.505267238549e+12 3.10e+00
 639 -6.408549059791e+12 -6.505267425613e+12 3.09e+00
 640 -6.408549314351e+12 -6.505267609764e+12 3.08e+00
 641 -6.408549563678e+12 -6.505267791064e+12 3.06e+00
 642 -6.408549807971e+12 -6.505267969577e+12 3.05e+00
 643 -6.408550047407e+12 -6.505268145370e+12 3.04e+00
 644 -6.408550282127e+12 -6.505268318511e+12 3.03e+00
 645 -6.408550512378e+12 -6.505268489068e+12 3.02e+00
 646 -6.408550738431e+12 -6.505268657120e+12 3.00e+00
 647 -6.408550960713e+12 -6.505268822757e+12 2.99e+00
 648 -6.408551179350e+12 -6.505268986091e+12 2.98e+00
 649 -6.408551394640e+12 -6.505269147260e+12 2.97e+00
 650 -6.408551606967e+12 -6.505269306435e+12 2.95e+00
 651 -6.408551816766e+12 -6.505269463819e+12 2.94e+00
 652 -6.408552024557e+12 -6.505269619645e+12 2.93e+00
 653 -6.408552230792e+12 -6.505269774170e+12 2.92e+00
 654 -6.408552435915e+12 -6.505269927670e+12 2.90e+00
 655 -6.408552640469e+12 -6.505270080423e+12 2.89e+00
 656 -6.408552844890e+12 -6.505270232701e+12 2.88e+00
 657 -6.408553049614e+12 -6.505270384754e+12 2.86e+00
 658 -6.408553255043e+12 -6.505270536801e+12 2.85e+00
 659 -6.408553461538e+12 -6.505270689015e+12 2.84e+00
 660 -6.408553669367e+12 -6.505270841517e+12 2.83e+00
 661 -6.408553878533e+12 -6.505270994369e+12 2.81e+00
 662 -6.408554089043e+12 -6.505271147569e+12 2.80e+00
 663 -6.408554300790e+12 -6.505271301052e+12 2.79e+00
 664 -6.408554513606e+12 -6.505271454692e+12 2.77e+00
 665 -6.408554727161e+12 -6.505271608314e+12 2.76e+00
 666 -6.408554941113e+12 -6.505271761698e+12 2.75e+00
 667 -6.408555154894e+12 -6.505271914602e+12 2.73e+00
 668 -6.408555368034e+12 -6.505272066771e+12 2.72e+00
 669 -6.408555580039e+12 -6.505272217957e+12 2.71e+00
 670 -6.408555790416e+12 -6.505272367929e+12 2.69e+00
 671 -6.408555998729e+12 -6.505272516484e+12 2.68e+00
 672 -6.408556204620e+12 -6.505272663452e+12 2.67e+00
 673 -6.408556407813e+12 -6.505272808701e+12 2.66e+00
 674 -6.408556607981e+12 -6.505272952134e+12 2.64e+00
 675 -6.408556804924e+12 -6.505273093689e+12 2.63e+00
 676 -6.408556998571e+12 -6.505273233335e+12 2.62e+00
 677 -6.408557188939e+12 -6.505273371068e+12 2.60e+00
 678 -6.408557375970e+12 -6.505273506911e+12 2.59e+00
 679 -6.408557559565e+12 -6.505273640907e+12 2.58e+00
 680 -6.408557739807e+12 -6.505273773121e+12 2.56e+00
 681 -6.408557916826e+12 -6.505273903637e+12 2.55e+00
 682 -6.408558090864e+12 -6.505274032559e+12 2.54e+00
 683 -6.408558262054e+12 -6.505274160005e+12 2.53e+00
 684 -6.408558430547e+12 -6.505274286110e+12 2.51e+00
 685 -6.408558596614e+12 -6.505274411016e+12 2.50e+00
 686 -6.408558760452e+12 -6.505274534872e+12 2.49e+00
 687 -6.408558922301e+12 -6.505274657827e+12 2.48e+00
 688 -6.408559082440e+12 -6.505274780023e+12 2.47e+00
 689 -6.408559241077e+12 -6.505274901594e+12 2.45e+00
 690 -6.408559398423e+12 -6.505275022661e+12 2.44e+00
 691 -6.408559554766e+12 -6.505275143334e+12 2.43e+00
 692 -6.408559710222e+12 -6.505275263706e+12 2.42e+00
 693 -6.408559864971e+12 -6.505275383860e+12 2.41e+00
 694 -6.408560019196e+12 -6.505275503869e+12 2.39e+00
 695 -6.408560173096e+12 -6.505275623796e+12 2.38e+00
 696 -6.408560326831e+12 -6.505275743699e+12 2.37e+00
 697 -6.408560480585e+12 -6.505275863624e+12 2.36e+00
 698 -6.408560634516e+12 -6.505275983612e+12 2.35e+00
 699 -6.408560788737e+12 -6.505276103693e+12 2.34e+00
 700 -6.408560943369e+12 -6.505276223884e+12 2.33e+00
 701 -6.408561098506e+12 -6.505276344192e+12 2.32e+00
 702 -6.408561254225e+12 -6.505276464610e+12 2.30e+00
 703 -6.408561410577e+12 -6.505276585122e+12 2.29e+00
 704 -6.408561567616e+12 -6.505276705704e+12 2.28e+00
 705 -6.408561725407e+12 -6.505276826329e+12 2.27e+00
 706 -6.408561884120e+12 -6.505276946967e+12 2.26e+00
 707 -6.408562043736e+12 -6.505277067593e+12 2.25e+00
 708 -6.408562204317e+12 -6.505277188191e+12 2.24e+00
 709 -6.408562365990e+12 -6.505277308752e+12 2.23e+00
 710 -6.408562528487e+12 -6.505277429282e+12 2.22e+00
 711 -6.408562691939e+12 -6.505277549799e+12 2.21e+00
 712 -6.408562856472e+12 -6.505277670339e+12 2.20e+00
 713 -6.408563022265e+12 -6.505277790950e+12 2.19e+00
 714 -6.408563189478e+12 -6.505277911698e+12 2.18e+00
 715 -6.408563358390e+12 -6.505278032660e+12 2.17e+00
 716 -6.408563529146e+12 -6.505278153920e+12 2.16e+00
 717 -6.408563702099e+12 -6.505278275568e+12 2.15e+00
 718 -6.408563877492e+12 -6.505278397686e+12 2.14e+00
 719 -6.408564055133e+12 -6.505278520343e+12 2.13e+00
 720 -6.408564235040e+12 -6.505278643582e+12 2.12e+00
 721 -6.408564417153e+12 -6.505278767413e+12 2.11e+00
 722 -6.408564601323e+12 -6.505278891802e+12 2.10e+00
 723 -6.408564787464e+12 -6.505279016669e+12 2.09e+00
 724 -6.408564975070e+12 -6.505279141887e+12 2.08e+00
 725 -6.408565163607e+12 -6.505279267284e+12 2.07e+00
 726 -6.408565352571e+12 -6.505279392660e+12 2.06e+00
 727 -6.408565541315e+12 -6.505279517793e+12 2.05e+00
 728 -6.408565729279e+12 -6.505279642457e+12 2.04e+00
 729 -6.408565915840e+12 -6.505279766440e+12 2.03e+00
 730 -6.408566100358e+12 -6.505279889556e+12 2.02e+00
 731 -6.408566282375e+12 -6.505280011654e+12 2.02e+00
 732 -6.408566461470e+12 -6.505280132630e+12 2.01e+00
 733 -6.408566637272e+12 -6.505280252419e+12 2.00e+00
 734 -6.408566809466e+12 -6.505280370999e+12 1.99e+00
 735 -6.408566977871e+12 -6.505280488380e+12 1.98e+00
 736 -6.408567142453e+12 -6.505280604597e+12 1.97e+00
 737 -6.408567303130e+12 -6.505280719703e+12 1.96e+00
 738 -6.408567459957e+12 -6.505280833759e+12 1.95e+00
 739 -6.408567613061e+12 -6.505280946824e+12 1.94e+00
 740 -6.408567762507e+12 -6.505281058956e+12 1.93e+00
 741 -6.408567908445e+12 -6.505281170205e+12 1.92e+00
 742 -6.408568051039e+12 -6.505281280610e+12 1.91e+00
 743 -6.408568190543e+12 -6.505281390199e+12 1.90e+00
 744 -6.408568327071e+12 -6.505281498987e+12 1.89e+00
 745 -6.408568460782e+12 -6.505281606977e+12 1.88e+00
 746 -6.408568591837e+12 -6.505281714161e+12 1.87e+00
 747 -6.408568720406e+12 -6.505281820519e+12 1.86e+00
 748 -6.408568846622e+12 -6.505281926022e+12 1.85e+00
 749 -6.408568970577e+12 -6.505282030637e+12 1.84e+00
 750 -6.408569092363e+12 -6.505282134327e+12 1.83e+00
 751 -6.408569212173e+12 -6.505282237058e+12 1.82e+00
 752 -6.408569330044e+12 -6.505282338804e+12 1.81e+00
 753 -6.408569446073e+12 -6.505282439549e+12 1.80e+00
 754 -6.408569560368e+12 -6.505282539294e+12 1.79e+00
 755 -6.408569673111e+12 -6.505282638062e+12 1.78e+00
 756 -6.408569784474e+12 -6.505282735896e+12 1.77e+00
 757 -6.408569894674e+12 -6.505282832862e+12 1.76e+00
 758 -6.408570003974e+12 -6.505282929053e+12 1.75e+00
 759 -6.408570112674e+12 -6.505283024584e+12 1.74e+00
 760 -6.408570221150e+12 -6.505283119592e+12 1.73e+00
 761 -6.408570329702e+12 -6.505283214236e+12 1.72e+00
 762 -6.408570438737e+12 -6.505283308690e+12 1.71e+00
 763 -6.408570548684e+12 -6.505283403146e+12 1.70e+00
 764 -6.408570660015e+12 -6.505283497806e+12 1.69e+00
 765 -6.408570773218e+12 -6.505283592879e+12 1.68e+00
 766 -6.408570888808e+12 -6.505283688578e+12 1.67e+00
 767 -6.408571007343e+12 -6.505283785116e+12 1.66e+00
 768 -6.408571129277e+12 -6.505283882697e+12 1.65e+00
 769 -6.408571255121e+12 -6.505283981512e+12 1.64e+00
 770 -6.408571385378e+12 -6.505284081737e+12 1.63e+00
 771 -6.408571520441e+12 -6.505284183522e+12 1.62e+00
 772 -6.408571660712e+12 -6.505284286990e+12 1.61e+00
 773 -6.408571806541e+12 -6.505284392230e+12 1.60e+00
 774 -6.408571958206e+12 -6.505284499294e+12 1.59e+00
 775 -6.408572115929e+12 -6.505284608196e+12 1.58e+00
 776 -6.408572279950e+12 -6.505284718908e+12 1.56e+00
 777 -6.408572450212e+12 -6.505284831362e+12 1.55e+00
 778 -6.408572626687e+12 -6.505284945449e+12 1.54e+00
 779 -6.408572809294e+12 -6.505285061023e+12 1.53e+00
 780 -6.408572997855e+12 -6.505285177906e+12 1.52e+00
 781 -6.408573192102e+12 -6.505285295890e+12 1.51e+00
 782 -6.408573391689e+12 -6.505285414747e+12 1.50e+00
 783 -6.408573596256e+12 -6.505285534234e+12 1.49e+00
 784 -6.408573805405e+12 -6.505285654102e+12 1.48e+00
 785 -6.408574018709e+12 -6.505285774106e+12 1.46e+00
 786 -6.408574235762e+12 -6.505285894008e+12 1.45e+00
 787 -6.408574456142e+12 -6.505286013593e+12 1.44e+00
 788 -6.408574679454e+12 -6.505286132670e+12 1.43e+00
 789 -6.408574905300e+12 -6.505286251079e+12 1.42e+00
 790 -6.408575133378e+12 -6.505286368695e+12 1.41e+00
 791 -6.408575363378e+12 -6.505286485434e+12 1.40e+00
 792 -6.408575595072e+12 -6.505286601246e+12 1.38e+00
 793 -6.408575828283e+12 -6.505286716118e+12 1.37e+00
 794 -6.408576062918e+12 -6.505286830067e+12 1.36e+00
 795 -6.408576298970e+12 -6.505286943139e+12 1.35e+00
 796 -6.408576536258e+12 -6.505287055397e+12 1.34e+00
 797 -6.408576774746e+12 -6.505287166918e+12 1.33e+00
 798 -6.408577014411e+12 -6.505287277782e+12 1.32e+00
 799 -6.408577255245e+12 -6.505287388071e+12 1.30e+00
 800 -6.408577497285e+12 -6.505287497855e+12 1.29e+00
 801 -6.408577740492e+12 -6.505287607190e+12 1.28e+00
 802 -6.408577984732e+12 -6.505287716114e+12 1.27e+00
 803 -6.408578229920e+12 -6.505287824644e+12 1.26e+00
 804 -6.408578475895e+12 -6.505287932773e+12 1.25e+00
 805 -6.408578722464e+12 -6.505288040469e+12 1.24e+00
 806 -6.408578969442e+12 -6.505288147680e+12 1.22e+00
 807 -6.408579216614e+12 -6.505288254332e+12 1.23e+00
 808 -6.408579463732e+12 -6.505288360338e+12 1.24e+00
 809 -6.408579710548e+12 -6.505288465597e+12 1.25e+00
 810 -6.408579956761e+12 -6.505288570002e+12 1.26e+00
 811 -6.408580202106e+12 -6.505288673442e+12 1.26e+00
 812 -6.408580446316e+12 -6.505288775812e+12 1.27e+00
 813 -6.408580689130e+12 -6.505288877010e+12 1.27e+00
 814 -6.408580930299e+12 -6.505288976946e+12 1.29e+00
 815 -6.408581169583e+12 -6.505289075542e+12 1.30e+00
 816 -6.408581406755e+12 -6.505289172733e+12 1.32e+00
 817 -6.408581643302e+12 -6.505289268475e+12 1.33e+00
 818 -6.408581879430e+12 -6.505289362736e+12 1.35e+00
 819 -6.408582112603e+12 -6.505289455503e+12 1.36e+00
 820 -6.408582342684e+12 -6.505289546779e+12 1.37e+00
 821 -6.408582569605e+12 -6.505289636582e+12 1.38e+00
 822 -6.408582793226e+12 -6.505289724945e+12 1.40e+00
 823 -6.408583013492e+12 -6.505289811912e+12 1.41e+00
 824 -6.408583230365e+12 -6.505289897536e+12 1.42e+00
 825 -6.408583443861e+12 -6.505289981878e+12 1.43e+00
 826 -6.408583653992e+12 -6.505290065002e+12 1.44e+00
 827 -6.408583860814e+12 -6.505290146975e+12 1.45e+00
 828 -6.408584064340e+12 -6.505290227860e+12 1.46e+00
 829 -6.408584264660e+12 -6.505290307715e+12 1.47e+00
 830 -6.408584461797e+12 -6.505290386591e+12 1.48e+00
 831 -6.408584655821e+12 -6.505290464532e+12 1.49e+00
 832 -6.408584846769e+12 -6.505290541567e+12 1.50e+00
 833 -6.408585034694e+12 -6.505290617718e+12 1.51e+00
 834 -6.408585219638e+12 -6.505290692995e+12 1.51e+00
 835 -6.408585401630e+12 -6.505290767402e+12 1.52e+00
 836 -6.408585580713e+12 -6.505290840933e+12 1.53e+00
 837 -6.408585756928e+12 -6.505290913583e+12 1.53e+00
 838 -6.408585930274e+12 -6.505290985342e+12 1.54e+00
 839 -6.408586100831e+12 -6.505291056204e+12 1.54e+00
 840 -6.408586268677e+12 -6.505291126164e+12 1.55e+00
 841 -6.408586433790e+12 -6.505291195223e+12 1.55e+00
 842 -6.408586596220e+12 -6.505291263386e+12 1.55e+00
 843 -6.408586756032e+12 -6.505291330663e+12 1.56e+00
 844 -6.408586913304e+12 -6.505291397064e+12 1.56e+00
 845 -6.408587068102e+12 -6.505291462606e+12 1.56e+00
 846 -6.408587220551e+12 -6.505291527301e+12 1.56e+00
 847 -6.408587370709e+12 -6.505291591164e+12 1.56e+00
 848 -6.408587518547e+12 -6.505291654205e+12 1.56e+00
 849 -6.408587664084e+12 -6.505291716429e+12 1.56e+00
 850 -6.408587807353e+12 -6.505291777841e+12 1.56e+00
 851 -6.408587948341e+12 -6.505291838438e+12 1.56e+00
 852 -6.408588086959e+12 -6.505291898218e+12 1.55e+00
 853 -6.408588223144e+12 -6.505291957174e+12 1.55e+00
 854 -6.408588356825e+12 -6.505292015300e+12 1.55e+00
 855 -6.408588487944e+12 -6.505292072593e+12 1.54e+00
 856 -6.408588616416e+12 -6.505292129051e+12 1.54e+00
 857 -6.408588742166e+12 -6.505292184678e+12 1.53e+00
 858 -6.408588865131e+12 -6.505292239484e+12 1.53e+00
 859 -6.408588985275e+12 -6.505292293485e+12 1.52e+00
 860 -6.408589102590e+12 -6.505292346704e+12 1.52e+00
 861 -6.408589217093e+12 -6.505292399171e+12 1.51e+00
 862 -6.408589328829e+12 -6.505292450923e+12 1.50e+00
 863 -6.408589437872e+12 -6.505292502000e+12 1.49e+00
 864 -6.408589544323e+12 -6.505292552449e+12 1.49e+00
 865 -6.408589648315e+12 -6.505292602318e+12 1.48e+00
 866 -6.408589749980e+12 -6.505292651661e+12 1.47e+00
 867 -6.408589849469e+12 -6.505292700527e+12 1.46e+00
 868 -6.408589946942e+12 -6.505292748970e+12 1.45e+00
 869 -6.408590042563e+12 -6.505292797040e+12 1.44e+00
 870 -6.408590136525e+12 -6.505292844788e+12 1.43e+00
 871 -6.408590229003e+12 -6.505292892259e+12 1.42e+00
 872 -6.408590320180e+12 -6.505292939500e+12 1.41e+00
 873 -6.408590410246e+12 -6.505292986553e+12 1.39e+00
 874 -6.408590499378e+12 -6.505293033459e+12 1.38e+00
 875 -6.408590587760e+12 -6.505293080256e+12 1.37e+00
 876 -6.408590675555e+12 -6.505293126979e+12 1.36e+00
 877 -6.408590762933e+12 -6.505293173661e+12 1.35e+00
 878 -6.408590850065e+12 -6.505293220331e+12 1.33e+00
 879 -6.408590937083e+12 -6.505293267017e+12 1.32e+00
 880 -6.408591024090e+12 -6.505293313741e+12 1.31e+00
 881 -6.408591111213e+12 -6.505293360523e+12 1.29e+00
 882 -6.408591198650e+12 -6.505293407378e+12 1.28e+00
 883 -6.408591286380e+12 -6.505293454320e+12 1.27e+00
 884 -6.408591374480e+12 -6.505293501356e+12 1.25e+00
 885 -6.408591463027e+12 -6.505293548492e+12 1.24e+00
 886 -6.408591552083e+12 -6.505293595727e+12 1.22e+00
 887 -6.408591641717e+12 -6.505293643059e+12 1.21e+00
 888 -6.408591731951e+12 -6.505293690477e+12 1.19e+00
 889 -6.408591822810e+12 -6.505293737971e+12 1.18e+00
 890 -6.408591914310e+12 -6.505293785522e+12 1.17e+00
 891 -6.408592006448e+12 -6.505293833112e+12 1.15e+00
 892 -6.408592099211e+12 -6.505293880718e+12 1.14e+00
 893 -6.408592192577e+12 -6.505293928315e+12 1.12e+00
 894 -6.408592286514e+12 -6.505293975876e+12 1.11e+00
 895 -6.408592380982e+12 -6.505294023373e+12 1.09e+00
 896 -6.408592475938e+12 -6.505294070776e+12 1.08e+00
 897 -6.408592571341e+12 -6.505294118056e+12 1.06e+00
 898 -6.408592667136e+12 -6.505294165184e+12 1.05e+00
 899 -6.408592763288e+12 -6.505294212130e+12 1.03e+00
 900 -6.408592859737e+12 -6.505294258866e+12 1.02e+00
 901 -6.408592956437e+12 -6.505294305366e+12 1.00e+00
 902 -6.408593053349e+12 -6.505294351605e+12 9.89e-01
 903 -6.408593150454e+12 -6.505294397563e+12 9.74e-01
 904 -6.408593247729e+12 -6.505294443221e+12 9.60e-01
 905 -6.408593345100e+12 -6.505294488565e+12 9.45e-01
 906 -6.408593442559e+12 -6.505294533584e+12 9.31e-01
 907 -6.408593540079e+12 -6.505294578271e+12 9.16e-01
 908 -6.408593637650e+12 -6.505294622623e+12 9.02e-01
 909 -6.408593735212e+12 -6.505294666641e+12 8.88e-01
 910 -6.408593832741e+12 -6.505294710328e+12 8.74e-01
 911 -6.408593930200e+12 -6.505294753690e+12 8.60e-01
 912 -6.408594027556e+12 -6.505294796733e+12 8.46e-01
 913 -6.408594124772e+12 -6.505294839467e+12 8.33e-01
 914 -6.408594221803e+12 -6.505294881901e+12 8.19e-01
 915 -6.408594318610e+12 -6.505294924042e+12 8.06e-01
 916 -6.408594415105e+12 -6.505294965901e+12 7.92e-01
 917 -6.408594511219e+12 -6.505295007483e+12 7.79e-01
 918 -6.408594606880e+12 -6.505295048794e+12 7.66e-01
 919 -6.408594702013e+12 -6.505295089840e+12 7.53e-01
 920 -6.408594796543e+12 -6.505295130623e+12 7.40e-01
 921 -6.408594890390e+12 -6.505295171145e+12 7.28e-01
 922 -6.408594983503e+12 -6.505295211406e+12 7.15e-01
 923 -6.408595075817e+12 -6.505295251408e+12 7.03e-01
 924 -6.408595167303e+12 -6.505295291148e+12 6.91e-01
 925 -6.408595257905e+12 -6.505295330626e+12 6.79e-01
 926 -6.408595347535e+12 -6.505295369842e+12 6.67e-01
 927 -6.408595436158e+12 -6.505295408796e+12 6.55e-01
 928 -6.408595523759e+12 -6.505295447490e+12 6.44e-01
 929 -6.408595610336e+12 -6.505295485925e+12 6.32e-01
 930 -6.408595695913e+12 -6.505295524104e+12 6.21e-01
 931 -6.408595780482e+12 -6.505295562033e+12 6.10e-01
 932 -6.408595864041e+12 -6.505295599718e+12 5.99e-01
 933 -6.408595946621e+12 -6.505295637164e+12 5.88e-01
 934 -6.408596028257e+12 -6.505295674379e+12 5.77e-01
 935 -6.408596108996e+12 -6.505295711370e+12 5.67e-01
 936 -6.408596188903e+12 -6.505295748146e+12 5.56e-01
 937 -6.408596268006e+12 -6.505295784713e+12 5.46e-01
 938 -6.408596346337e+12 -6.505295821077e+12 5.47e-01
 939 -6.408596423939e+12 -6.505295857243e+12 5.57e-01
 940 -6.408596500854e+12 -6.505295893216e+12 5.66e-01
 941 -6.408596577120e+12 -6.505295928998e+12 5.76e-01
 942 -6.408596652772e+12 -6.505295964589e+12 5.86e-01
 943 -6.408596727843e+12 -6.505295999990e+12 5.96e-01
 944 -6.408596802365e+12 -6.505296035198e+12 6.06e-01
 945 -6.408596876357e+12 -6.505296070214e+12 6.16e-01
 946 -6.408596949833e+12 -6.505296105033e+12 6.26e-01
 947 -6.408597022820e+12 -6.505296139656e+12 6.37e-01
 948 -6.408597095330e+12 -6.505296174081e+12 6.47e-01
 949 -6.408597167383e+12 -6.505296208311e+12 6.58e-01
 950 -6.408597239004e+12 -6.505296242347e+12 6.68e-01
 951 -6.408597310218e+12 -6.505296276196e+12 6.79e-01
 952 -6.408597381056e+12 -6.505296309865e+12 6.90e-01
 953 -6.408597451559e+12 -6.505296343365e+12 7.01e-01
 954 -6.408597521768e+12 -6.505296376710e+12 7.13e-01
 955 -6.408597591732e+12 -6.505296409916e+12 7.24e-01
 956 -6.408597661507e+12 -6.505296443002e+12 7.35e-01
 957 -6.408597731167e+12 -6.505296475988e+12 7.47e-01
 958 -6.408597800775e+12 -6.505296508897e+12 7.59e-01
 959 -6.408597870401e+12 -6.505296541753e+12 7.70e-01
 960 -6.408597940119e+12 -6.505296574581e+12 7.82e-01
 961 -6.408598010009e+12 -6.505296607408e+12 7.94e-01
 962 -6.408598080149e+12 -6.505296640259e+12 8.06e-01
 963 -6.408598150611e+12 -6.505296673161e+12 8.18e-01
 964 -6.408598221473e+12 -6.505296706138e+12 8.31e-01
 965 -6.408598292800e+12 -6.505296739216e+12 8.43e-01
 966 -6.408598364650e+12 -6.505296772415e+12 8.55e-01
 967 -6.408598437080e+12 -6.505296805756e+12 8.68e-01
 968 -6.408598510130e+12 -6.505296839257e+12 8.81e-01
 969 -6.408598583836e+12 -6.505296872931e+12 8.93e-01
 970 -6.408598658218e+12 -6.505296906791e+12 9.06e-01
 971 -6.408598733287e+12 -6.505296940843e+12 9.19e-01
 972 -6.408598809062e+12 -6.505296975090e+12 9.32e-01
 973 -6.408598885525e+12 -6.505297009533e+12 9.45e-01
 974 -6.408598962631e+12 -6.505297044165e+12 9.58e-01
 975 -6.408599040343e+12 -6.505297078981e+12 9.71e-01
 976 -6.408599118618e+12 -6.505297113968e+12 9.84e-01
 977 -6.408599197405e+12 -6.505297149113e+12 9.98e-01
 978 -6.408599276625e+12 -6.505297184399e+12 1.01e+00
 979 -6.408599356713e+12 -6.505297219809e+12 1.02e+00
 980 -6.408599437050e+12 -6.505297255325e+12 1.04e+00
 981 -6.408599517475e+12 -6.505297290928e+12 1.05e+00
 982 -6.408599597914e+12 -6.505297326599e+12 1.06e+00
 983 -6.408599678288e+12 -6.505297362321e+12 1.08e+00
 984 -6.408599758523e+12 -6.505297398077e+12 1.09e+00
 985 -6.408599838551e+12 -6.505297433852e+12 1.11e+00
 986 -6.408599918317e+12 -6.505297469631e+12 1.12e+00
 987 -6.408599997759e+12 -6.505297505404e+12 1.13e+00
 988 -6.408600076827e+12 -6.505297541160e+12 1.15e+00
 989 -6.408600155483e+12 -6.505297576891e+12 1.16e+00
 990 -6.408600233690e+12 -6.505297612590e+12 1.17e+00
 991 -6.408600311416e+12 -6.505297648253e+12 1.19e+00
 992 -6.408600388638e+12 -6.505297683879e+12 1.20e+00
 993 -6.408600465358e+12 -6.505297719466e+12 1.21e+00
 994 -6.408600541554e+12 -6.505297755016e+12 1.23e+00
 995 -6.408600617217e+12 -6.505297790532e+12 1.24e+00
 996 -6.408600692355e+12 -6.505297826021e+12 1.25e+00
 997 -6.408600766979e+12 -6.505297861489e+12 1.27e+00
 998 -6.408600841111e+12 -6.505297896946e+12 1.28e+00
 999 -6.408600914783e+12 -6.505297932405e+12 1.29e+00
1000 -6.408600988028e+12 -6.505297967879e+12 1.30e+00
Computation took 8819.45 seconds.
Multinomial likelihood on counts   : -5543582787576.919921875000
Multinomial likelihood on countshat: -5671515221653.291992187500
Writing results to file.
-----------------------------------------------------------------------------------------------------
MATLAB Version: 9.5.0.944444 (R2018b)
MATLAB License Number: 719588
Operating System: Linux 3.10.0-957.5.1.el7.x86_64 #1 SMP Tue Jan 29 10:14:19 CST 2019 x86_64
Java Version: Java 1.8.0_152-b16 with Oracle Corporation Java HotSpot(TM) 64-Bit Server VM mixed mode
-----------------------------------------------------------------------------------------------------
MATLAB                                                Version 9.5         (R2018b)
Simulink                                              Version 9.2         (R2018b)
Bioinformatics Toolbox                                Version 4.11        (R2018b)
Communications Toolbox                                Version 7.0         (R2018b)
Computer Vision System Toolbox                        Version 8.2         (R2018b)
Control System Toolbox                                Version 10.5        (R2018b)
Curve Fitting Toolbox                                 Version 3.5.8       (R2018b)
DSP System Toolbox                                    Version 9.7         (R2018b)
Database Toolbox                                      Version 9.0         (R2018b)
Datafeed Toolbox                                      Version 5.8         (R2018b)
Deep Learning Toolbox                                 Version 12.0        (R2018b)
Econometrics Toolbox                                  Version 5.1         (R2018b)
Financial Instruments Toolbox                         Version 2.8         (R2018b)
Financial Toolbox                                     Version 5.12        (R2018b)
Fixed-Point Designer                                  Version 6.2         (R2018b)
Fuzzy Logic Toolbox                                   Version 2.4         (R2018b)
Global Optimization Toolbox                           Version 4.0         (R2018b)
HDL Verifier                                          Version 5.5         (R2018b)
Image Acquisition Toolbox                             Version 5.5         (R2018b)
Image Processing Toolbox                              Version 10.3        (R2018b)
Instrument Control Toolbox                            Version 3.14        (R2018b)
MATLAB Coder                                          Version 4.1         (R2018b)
MATLAB Compiler                                       Version 7.0         (R2018b)
MATLAB Compiler SDK                                   Version 6.6         (R2018b)
MATLAB Report Generator                               Version 5.5         (R2018b)
Mapping Toolbox                                       Version 4.7         (R2018b)
Model Predictive Control Toolbox                      Version 6.2         (R2018b)
Optimization Toolbox                                  Version 8.2         (R2018b)
Parallel Computing Toolbox                            Version 6.13        (R2018b)
Partial Differential Equation Toolbox                 Version 3.1         (R2018b)
RF Blockset                                           Version 7.1         (R2018b)
RF Toolbox                                            Version 3.5         (R2018b)
Robust Control Toolbox                                Version 6.5         (R2018b)
Signal Processing Toolbox                             Version 8.1         (R2018b)
SimBiology                                            Version 5.8.1       (R2018b)
Simscape                                              Version 4.5         (R2018b)
Simscape Multibody                                    Version 6.0         (R2018b)
Simulink Check                                        Version 4.2         (R2018b)
Simulink Coder                                        Version 9.0         (R2018b)
Simulink Control Design                               Version 5.2         (R2018b)
Simulink Coverage                                     Version 4.2         (R2018b)
Simulink Design Optimization                          Version 3.5         (R2018b)
Simulink Design Verifier                              Version 4.0         (R2018b)
Simulink Requirements                                 Version 1.2         (R2018b)
Stateflow                                             Version 9.2         (R2018b)
Statistics and Machine Learning Toolbox               Version 11.4        (R2018b)
Symbolic Math Toolbox                                 Version 8.2         (R2018b)
System Identification Toolbox                         Version 9.9         (R2018b)
Trading Toolbox                                       Version 3.5         (R2018b)
Wavelet Toolbox                                       Version 5.1         (R2018b)
