
                            < M A T L A B (R) >
                  Copyright 1984-2018 The MathWorks, Inc.
                   R2018b (9.5.0.944444) 64-bit (glnxa64)
                              August 28, 2018

 
To get started, type doc.
For product information, visit www.mathworks.com.
 
Loading GTEx data.
Loaded 11688 x 55863 count matrix.
Loading initial estimates of factors and loadings.
Loaded 55863 x 20 factors matrix, and 11688 x 20 loadings matrix.
Fitting Poisson topic model using betanmf.
iter objective (cost fn) max.diff
---- ------------------- --------
   1 +4.190753525931e+16 1.38e+03
   2 +3.634655039891e+16 9.98e+02
   3 +3.326530605267e+16 1.07e+03
   4 +3.138794190269e+16 9.02e+02
   5 +3.022588478080e+16 6.01e+02
   6 +2.945288002572e+16 3.54e+02
   7 +2.887778887099e+16 3.24e+02
   8 +2.840188527777e+16 2.94e+02
   9 +2.797272385214e+16 2.69e+02
  10 +2.755857981494e+16 2.65e+02
  11 +2.713643939586e+16 3.55e+02
  12 +2.668229493657e+16 4.67e+02
  13 +2.616407603220e+16 5.97e+02
  14 +2.554658579487e+16 7.34e+02
  15 +2.481429001964e+16 8.40e+02
  16 +2.400719993597e+16 8.72e+02
  17 +2.322565978480e+16 8.08e+02
  18 +2.256600290001e+16 6.78e+02
  19 +2.205869884684e+16 5.36e+02
  20 +2.167924615677e+16 4.13e+02
  21 +2.138848249904e+16 3.17e+02
  22 +2.115517772396e+16 2.46e+02
  23 +2.096003437276e+16 1.94e+02
  24 +2.079247094341e+16 1.55e+02
  25 +2.064639749647e+16 1.25e+02
  26 +2.051729083148e+16 1.01e+02
  27 +2.040096112783e+16 8.32e+01
  28 +2.029326285878e+16 7.01e+01
  29 +2.019022755913e+16 6.15e+01
  30 +2.008834291901e+16 5.71e+01
  31 +1.998475387638e+16 5.65e+01
  32 +1.987737378272e+16 5.91e+01
  33 +1.976493122745e+16 6.43e+01
  34 +1.964694649097e+16 7.14e+01
  35 +1.952366436914e+16 7.94e+01
  36 +1.939594302638e+16 8.75e+01
  37 +1.926505780534e+16 9.51e+01
  38 +1.913248314199e+16 1.02e+02
  39 +1.899973926103e+16 1.07e+02
  40 +1.886829119284e+16 1.10e+02
  41 +1.873943707503e+16 1.12e+02
  42 +1.861417655917e+16 1.13e+02
  43 +1.849310466953e+16 1.12e+02
  44 +1.837641368322e+16 1.10e+02
  45 +1.826404833778e+16 1.07e+02
  46 +1.815590927311e+16 1.05e+02
  47 +1.805194648167e+16 1.01e+02
  48 +1.795209959390e+16 9.79e+01
  49 +1.785619418807e+16 9.45e+01
  50 +1.776391956636e+16 9.14e+01
  51 +1.767488498487e+16 8.85e+01
  52 +1.758868985145e+16 8.59e+01
  53 +1.750497919270e+16 8.38e+01
  54 +1.742348830552e+16 8.19e+01
  55 +1.734407733598e+16 8.04e+01
  56 +1.726674844551e+16 7.89e+01
  57 +1.719164169891e+16 7.75e+01
  58 +1.711901204555e+16 7.59e+01
  59 +1.704918703165e+16 7.40e+01
  60 +1.698250146874e+16 7.18e+01
  61 +1.691922073509e+16 6.91e+01
  62 +1.685947431006e+16 6.62e+01
  63 +1.680321060353e+16 6.30e+01
  64 +1.675019563448e+16 5.96e+01
  65 +1.670006137457e+16 5.64e+01
  66 +1.665237271284e+16 5.33e+01
  67 +1.660669905008e+16 5.04e+01
  68 +1.656268485604e+16 4.79e+01
  69 +1.652009136901e+16 4.58e+01
  70 +1.647880562701e+16 4.78e+01
  71 +1.643882110314e+16 5.08e+01
  72 +1.640018340232e+16 5.22e+01
  73 +1.636293255092e+16 5.17e+01
  74 +1.632708183210e+16 4.95e+01
  75 +1.629263881475e+16 4.61e+01
  76 +1.625964046967e+16 4.19e+01
  77 +1.622816046300e+16 3.74e+01
  78 +1.619827055523e+16 3.43e+01
  79 +1.616998012783e+16 3.32e+01
  80 +1.614320322314e+16 3.20e+01
  81 +1.611777557346e+16 3.10e+01
  82 +1.609349954962e+16 3.00e+01
  83 +1.607019527910e+16 2.91e+01
  84 +1.604774711051e+16 2.82e+01
  85 +1.602613160022e+16 2.74e+01
  86 +1.600540912172e+16 2.66e+01
  87 +1.598567172947e+16 2.57e+01
  88 +1.596696907012e+16 2.49e+01
  89 +1.594926059089e+16 2.40e+01
  90 +1.593242561816e+16 2.30e+01
  91 +1.591631159825e+16 2.21e+01
  92 +1.590078417003e+16 2.11e+01
  93 +1.588575986940e+16 2.03e+01
  94 +1.587121102439e+16 1.94e+01
  95 +1.585714075078e+16 1.86e+01
  96 +1.584354633204e+16 1.79e+01
  97 +1.583039777865e+16 1.75e+01
  98 +1.581764053970e+16 1.69e+01
  99 +1.580521168893e+16 1.58e+01
 100 +1.579305625352e+16 1.52e+01
 101 +1.578113760308e+16 1.47e+01
 102 +1.576944312231e+16 1.42e+01
 103 +1.575798681978e+16 1.51e+01
 104 +1.574680267124e+16 1.60e+01
 105 +1.573592312548e+16 1.59e+01
 106 +1.572535675713e+16 1.50e+01
 107 +1.571508390447e+16 1.34e+01
 108 +1.570506615546e+16 1.18e+01
 109 +1.569525692566e+16 1.14e+01
 110 +1.568560866659e+16 1.11e+01
 111 +1.567607806153e+16 1.08e+01
 112 +1.566663154300e+16 1.05e+01
 113 +1.565725066742e+16 1.08e+01
 114 +1.564793404128e+16 1.18e+01
 115 +1.563869365898e+16 1.30e+01
 116 +1.562954724592e+16 1.44e+01
 117 +1.562051079829e+16 1.58e+01
 118 +1.561159510248e+16 1.73e+01
 119 +1.560280651781e+16 1.88e+01
 120 +1.559414907180e+16 2.05e+01
 121 +1.558562490499e+16 2.21e+01
 122 +1.557723271133e+16 2.38e+01
 123 +1.556896620352e+16 2.55e+01
 124 +1.556081479239e+16 2.71e+01
 125 +1.555276689940e+16 2.87e+01
 126 +1.554481438262e+16 3.01e+01
 127 +1.553695589303e+16 3.14e+01
 128 +1.552919776570e+16 3.26e+01
 129 +1.552155241461e+16 3.35e+01
 130 +1.551403497669e+16 3.42e+01
 131 +1.550665888844e+16 3.46e+01
 132 +1.549943112135e+16 3.48e+01
 133 +1.549234836182e+16 3.47e+01
 134 +1.548539553932e+16 3.44e+01
 135 +1.547854723760e+16 3.38e+01
 136 +1.547177135255e+16 3.30e+01
 137 +1.546503373224e+16 3.20e+01
 138 +1.545830269916e+16 3.09e+01
 139 +1.545155286312e+16 2.97e+01
 140 +1.544476817088e+16 2.84e+01
 141 +1.543794448372e+16 2.70e+01
 142 +1.543109156635e+16 2.56e+01
 143 +1.542423361050e+16 2.42e+01
 144 +1.541740719567e+16 2.29e+01
 145 +1.541065615769e+16 2.16e+01
 146 +1.540402411131e+16 2.03e+01
 147 +1.539754682699e+16 1.91e+01
 148 +1.539124717342e+16 1.79e+01
 149 +1.538513398836e+16 1.68e+01
 150 +1.537920397110e+16 1.58e+01
 151 +1.537344527840e+16 1.48e+01
 152 +1.536784241527e+16 1.39e+01
 153 +1.536238096290e+16 1.31e+01
 154 +1.535705014487e+16 1.23e+01
 155 +1.535184300696e+16 1.16e+01
 156 +1.534675516899e+16 1.09e+01
 157 +1.534178307832e+16 1.03e+01
 158 +1.533692251914e+16 9.67e+00
 159 +1.533216799700e+16 9.12e+00
 160 +1.532751328094e+16 8.61e+00
 161 +1.532295285880e+16 8.19e+00
 162 +1.531848366623e+16 7.93e+00
 163 +1.531410645479e+16 7.67e+00
 164 +1.530982635808e+16 7.40e+00
 165 +1.530565228336e+16 7.13e+00
 166 +1.530159498038e+16 7.02e+00
 167 +1.529766423975e+16 7.10e+00
 168 +1.529386619782e+16 6.93e+00
 169 +1.529020152134e+16 6.80e+00
 170 +1.528666472136e+16 6.78e+00
 171 +1.528324459061e+16 6.76e+00
 172 +1.527992555011e+16 6.74e+00
 173 +1.527668948402e+16 6.71e+00
 174 +1.527351756101e+16 6.68e+00
 175 +1.527039164295e+16 6.65e+00
 176 +1.526729518313e+16 6.62e+00
 177 +1.526421385915e+16 6.58e+00
 178 +1.526113613714e+16 6.55e+00
 179 +1.525805358357e+16 6.51e+00
 180 +1.525496095353e+16 6.47e+00
 181 +1.525185649436e+16 6.44e+00
 182 +1.524874239856e+16 6.40e+00
 183 +1.524562491700e+16 6.37e+00
 184 +1.524251386145e+16 6.33e+00
 185 +1.523942140717e+16 6.90e+00
 186 +1.523636025629e+16 7.39e+00
 187 +1.523334153744e+16 7.63e+00
 188 +1.523037311472e+16 7.59e+00
 189 +1.522745895170e+16 7.28e+00
 190 +1.522459973614e+16 6.76e+00
 191 +1.522179436962e+16 6.54e+00
 192 +1.521904155638e+16 6.57e+00
 193 +1.521634078338e+16 6.60e+00
 194 +1.521369237213e+16 6.64e+00
 195 +1.521109675563e+16 6.67e+00
 196 +1.520855347532e+16 6.70e+00
 197 +1.520606047890e+16 6.72e+00
 198 +1.520361411710e+16 6.75e+00
 199 +1.520120988424e+16 6.77e+00
 200 +1.519884359258e+16 6.80e+00
 201 +1.519651245064e+16 6.82e+00
 202 +1.519421549522e+16 6.84e+00
 203 +1.519195304129e+16 6.86e+00
 204 +1.518972527782e+16 6.88e+00
 205 +1.518753071750e+16 6.90e+00
 206 +1.518536545956e+16 6.92e+00
 207 +1.518322374842e+16 6.94e+00
 208 +1.518109944975e+16 6.95e+00
 209 +1.517898766001e+16 6.96e+00
 210 +1.517688594611e+16 6.98e+00
 211 +1.517479508345e+16 6.99e+00
 212 +1.517271918627e+16 7.00e+00
 213 +1.517066505706e+16 7.01e+00
 214 +1.516864074863e+16 7.02e+00
 215 +1.516665366877e+16 7.02e+00
 216 +1.516470880010e+16 7.03e+00
 217 +1.516280758729e+16 7.03e+00
 218 +1.516094777583e+16 7.03e+00
 219 +1.515912412965e+16 7.03e+00
 220 +1.515732969160e+16 7.03e+00
 221 +1.515555717025e+16 7.02e+00
 222 +1.515380010771e+16 7.02e+00
 223 +1.515205362493e+16 7.01e+00
 224 +1.515031468036e+16 7.00e+00
 225 +1.514858188539e+16 6.99e+00
 226 +1.514685499966e+16 6.98e+00
 227 +1.514513428754e+16 6.97e+00
 228 +1.514341993914e+16 6.96e+00
 229 +1.514171172494e+16 6.94e+00
 230 +1.514000896027e+16 6.93e+00
 231 +1.513831074002e+16 6.91e+00
 232 +1.513661632026e+16 6.89e+00
 233 +1.513492550316e+16 6.87e+00
 234 +1.513323891838e+16 6.85e+00
 235 +1.513155815338e+16 6.83e+00
 236 +1.512988572930e+16 6.80e+00
 237 +1.512822493303e+16 6.78e+00
 238 +1.512657954374e+16 6.75e+00
 239 +1.512495355416e+16 6.72e+00
 240 +1.512335097975e+16 6.69e+00
 241 +1.512177571591e+16 6.65e+00
 242 +1.512023131845e+16 6.64e+00
 243 +1.511872066209e+16 6.79e+00
 244 +1.511724555855e+16 6.79e+00
 245 +1.511580647089e+16 6.64e+00
 246 +1.511440243159e+16 6.47e+00
 247 +1.511303119601e+16 6.44e+00
 248 +1.511168958473e+16 6.40e+00
 249 +1.511037391939e+16 6.36e+00
 250 +1.510908044818e+16 6.32e+00
 251 +1.510780568259e+16 6.28e+00
 252 +1.510654661149e+16 6.24e+00
 253 +1.510530079968e+16 6.20e+00
 254 +1.510406639895e+16 6.17e+00
 255 +1.510284210458e+16 6.13e+00
 256 +1.510162709153e+16 6.09e+00
 257 +1.510042095788e+16 6.06e+00
 258 +1.509922368327e+16 6.03e+00
 259 +1.509803558737e+16 5.99e+00
 260 +1.509685726201e+16 5.96e+00
 261 +1.509568945799e+16 5.93e+00
 262 +1.509453292992e+16 5.90e+00
 263 +1.509338826643e+16 5.87e+00
 264 +1.509225574502e+16 5.84e+00
 265 +1.509113524354e+16 5.81e+00
 266 +1.509002621790e+16 5.78e+00
 267 +1.508892773200e+16 5.75e+00
 268 +1.508783851328e+16 5.72e+00
 269 +1.508675701018e+16 5.69e+00
 270 +1.508568144190e+16 5.66e+00
 271 +1.508460984936e+16 5.63e+00
 272 +1.508354016375e+16 5.60e+00
 273 +1.508247029941e+16 5.56e+00
 274 +1.508139825988e+16 5.53e+00
 275 +1.508032223773e+16 5.49e+00
 276 +1.507924069313e+16 5.46e+00
 277 +1.507815239656e+16 5.42e+00
 278 +1.507705641111e+16 5.38e+00
 279 +1.507595199601e+16 5.34e+00
 280 +1.507483847126e+16 5.29e+00
 281 +1.507371516606e+16 5.25e+00
 282 +1.507258157588e+16 5.20e+00
 283 +1.507143772904e+16 5.15e+00
 284 +1.507028462016e+16 5.26e+00
 285 +1.506912453585e+16 5.79e+00
 286 +1.506796116803e+16 6.31e+00
 287 +1.506679949255e+16 6.79e+00
 288 +1.506564544037e+16 7.20e+00
 289 +1.506450541427e+16 7.53e+00
 290 +1.506338572336e+16 7.76e+00
 291 +1.506229202163e+16 7.87e+00
 292 +1.506122883821e+16 7.86e+00
 293 +1.506019926922e+16 7.74e+00
 294 +1.505920486491e+16 7.50e+00
 295 +1.505824570292e+16 7.16e+00
 296 +1.505732060460e+16 6.75e+00
 297 +1.505642743492e+16 6.29e+00
 298 +1.505556342712e+16 5.79e+00
 299 +1.505472548432e+16 5.28e+00
 300 +1.505391042610e+16 4.77e+00
 301 +1.505311516258e+16 4.28e+00
 302 +1.505233679145e+16 4.06e+00
 303 +1.505157262713e+16 4.00e+00
 304 +1.505082018352e+16 3.95e+00
 305 +1.505007713669e+16 3.91e+00
 306 +1.504934128826e+16 3.86e+00
 307 +1.504861054120e+16 3.81e+00
 308 +1.504788289421e+16 3.77e+00
 309 +1.504715645974e+16 3.73e+00
 310 +1.504642951018e+16 3.69e+00
 311 +1.504570055179e+16 3.65e+00
 312 +1.504496841484e+16 3.61e+00
 313 +1.504423233603e+16 3.57e+00
 314 +1.504349200264e+16 3.54e+00
 315 +1.504274753641e+16 3.50e+00
 316 +1.504199941947e+16 3.47e+00
 317 +1.504124839133e+16 3.43e+00
 318 +1.504049535658e+16 3.40e+00
 319 +1.503974132975e+16 3.37e+00
 320 +1.503898741666e+16 3.34e+00
 321 +1.503823481126e+16 3.30e+00
 322 +1.503748478557e+16 3.28e+00
 323 +1.503673866553e+16 3.37e+00
 324 +1.503599780367e+16 3.35e+00
 325 +1.503526356470e+16 3.21e+00
 326 +1.503453732675e+16 3.17e+00
 327 +1.503382048154e+16 3.14e+00
 328 +1.503311440971e+16 3.12e+00
 329 +1.503242041972e+16 3.09e+00
 330 +1.503173965862e+16 3.07e+00
 331 +1.503107301793e+16 3.04e+00
 332 +1.503042105960e+16 3.02e+00
 333 +1.502978397968e+16 3.00e+00
 334 +1.502916161593e+16 2.97e+00
 335 +1.502855349544e+16 2.95e+00
 336 +1.502795891126e+16 2.92e+00
 337 +1.502737701388e+16 2.90e+00
 338 +1.502680690298e+16 2.87e+00
 339 +1.502624770685e+16 2.85e+00
 340 +1.502569864027e+16 2.82e+00
 341 +1.502515903561e+16 2.80e+00
 342 +1.502462834697e+16 2.77e+00
 343 +1.502410613209e+16 2.75e+00
 344 +1.502359202012e+16 2.72e+00
 345 +1.502308567495e+16 2.69e+00
 346 +1.502258676212e+16 2.67e+00
 347 +1.502209492437e+16 2.64e+00
 348 +1.502160976709e+16 2.61e+00
 349 +1.502113085237e+16 2.59e+00
 350 +1.502065769897e+16 2.56e+00
 351 +1.502018978554e+16 2.55e+00
 352 +1.501972655537e+16 2.53e+00
 353 +1.501926742162e+16 2.52e+00
 354 +1.501881177309e+16 2.51e+00
 355 +1.501835898086e+16 2.50e+00
 356 +1.501790840613e+16 2.48e+00
 357 +1.501745940981e+16 2.47e+00
 358 +1.501701136414e+16 2.46e+00
 359 +1.501656366637e+16 2.45e+00
 360 +1.501611575458e+16 2.43e+00
 361 +1.501566712494e+16 2.42e+00
 362 +1.501521734929e+16 2.41e+00
 363 +1.501476609112e+16 2.40e+00
 364 +1.501431311753e+16 2.39e+00
 365 +1.501385830454e+16 2.38e+00
 366 +1.501340163365e+16 2.36e+00
 367 +1.501294317864e+16 2.35e+00
 368 +1.501248308317e+16 2.34e+00
 369 +1.501202153281e+16 2.33e+00
 370 +1.501155872709e+16 2.32e+00
 371 +1.501109485932e+16 2.32e+00
 372 +1.501063011100e+16 2.31e+00
 373 +1.501016466458e+16 2.30e+00
 374 +1.500969873176e+16 2.29e+00
 375 +1.500923258841e+16 2.28e+00
 376 +1.500876660243e+16 2.27e+00
 377 +1.500830124134e+16 2.26e+00
 378 +1.500783705059e+16 2.28e+00
 379 +1.500737460199e+16 2.34e+00
 380 +1.500691442073e+16 2.37e+00
 381 +1.500645690697e+16 2.37e+00
 382 +1.500600227095e+16 2.33e+00
 383 +1.500555049793e+16 2.26e+00
 384 +1.500510135149e+16 2.21e+00
 385 +1.500465441466e+16 2.20e+00
 386 +1.500420916052e+16 2.19e+00
 387 +1.500376503974e+16 2.19e+00
 388 +1.500332157159e+16 2.18e+00
 389 +1.500287842574e+16 2.17e+00
 390 +1.500243548476e+16 2.16e+00
 391 +1.500199287998e+16 2.16e+00
 392 +1.500155099731e+16 2.15e+00
 393 +1.500111045286e+16 2.14e+00
 394 +1.500067204251e+16 2.14e+00
 395 +1.500023667251e+16 2.13e+00
 396 +1.499980528036e+16 2.12e+00
 397 +1.499937875597e+16 2.12e+00
 398 +1.499895787211e+16 2.11e+00
 399 +1.499854323111e+16 2.11e+00
 400 +1.499813523211e+16 2.11e+00
 401 +1.499773406004e+16 2.11e+00
 402 +1.499733969495e+16 2.10e+00
 403 +1.499695193733e+16 2.09e+00
 404 +1.499657044395e+16 2.09e+00
 405 +1.499619476796e+16 2.09e+00
 406 +1.499582439786e+16 2.09e+00
 407 +1.499545879106e+16 2.08e+00
 408 +1.499509739981e+16 2.08e+00
 409 +1.499473968805e+16 2.08e+00
 410 +1.499438513957e+16 2.07e+00
 411 +1.499403325832e+16 2.06e+00
 412 +1.499368356279e+16 2.06e+00
 413 +1.499333557720e+16 2.05e+00
 414 +1.499298882262e+16 2.04e+00
 415 +1.499264281135e+16 2.03e+00
 416 +1.499229704768e+16 2.02e+00
 417 +1.499195103631e+16 2.01e+00
 418 +1.499160429849e+16 2.00e+00
 419 +1.499125639273e+16 1.99e+00
 420 +1.499090693565e+16 1.98e+00
 421 +1.499055561776e+16 1.98e+00
 422 +1.499020221174e+16 1.97e+00
 423 +1.498984657331e+16 1.97e+00
 424 +1.498948863504e+16 1.97e+00
 425 +1.498912839203e+16 1.96e+00
 426 +1.498876587779e+16 1.97e+00
 427 +1.498840113201e+16 2.04e+00
 428 +1.498803416528e+16 2.09e+00
 429 +1.498766492842e+16 2.11e+00
 430 +1.498729329374e+16 2.10e+00
 431 +1.498691905322e+16 2.06e+00
 432 +1.498654193534e+16 1.99e+00
 433 +1.498616163846e+16 1.94e+00
 434 +1.498577787561e+16 1.93e+00
 435 +1.498539042359e+16 1.93e+00
 436 +1.498499916911e+16 1.92e+00
 437 +1.498460414608e+16 1.92e+00
 438 +1.498420556026e+16 1.91e+00
 439 +1.498380380014e+16 1.91e+00
 440 +1.498339943457e+16 1.91e+00
 441 +1.498299319891e+16 1.90e+00
 442 +1.498258597170e+16 1.92e+00
 443 +1.498217874372e+16 2.01e+00
 444 +1.498177258110e+16 2.07e+00
 445 +1.498136858443e+16 2.11e+00
 446 +1.498096784549e+16 2.12e+00
 447 +1.498057140419e+16 2.11e+00
 448 +1.498018020762e+16 2.13e+00
 449 +1.497979507351e+16 2.17e+00
 450 +1.497941665974e+16 2.18e+00
 451 +1.497904544135e+16 2.17e+00
 452 +1.497868169617e+16 2.12e+00
 453 +1.497832549980e+16 2.04e+00
 454 +1.497797673053e+16 1.95e+00
 455 +1.497763508408e+16 1.84e+00
 456 +1.497730009746e+16 1.81e+00
 457 +1.497697118059e+16 1.81e+00
 458 +1.497664765369e+16 1.80e+00
 459 +1.497632878842e+16 1.79e+00
 460 +1.497601385081e+16 1.79e+00
 461 +1.497570214448e+16 1.78e+00
 462 +1.497539305256e+16 1.77e+00
 463 +1.497508607626e+16 1.90e+00
 464 +1.497478086712e+16 2.08e+00
 465 +1.497447724860e+16 2.25e+00
 466 +1.497417522283e+16 2.42e+00
 467 +1.497387495903e+16 2.57e+00
 468 +1.497357676303e+16 2.70e+00
 469 +1.497328103048e+16 2.80e+00
 470 +1.497298818959e+16 2.88e+00
 471 +1.497269864165e+16 2.92e+00
 472 +1.497241270719e+16 2.92e+00
 473 +1.497213058522e+16 2.90e+00
 474 +1.497185232980e+16 2.83e+00
 475 +1.497157784572e+16 2.74e+00
 476 +1.497130690237e+16 2.63e+00
 477 +1.497103916208e+16 2.50e+00
 478 +1.497077421782e+16 2.35e+00
 479 +1.497051163409e+16 2.20e+00
 480 +1.497025098490e+16 2.04e+00
 481 +1.496999188435e+16 1.88e+00
 482 +1.496973400755e+16 1.73e+00
 483 +1.496947710231e+16 1.61e+00
 484 +1.496922099396e+16 1.60e+00
 485 +1.496896558653e+16 1.59e+00
 486 +1.496871086288e+16 1.58e+00
 487 +1.496845688480e+16 1.57e+00
 488 +1.496820379276e+16 1.56e+00
 489 +1.496795180354e+16 1.55e+00
 490 +1.496770120408e+16 1.54e+00
 491 +1.496745233967e+16 1.53e+00
 492 +1.496720559595e+16 1.53e+00
 493 +1.496696137437e+16 1.55e+00
 494 +1.496672006279e+16 1.59e+00
 495 +1.496648200324e+16 1.61e+00
 496 +1.496624746052e+16 1.60e+00
 497 +1.496601659533e+16 1.57e+00
 498 +1.496578944534e+16 1.53e+00
 499 +1.496556591631e+16 1.49e+00
 500 +1.496534578383e+16 1.49e+00
 501 +1.496512870482e+16 1.48e+00
 502 +1.496491423668e+16 1.48e+00
 503 +1.496470186200e+16 1.47e+00
 504 +1.496449101650e+16 1.47e+00
 505 +1.496428111848e+16 1.46e+00
 506 +1.496407159822e+16 1.46e+00
 507 +1.496386192598e+16 1.45e+00
 508 +1.496365163763e+16 1.45e+00
 509 +1.496344035667e+16 1.44e+00
 510 +1.496322781175e+16 1.44e+00
 511 +1.496301384852e+16 1.43e+00
 512 +1.496279843502e+16 1.43e+00
 513 +1.496258165952e+16 1.42e+00
 514 +1.496236372068e+16 1.42e+00
 515 +1.496214490987e+16 1.41e+00
 516 +1.496192558691e+16 1.41e+00
 517 +1.496170615059e+16 1.40e+00
 518 +1.496148700663e+16 1.40e+00
 519 +1.496126853576e+16 1.39e+00
 520 +1.496105106493e+16 1.39e+00
 521 +1.496083484443e+16 1.38e+00
 522 +1.496062003333e+16 1.38e+00
 523 +1.496040669443e+16 1.37e+00
 524 +1.496019479874e+16 1.37e+00
 525 +1.495998423792e+16 1.36e+00
 526 +1.495977484191e+16 1.36e+00
 527 +1.495956639844e+16 1.35e+00
 528 +1.495935867129e+16 1.35e+00
 529 +1.495915141496e+16 1.34e+00
 530 +1.495894438487e+16 1.34e+00
 531 +1.495873734315e+16 1.34e+00
 532 +1.495853006099e+16 1.33e+00
 533 +1.495832231897e+16 1.33e+00
 534 +1.495811390674e+16 1.32e+00
 535 +1.495790462293e+16 1.32e+00
 536 +1.495769427628e+16 1.31e+00
 537 +1.495748268807e+16 1.31e+00
 538 +1.495726969588e+16 1.30e+00
 539 +1.495705515820e+16 1.30e+00
 540 +1.495683895935e+16 1.30e+00
 541 +1.495662101376e+16 1.29e+00
 542 +1.495640126872e+16 1.29e+00
 543 +1.495617970485e+16 1.28e+00
 544 +1.495595633358e+16 1.28e+00
 545 +1.495573119156e+16 1.27e+00
 546 +1.495550433235e+16 1.27e+00
 547 +1.495527581657e+16 1.26e+00
 548 +1.495504570217e+16 1.26e+00
 549 +1.495481403739e+16 1.26e+00
 550 +1.495458085859e+16 1.25e+00
 551 +1.495434619488e+16 1.25e+00
 552 +1.495411008061e+16 1.24e+00
 553 +1.495387257477e+16 1.36e+00
 554 +1.495363378524e+16 1.49e+00
 555 +1.495339389410e+16 1.64e+00
 556 +1.495315317934e+16 1.78e+00
 557 +1.495291202832e+16 1.92e+00
 558 +1.495267093913e+16 2.04e+00
 559 +1.495243050766e+16 2.16e+00
 560 +1.495219140060e+16 2.26e+00
 561 +1.495195431699e+16 2.34e+00
 562 +1.495171994311e+16 2.40e+00
 563 +1.495148890678e+16 2.43e+00
 564 +1.495126173719e+16 2.43e+00
 565 +1.495103883532e+16 2.41e+00
 566 +1.495082045795e+16 2.36e+00
 567 +1.495060671572e+16 2.28e+00
 568 +1.495039758362e+16 2.19e+00
 569 +1.495019292047e+16 2.08e+00
 570 +1.494999249346e+16 1.95e+00
 571 +1.494979600400e+16 1.82e+00
 572 +1.494960311191e+16 1.69e+00
 573 +1.494941345632e+16 1.55e+00
 574 +1.494922667254e+16 1.42e+00
 575 +1.494904240508e+16 1.29e+00
 576 +1.494886031751e+16 1.22e+00
 577 +1.494868009966e+16 1.21e+00
 578 +1.494850147281e+16 1.19e+00
 579 +1.494832419332e+16 1.17e+00
 580 +1.494814805469e+16 1.15e+00
 581 +1.494797288834e+16 1.15e+00
 582 +1.494779856317e+16 1.16e+00
 583 +1.494762498374e+16 1.20e+00
 584 +1.494745208731e+16 1.23e+00
 585 +1.494727983969e+16 1.26e+00
 586 +1.494710822999e+16 1.29e+00
 587 +1.494693726464e+16 1.32e+00
 588 +1.494676696100e+16 1.34e+00
 589 +1.494659734099e+16 1.36e+00
 590 +1.494642842533e+16 1.38e+00
 591 +1.494626022864e+16 1.39e+00
 592 +1.494609275585e+16 1.40e+00
 593 +1.494592599980e+16 1.41e+00
 594 +1.494575994013e+16 1.41e+00
 595 +1.494559454300e+16 1.41e+00
 596 +1.494542976171e+16 1.41e+00
 597 +1.494526553776e+16 1.40e+00
 598 +1.494510180238e+16 1.39e+00
 599 +1.494493847831e+16 1.37e+00
 600 +1.494477548187e+16 1.36e+00
 601 +1.494461272510e+16 1.34e+00
 602 +1.494445011787e+16 1.31e+00
 603 +1.494428756974e+16 1.29e+00
 604 +1.494412499144e+16 1.26e+00
 605 +1.494396229574e+16 1.26e+00
 606 +1.494379939772e+16 1.27e+00
 607 +1.494363621442e+16 1.28e+00
 608 +1.494347266408e+16 1.28e+00
 609 +1.494330866509e+16 1.29e+00
 610 +1.494314413492e+16 1.29e+00
 611 +1.494297898935e+16 1.30e+00
 612 +1.494281314227e+16 1.30e+00
 613 +1.494264650625e+16 1.31e+00
 614 +1.494247899410e+16 1.31e+00
 615 +1.494231052158e+16 1.32e+00
 616 +1.494214101116e+16 1.33e+00
 617 +1.494197039685e+16 1.33e+00
 618 +1.494179862962e+16 1.34e+00
 619 +1.494162568302e+16 1.34e+00
 620 +1.494145155832e+16 1.35e+00
 621 +1.494127628827e+16 1.35e+00
 622 +1.494109993901e+16 1.35e+00
 623 +1.494092260913e+16 1.36e+00
 624 +1.494074442601e+16 1.36e+00
 625 +1.494056553922e+16 1.37e+00
 626 +1.494038611176e+16 1.37e+00
 627 +1.494020631003e+16 1.37e+00
 628 +1.494002629392e+16 1.38e+00
 629 +1.493984620827e+16 1.38e+00
 630 +1.493966617684e+16 1.38e+00
 631 +1.493948629939e+16 1.39e+00
 632 +1.493930665200e+16 1.39e+00
 633 +1.493912729014e+16 1.39e+00
 634 +1.493894825345e+16 1.39e+00
 635 +1.493876957121e+16 1.40e+00
 636 +1.493859126721e+16 1.40e+00
 637 +1.493841336337e+16 1.40e+00
 638 +1.493823588153e+16 1.40e+00
 639 +1.493805884355e+16 1.40e+00
 640 +1.493788226996e+16 1.40e+00
 641 +1.493770617789e+16 1.40e+00
 642 +1.493753057867e+16 1.40e+00
 643 +1.493735547593e+16 1.40e+00
 644 +1.493718086430e+16 1.40e+00
 645 +1.493700672922e+16 1.40e+00
 646 +1.493683304789e+16 1.39e+00
 647 +1.493665979145e+16 1.39e+00
 648 +1.493648692838e+16 1.39e+00
 649 +1.493631442902e+16 1.39e+00
 650 +1.493614227074e+16 1.39e+00
 651 +1.493597044352e+16 1.38e+00
 652 +1.493579895510e+16 1.38e+00
 653 +1.493562783516e+16 1.38e+00
 654 +1.493545713786e+16 1.37e+00
 655 +1.493528694225e+16 1.37e+00
 656 +1.493511735043e+16 1.37e+00
 657 +1.493494848349e+16 1.36e+00
 658 +1.493478047567e+16 1.36e+00
 659 +1.493461346718e+16 1.36e+00
 660 +1.493444759640e+16 1.35e+00
 661 +1.493428299204e+16 1.35e+00
 662 +1.493411976574e+16 1.34e+00
 663 +1.493395800561e+16 1.34e+00
 664 +1.493379777109e+16 1.34e+00
 665 +1.493363908941e+16 1.33e+00
 666 +1.493348195388e+16 1.33e+00
 667 +1.493332632428e+16 1.32e+00
 668 +1.493317212927e+16 1.32e+00
 669 +1.493301927084e+16 1.32e+00
 670 +1.493286763041e+16 1.31e+00
 671 +1.493271707622e+16 1.31e+00
 672 +1.493256747136e+16 1.30e+00
 673 +1.493241868186e+16 1.30e+00
 674 +1.493227058424e+16 1.30e+00
 675 +1.493212307201e+16 1.29e+00
 676 +1.493197606065e+16 1.29e+00
 677 +1.493182949108e+16 1.28e+00
 678 +1.493168333122e+16 1.28e+00
 679 +1.493153757610e+16 1.28e+00
 680 +1.493139224633e+16 1.27e+00
 681 +1.493124738537e+16 1.27e+00
 682 +1.493110305569e+16 1.26e+00
 683 +1.493095933417e+16 1.26e+00
 684 +1.493081630673e+16 1.25e+00
 685 +1.493067406265e+16 1.25e+00
 686 +1.493053268860e+16 1.25e+00
 687 +1.493039226281e+16 1.24e+00
 688 +1.493025284966e+16 1.24e+00
 689 +1.493011449509e+16 1.23e+00
 690 +1.492997722309e+16 1.23e+00
 691 +1.492984103381e+16 1.22e+00
 692 +1.492970590320e+16 1.22e+00
 693 +1.492957178437e+16 1.22e+00
 694 +1.492943861064e+16 1.21e+00
 695 +1.492930629981e+16 1.21e+00
 696 +1.492917475940e+16 1.21e+00
 697 +1.492904389246e+16 1.20e+00
 698 +1.492891360339e+16 1.20e+00
 699 +1.492878380338e+16 1.20e+00
 700 +1.492865441513e+16 1.19e+00
 701 +1.492852537648e+16 1.19e+00
 702 +1.492839664281e+16 1.19e+00
 703 +1.492826818798e+16 1.18e+00
 704 +1.492814000382e+16 1.18e+00
 705 +1.492801209814e+16 1.18e+00
 706 +1.492788449129e+16 1.18e+00
 707 +1.492775721175e+16 1.18e+00
 708 +1.492763029068e+16 1.17e+00
 709 +1.492750375623e+16 1.17e+00
 710 +1.492737762793e+16 1.17e+00
 711 +1.492725191168e+16 1.17e+00
 712 +1.492712659596e+16 1.17e+00
 713 +1.492700164940e+16 1.17e+00
 714 +1.492687702018e+16 1.17e+00
 715 +1.492675263705e+16 1.17e+00
 716 +1.492662841187e+16 1.17e+00
 717 +1.492650424340e+16 1.17e+00
 718 +1.492638002191e+16 1.17e+00
 719 +1.492625563418e+16 1.17e+00
 720 +1.492613096859e+16 1.18e+00
 721 +1.492600591991e+16 1.18e+00
 722 +1.492588039370e+16 1.18e+00
 723 +1.492575431012e+16 1.18e+00
 724 +1.492562760719e+16 1.19e+00
 725 +1.492550024348e+16 1.19e+00
 726 +1.492537220030e+16 1.19e+00
 727 +1.492524348338e+16 1.20e+00
 728 +1.492511412413e+16 1.20e+00
 729 +1.492498418035e+16 1.20e+00
 730 +1.492485373649e+16 1.21e+00
 731 +1.492472290313e+16 1.21e+00
 732 +1.492459181579e+16 1.22e+00
 733 +1.492446063266e+16 1.22e+00
 734 +1.492432953142e+16 1.24e+00
 735 +1.492419870482e+16 1.30e+00
 736 +1.492406835533e+16 1.37e+00
 737 +1.492393868889e+16 1.42e+00
 738 +1.492380990801e+16 1.47e+00
 739 +1.492368220490e+16 1.50e+00
 740 +1.492355575473e+16 1.53e+00
 741 +1.492343070985e+16 1.54e+00
 742 +1.492330719511e+16 1.55e+00
 743 +1.492318530472e+16 1.54e+00
 744 +1.492306510075e+16 1.52e+00
 745 +1.492294661314e+16 1.49e+00
 746 +1.492282984126e+16 1.45e+00
 747 +1.492271475640e+16 1.40e+00
 748 +1.492260130517e+16 1.34e+00
 749 +1.492248941326e+16 1.28e+00
 750 +1.492237898943e+16 1.27e+00
 751 +1.492226992938e+16 1.28e+00
 752 +1.492216211945e+16 1.28e+00
 753 +1.492205543996e+16 1.28e+00
 754 +1.492194976825e+16 1.28e+00
 755 +1.492184498131e+16 1.28e+00
 756 +1.492174095796e+16 1.28e+00
 757 +1.492163758066e+16 1.28e+00
 758 +1.492153473689e+16 1.28e+00
 759 +1.492143232017e+16 1.28e+00
 760 +1.492133023069e+16 1.27e+00
 761 +1.492122837575e+16 1.27e+00
 762 +1.492112666997e+16 1.27e+00
 763 +1.492102503536e+16 1.27e+00
 764 +1.492092340143e+16 1.26e+00
 765 +1.492082170520e+16 1.26e+00
 766 +1.492071989129e+16 1.25e+00
 767 +1.492061791199e+16 1.25e+00
 768 +1.492051572742e+16 1.24e+00
 769 +1.492041330553e+16 1.24e+00
 770 +1.492031062220e+16 1.23e+00
 771 +1.492020766119e+16 1.23e+00
 772 +1.492010441409e+16 1.22e+00
 773 +1.492000088028e+16 1.21e+00
 774 +1.491989706677e+16 1.21e+00
 775 +1.491979298822e+16 1.20e+00
 776 +1.491968866686e+16 1.19e+00
 777 +1.491958413257e+16 1.19e+00
 778 +1.491947942294e+16 1.18e+00
 779 +1.491937458336e+16 1.17e+00
 780 +1.491926966699e+16 1.16e+00
 781 +1.491916473465e+16 1.16e+00
 782 +1.491905985430e+16 1.15e+00
 783 +1.491895510022e+16 1.14e+00
 784 +1.491885055157e+16 1.13e+00
 785 +1.491874629044e+16 1.13e+00
 786 +1.491864239930e+16 1.12e+00
 787 +1.491853895801e+16 1.11e+00
 788 +1.491843604061e+16 1.10e+00
 789 +1.491833371215e+16 1.10e+00
 790 +1.491823202586e+16 1.09e+00
 791 +1.491813102096e+16 1.08e+00
 792 +1.491803072135e+16 1.08e+00
 793 +1.491793113521e+16 1.08e+00
 794 +1.491783225559e+16 1.07e+00
 795 +1.491773406187e+16 1.07e+00
 796 +1.491763652183e+16 1.07e+00
 797 +1.491753959414e+16 1.06e+00
 798 +1.491744323105e+16 1.06e+00
 799 +1.491734738103e+16 1.05e+00
 800 +1.491725199124e+16 1.05e+00
 801 +1.491715700979e+16 1.05e+00
 802 +1.491706238768e+16 1.04e+00
 803 +1.491696808055e+16 1.04e+00
 804 +1.491687405012e+16 1.03e+00
 805 +1.491678026561e+16 1.03e+00
 806 +1.491668670486e+16 1.03e+00
 807 +1.491659335540e+16 1.02e+00
 808 +1.491650021523e+16 1.02e+00
 809 +1.491640729335e+16 1.01e+00
 810 +1.491631460986e+16 1.01e+00
 811 +1.491622219560e+16 1.00e+00
 812 +1.491613009118e+16 9.99e-01
 813 +1.491603834543e+16 9.94e-01
 814 +1.491594701329e+16 9.89e-01
 815 +1.491585615313e+16 9.84e-01
 816 +1.491576582378e+16 9.79e-01
 817 +1.491567608127e+16 9.75e-01
 818 +1.491558697573e+16 9.70e-01
 819 +1.491549854842e+16 9.65e-01
 820 +1.491541082926e+16 9.60e-01
 821 +1.491532383506e+16 9.54e-01
 822 +1.491523756837e+16 9.49e-01
 823 +1.491515201723e+16 9.44e-01
 824 +1.491506715564e+16 9.39e-01
 825 +1.491498294476e+16 9.34e-01
 826 +1.491489933462e+16 9.28e-01
 827 +1.491481626631e+16 9.23e-01
 828 +1.491473367435e+16 9.17e-01
 829 +1.491465148913e+16 9.12e-01
 830 +1.491456963935e+16 9.06e-01
 831 +1.491448805420e+16 9.01e-01
 832 +1.491440666536e+16 8.95e-01
 833 +1.491432540867e+16 8.89e-01
 834 +1.491424422559e+16 8.84e-01
 835 +1.491416306422e+16 8.78e-01
 836 +1.491408188023e+16 8.72e-01
 837 +1.491400063742e+16 8.66e-01
 838 +1.491391930817e+16 8.60e-01
 839 +1.491383787358e+16 8.54e-01
 840 +1.491375632354e+16 8.54e-01
 841 +1.491367465656e+16 8.56e-01
 842 +1.491359287937e+16 8.58e-01
 843 +1.491351100634e+16 8.59e-01
 844 +1.491342905874e+16 8.61e-01
 845 +1.491334706365e+16 8.63e-01
 846 +1.491326505276e+16 8.64e-01
 847 +1.491318306094e+16 8.65e-01
 848 +1.491310112472e+16 8.67e-01
 849 +1.491301928068e+16 8.68e-01
 850 +1.491293756398e+16 8.69e-01
 851 +1.491285600694e+16 8.70e-01
 852 +1.491277463796e+16 8.71e-01
 853 +1.491269348078e+16 8.72e-01
 854 +1.491261255409e+16 8.72e-01
 855 +1.491253187159e+16 8.73e-01
 856 +1.491245144244e+16 8.74e-01
 857 +1.491237127195e+16 8.74e-01
 858 +1.491229136258e+16 8.75e-01
 859 +1.491221171488e+16 8.75e-01
 860 +1.491213232855e+16 8.75e-01
 861 +1.491205320325e+16 8.75e-01
 862 +1.491197433923e+16 8.92e-01
 863 +1.491189573766e+16 9.32e-01
 864 +1.491181740072e+16 9.70e-01
 865 +1.491173933139e+16 1.01e+00
 866 +1.491166153295e+16 1.04e+00
 867 +1.491158400844e+16 1.07e+00
 868 +1.491150675981e+16 1.10e+00
 869 +1.491142978723e+16 1.12e+00
 870 +1.491135308825e+16 1.14e+00
 871 +1.491127665713e+16 1.15e+00
 872 +1.491120048429e+16 1.16e+00
 873 +1.491112455585e+16 1.16e+00
 874 +1.491104885342e+16 1.16e+00
 875 +1.491097335399e+16 1.16e+00
 876 +1.491089803003e+16 1.15e+00
 877 +1.491082284961e+16 1.13e+00
 878 +1.491074777674e+16 1.12e+00
 879 +1.491067277168e+16 1.10e+00
 880 +1.491059779129e+16 1.07e+00
 881 +1.491052278936e+16 1.04e+00
 882 +1.491044771692e+16 1.01e+00
 883 +1.491037252252e+16 9.84e-01
 884 +1.491029715241e+16 9.51e-01
 885 +1.491022155077e+16 9.18e-01
 886 +1.491014565984e+16 8.87e-01
 887 +1.491006942013e+16 9.03e-01
 888 +1.490999277059e+16 9.19e-01
 889 +1.490991564891e+16 9.36e-01
 890 +1.490983799188e+16 9.52e-01
 891 +1.490975973578e+16 9.69e-01
 892 +1.490968081700e+16 9.86e-01
 893 +1.490960117271e+16 1.00e+00
 894 +1.490952074167e+16 1.02e+00
 895 +1.490943946515e+16 1.04e+00
 896 +1.490935728801e+16 1.06e+00
 897 +1.490927415984e+16 1.07e+00
 898 +1.490919003618e+16 1.09e+00
 899 +1.490910487980e+16 1.11e+00
 900 +1.490901866199e+16 1.13e+00
 901 +1.490893136377e+16 1.15e+00
 902 +1.490884297705e+16 1.17e+00
 903 +1.490875350553e+16 1.19e+00
 904 +1.490866296548e+16 1.21e+00
 905 +1.490857138603e+16 1.22e+00
 906 +1.490847880926e+16 1.24e+00
 907 +1.490838528970e+16 1.26e+00
 908 +1.490829089347e+16 1.28e+00
 909 +1.490819569700e+16 1.30e+00
 910 +1.490809978525e+16 1.32e+00
 911 +1.490800324967e+16 1.34e+00
 912 +1.490790618596e+16 1.36e+00
 913 +1.490780869167e+16 1.38e+00
 914 +1.490771086384e+16 1.40e+00
 915 +1.490761279681e+16 1.42e+00
 916 +1.490751458026e+16 1.44e+00
 917 +1.490741629761e+16 1.46e+00
 918 +1.490731802480e+16 1.48e+00
 919 +1.490721982948e+16 1.50e+00
 920 +1.490712177063e+16 1.52e+00
 921 +1.490702389847e+16 1.55e+00
 922 +1.490692625479e+16 1.57e+00
 923 +1.490682887347e+16 1.59e+00
 924 +1.490673178120e+16 1.61e+00
 925 +1.490663499830e+16 1.63e+00
 926 +1.490653853964e+16 1.65e+00
 927 +1.490644241549e+16 1.67e+00
 928 +1.490634663230e+16 1.69e+00
 929 +1.490625119339e+16 1.72e+00
 930 +1.490615609942e+16 1.74e+00
 931 +1.490606134872e+16 1.76e+00
 932 +1.490596693737e+16 1.78e+00
 933 +1.490587285910e+16 1.81e+00
 934 +1.490577910514e+16 1.83e+00
 935 +1.490568566379e+16 1.85e+00
 936 +1.490559252017e+16 1.87e+00
 937 +1.490549965586e+16 1.90e+00
 938 +1.490540704873e+16 1.92e+00
 939 +1.490531467290e+16 1.94e+00
 940 +1.490522249890e+16 1.97e+00
 941 +1.490513049405e+16 1.99e+00
 942 +1.490503862297e+16 2.01e+00
 943 +1.490494684834e+16 2.04e+00
 944 +1.490485513163e+16 2.06e+00
 945 +1.490476343405e+16 2.09e+00
 946 +1.490467171738e+16 2.11e+00
 947 +1.490457994483e+16 2.13e+00
 948 +1.490448808188e+16 2.16e+00
 949 +1.490439609693e+16 2.18e+00
 950 +1.490430396193e+16 2.21e+00
 951 +1.490421165297e+16 2.23e+00
 952 +1.490411915064e+16 2.25e+00
 953 +1.490402644038e+16 2.28e+00
 954 +1.490393351278e+16 2.30e+00
 955 +1.490384036374e+16 2.33e+00
 956 +1.490374699457e+16 2.35e+00
 957 +1.490365341200e+16 2.37e+00
 958 +1.490355962817e+16 2.40e+00
 959 +1.490346566043e+16 2.42e+00
 960 +1.490337153112e+16 2.44e+00
 961 +1.490327726723e+16 2.47e+00
 962 +1.490318289996e+16 2.49e+00
 963 +1.490308846414e+16 2.51e+00
 964 +1.490299399760e+16 2.53e+00
 965 +1.490289954044e+16 2.55e+00
 966 +1.490280513421e+16 2.58e+00
 967 +1.490271082105e+16 2.60e+00
 968 +1.490261664279e+16 2.62e+00
 969 +1.490252264014e+16 2.64e+00
 970 +1.490242885178e+16 2.66e+00
 971 +1.490233531366e+16 2.68e+00
 972 +1.490224205832e+16 2.70e+00
 973 +1.490214911435e+16 2.72e+00
 974 +1.490205650597e+16 2.74e+00
 975 +1.490196425282e+16 2.76e+00
 976 +1.490187236978e+16 2.78e+00
 977 +1.490178086700e+16 2.80e+00
 978 +1.490168975002e+16 2.82e+00
 979 +1.490159901996e+16 2.84e+00
 980 +1.490150867384e+16 2.86e+00
 981 +1.490141870492e+16 2.87e+00
 982 +1.490132910308e+16 2.89e+00
 983 +1.490123985527e+16 2.91e+00
 984 +1.490115094596e+16 2.93e+00
 985 +1.490106235756e+16 2.95e+00
 986 +1.490097407094e+16 2.96e+00
 987 +1.490088606587e+16 2.98e+00
 988 +1.490079832152e+16 3.00e+00
 989 +1.490071081687e+16 3.01e+00
 990 +1.490062353121e+16 3.03e+00
 991 +1.490053644457e+16 3.05e+00
 992 +1.490044953806e+16 3.06e+00
 993 +1.490036279432e+16 3.08e+00
 994 +1.490027619779e+16 3.09e+00
 995 +1.490018973497e+16 3.11e+00
 996 +1.490010339469e+16 3.12e+00
 997 +1.490001716815e+16 3.14e+00
 998 +1.489993104911e+16 3.15e+00
 999 +1.489984503378e+16 3.16e+00
1000 +1.489975912087e+16 3.18e+00
Computation took 1961.29 seconds.
Multinomial likelihood at nnmf solution: -5583123223477.348632812500
Writing results to file.
-----------------------------------------------------------------------------------------------------
MATLAB Version: 9.5.0.944444 (R2018b)
MATLAB License Number: 719588
Operating System: Linux 3.10.0-957.5.1.el7.x86_64 #1 SMP Tue Jan 29 10:14:19 CST 2019 x86_64
Java Version: Java 1.8.0_152-b16 with Oracle Corporation Java HotSpot(TM) 64-Bit Server VM mixed mode
-----------------------------------------------------------------------------------------------------
MATLAB                                                Version 9.5         (R2018b)
Simulink                                              Version 9.2         (R2018b)
Bioinformatics Toolbox                                Version 4.11        (R2018b)
Communications Toolbox                                Version 7.0         (R2018b)
Computer Vision System Toolbox                        Version 8.2         (R2018b)
Control System Toolbox                                Version 10.5        (R2018b)
Curve Fitting Toolbox                                 Version 3.5.8       (R2018b)
DSP System Toolbox                                    Version 9.7         (R2018b)
Database Toolbox                                      Version 9.0         (R2018b)
Datafeed Toolbox                                      Version 5.8         (R2018b)
Deep Learning Toolbox                                 Version 12.0        (R2018b)
Econometrics Toolbox                                  Version 5.1         (R2018b)
Financial Instruments Toolbox                         Version 2.8         (R2018b)
Financial Toolbox                                     Version 5.12        (R2018b)
Fixed-Point Designer                                  Version 6.2         (R2018b)
Fuzzy Logic Toolbox                                   Version 2.4         (R2018b)
Global Optimization Toolbox                           Version 4.0         (R2018b)
HDL Verifier                                          Version 5.5         (R2018b)
Image Acquisition Toolbox                             Version 5.5         (R2018b)
Image Processing Toolbox                              Version 10.3        (R2018b)
Instrument Control Toolbox                            Version 3.14        (R2018b)
MATLAB Coder                                          Version 4.1         (R2018b)
MATLAB Compiler                                       Version 7.0         (R2018b)
MATLAB Compiler SDK                                   Version 6.6         (R2018b)
MATLAB Report Generator                               Version 5.5         (R2018b)
Mapping Toolbox                                       Version 4.7         (R2018b)
Model Predictive Control Toolbox                      Version 6.2         (R2018b)
Optimization Toolbox                                  Version 8.2         (R2018b)
Parallel Computing Toolbox                            Version 6.13        (R2018b)
Partial Differential Equation Toolbox                 Version 3.1         (R2018b)
RF Blockset                                           Version 7.1         (R2018b)
RF Toolbox                                            Version 3.5         (R2018b)
Robust Control Toolbox                                Version 6.5         (R2018b)
Signal Processing Toolbox                             Version 8.1         (R2018b)
SimBiology                                            Version 5.8.1       (R2018b)
Simscape                                              Version 4.5         (R2018b)
Simscape Multibody                                    Version 6.0         (R2018b)
Simulink Check                                        Version 4.2         (R2018b)
Simulink Coder                                        Version 9.0         (R2018b)
Simulink Control Design                               Version 5.2         (R2018b)
Simulink Coverage                                     Version 4.2         (R2018b)
Simulink Design Optimization                          Version 3.5         (R2018b)
Simulink Design Verifier                              Version 4.0         (R2018b)
Simulink Requirements                                 Version 1.2         (R2018b)
Stateflow                                             Version 9.2         (R2018b)
Statistics and Machine Learning Toolbox               Version 11.4        (R2018b)
Symbolic Math Toolbox                                 Version 8.2         (R2018b)
System Identification Toolbox                         Version 9.9         (R2018b)
Trading Toolbox                                       Version 3.5         (R2018b)
Wavelet Toolbox                                       Version 5.1         (R2018b)
