
                            < M A T L A B (R) >
                  Copyright 1984-2018 The MathWorks, Inc.
                   R2018b (9.5.0.944444) 64-bit (glnxa64)
                              August 28, 2018

 
To get started, type doc.
For product information, visit www.mathworks.com.
 
Loading GTEx data.
Loaded 11688 x 55863 count matrix.
Loading GTEx data.
reconstruct 11688 x 55863 count matrix.
Loading initial estimates of factors and loadings.
Loaded 55863 x 20 factors matrix, and 11688 x 20 loadings matrix.
Fitting Poisson topic model using betanmf.
iter obj (cost fn)  	obj_Xhat (cost fn)     max.diff
---- ------------------- ------------------- --------
   1 +4.203868951779e+16 +3.663687869416e+16 1.38e+03
   2 +3.651065283816e+16 +3.117284630473e+16 9.83e+02
   3 +3.341247828010e+16 +2.812443447161e+16 1.06e+03
   4 +3.151111604071e+16 +2.625756294408e+16 8.97e+02
   5 +3.032650614173e+16 +2.509576706582e+16 6.01e+02
   6 +2.953564787045e+16 +2.431947020743e+16 3.56e+02
   7 +2.894664026628e+16 +2.373955156862e+16 3.27e+02
   8 +2.845962215072e+16 +2.325813888468e+16 2.97e+02
   9 +2.802006880567e+16 +2.282197468823e+16 2.71e+02
  10 +2.759442783158e+16 +2.239830075446e+16 2.79e+02
  11 +2.715740145329e+16 +2.196235457473e+16 3.73e+02
  12 +2.668264641590e+16 +2.148823307185e+16 4.88e+02
  13 +2.613667993498e+16 +2.094285376182e+16 6.21e+02
  14 +2.548654804142e+16 +2.029364588507e+16 7.52e+02
  15 +2.472681540165e+16 +1.953550777081e+16 8.45e+02
  16 +2.391255324707e+16 +1.872360370518e+16 8.55e+02
  17 +2.314839375312e+16 +1.796226705326e+16 7.75e+02
  18 +2.251801424592e+16 +1.733468114572e+16 6.41e+02
  19 +2.203767477381e+16 +1.685676379026e+16 5.03e+02
  20 +2.167750457432e+16 +1.649856359987e+16 3.87e+02
  21 +2.139911080586e+16 +1.622175862799e+16 2.98e+02
  22 +2.117360158024e+16 +1.599755305480e+16 2.32e+02
  23 +2.098356077127e+16 +1.580860440475e+16 1.83e+02
  24 +2.081953801628e+16 +1.564551155914e+16 1.46e+02
  25 +2.067607072421e+16 +1.550284205085e+16 1.17e+02
  26 +2.054885460295e+16 +1.537630903016e+16 9.53e+01
  27 +2.043366653677e+16 +1.526170042760e+16 7.85e+01
  28 +2.032634590887e+16 +1.515486434003e+16 6.65e+01
  29 +2.022299122037e+16 +1.505190652728e+16 5.90e+01
  30 +2.012015907422e+16 +1.494939006150e+16 5.56e+01
  31 +2.001504918425e+16 +1.484452172822e+16 5.58e+01
  32 +1.990565680910e+16 +1.473530522781e+16 5.92e+01
  33 +1.979084891186e+16 +1.462061696071e+16 6.49e+01
  34 +1.967034777791e+16 +1.450018873569e+16 7.23e+01
  35 +1.954463714457e+16 +1.437451330407e+16 8.04e+01
  36 +1.941478225897e+16 +1.424466467714e+16 8.85e+01
  37 +1.928221558120e+16 +1.411208512173e+16 9.58e+01
  38 +1.914852983084e+16 +1.397837927980e+16 1.02e+02
  39 +1.901530450819e+16 +1.384513972432e+16 1.07e+02
  40 +1.888398482221e+16 +1.371382331969e+16 1.10e+02
  41 +1.875577177107e+16 +1.358563896023e+16 1.11e+02
  42 +1.863150705232e+16 +1.346143153848e+16 1.11e+02
  43 +1.851161581515e+16 +1.334162525735e+16 1.10e+02
  44 +1.839616937834e+16 +1.322628782506e+16 1.08e+02
  45 +1.828503410531e+16 +1.311528125922e+16 1.06e+02
  46 +1.817802115735e+16 +1.300841372916e+16 1.03e+02
  47 +1.807497983813e+16 +1.290553428306e+16 9.94e+01
  48 +1.797580285161e+16 +1.280653789670e+16 9.60e+01
  49 +1.788035338138e+16 +1.271129092346e+16 9.28e+01
  50 +1.778838759281e+16 +1.261955157893e+16 8.97e+01
  51 +1.769955185567e+16 +1.253096559399e+16 8.69e+01
  52 +1.761345446198e+16 +1.244513727791e+16 8.45e+01
  53 +1.752975614719e+16 +1.236172130107e+16 8.24e+01
  54 +1.744823425423e+16 +1.228049108107e+16 8.07e+01
  55 +1.736879963092e+16 +1.220135795304e+16 7.92e+01
  56 +1.729149364161e+16 +1.212436240067e+16 7.78e+01
  57 +1.721649446953e+16 +1.204967734727e+16 7.63e+01
  58 +1.714409721705e+16 +1.197759208955e+16 7.47e+01
  59 +1.707465078783e+16 +1.190845155511e+16 7.27e+01
  60 +1.700847200798e+16 +1.184257027510e+16 7.04e+01
  61 +1.694577159491e+16 +1.178015757761e+16 6.77e+01
  62 +1.688660825544e+16 +1.172127114715e+16 6.46e+01
  63 +1.683087024055e+16 +1.166579842995e+16 6.14e+01
  64 +1.677828906077e+16 +1.161347041363e+16 5.81e+01
  65 +1.672848312186e+16 +1.156390536401e+16 5.49e+01
  66 +1.668101810566e+16 +1.151666920154e+16 5.19e+01
  67 +1.663547968254e+16 +1.147134810141e+16 4.92e+01
  68 +1.659154907539e+16 +1.142762404615e+16 4.68e+01
  69 +1.654903971058e+16 +1.138531161851e+16 4.56e+01
  70 +1.650788316215e+16 +1.134434386655e+16 4.97e+01
  71 +1.646809110041e+16 +1.130473378873e+16 5.22e+01
  72 +1.642970571925e+16 +1.126652443440e+16 5.30e+01
  73 +1.639276008637e+16 +1.122974936012e+16 5.18e+01
  74 +1.635727138197e+16 +1.119442616381e+16 4.91e+01
  75 +1.632326547786e+16 +1.116058138761e+16 4.53e+01
  76 +1.629080080855e+16 +1.112827464862e+16 4.08e+01
  77 +1.625994850083e+16 +1.109757870879e+16 3.60e+01
  78 +1.623073318164e+16 +1.106851977453e+16 3.35e+01
  79 +1.620309489754e+16 +1.104103886443e+16 3.26e+01
  80 +1.617689916050e+16 +1.101500165840e+16 3.16e+01
  81 +1.615196967446e+16 +1.099023135599e+16 3.06e+01
  82 +1.612812530108e+16 +1.096654599721e+16 2.96e+01
  83 +1.610521932284e+16 +1.094379819087e+16 2.87e+01
  84 +1.608317569844e+16 +1.092191165506e+16 2.78e+01
  85 +1.606200364880e+16 +1.090089559418e+16 2.69e+01
  86 +1.604176964679e+16 +1.088081619565e+16 2.61e+01
  87 +1.602253222599e+16 +1.086173125453e+16 2.52e+01
  88 +1.600428115366e+16 +1.084362960386e+16 2.43e+01
  89 +1.598692248850e+16 +1.082641662236e+16 2.34e+01
  90 +1.597031101392e+16 +1.080994703868e+16 2.25e+01
  91 +1.595429994487e+16 +1.079407454014e+16 2.16e+01
  92 +1.593878017216e+16 +1.077869069054e+16 2.07e+01
  93 +1.592369851232e+16 +1.076374305773e+16 1.99e+01
  94 +1.590905440839e+16 +1.074923169441e+16 1.92e+01
  95 +1.589487581803e+16 +1.073518473168e+16 1.85e+01
  96 +1.588118526464e+16 +1.072162444031e+16 1.78e+01
  97 +1.586797616432e+16 +1.070854384388e+16 1.77e+01
  98 +1.585521068161e+16 +1.069590476405e+16 1.69e+01
  99 +1.584283455617e+16 +1.068365263454e+16 1.59e+01
 100 +1.583079676906e+16 +1.067173606314e+16 1.53e+01
 101 +1.581906401004e+16 +1.066012119480e+16 1.49e+01
 102 +1.580762423305e+16 +1.064879534119e+16 1.59e+01
 103 +1.579647942768e+16 +1.063776025393e+16 1.61e+01
 104 +1.578563395386e+16 +1.062702124573e+16 1.53e+01
 105 +1.577508577363e+16 +1.061657854310e+16 1.38e+01
 106 +1.576482334777e+16 +1.060642293788e+16 1.25e+01
 107 +1.575482387320e+16 +1.059653260160e+16 1.20e+01
 108 +1.574504784217e+16 +1.058686750470e+16 1.16e+01
 109 +1.573543744346e+16 +1.057736855051e+16 1.12e+01
 110 +1.572592817203e+16 +1.056796985530e+16 1.08e+01
 111 +1.571646638496e+16 +1.055861670185e+16 1.05e+01
 112 +1.570702106083e+16 +1.054927754787e+16 1.14e+01
 113 +1.569758631974e+16 +1.053994665267e+16 1.27e+01
 114 +1.568817631696e+16 +1.053063876848e+16 1.40e+01
 115 +1.567881589239e+16 +1.052137927528e+16 1.54e+01
 116 +1.566953107842e+16 +1.051219425157e+16 1.69e+01
 117 +1.566034296994e+16 +1.050310436420e+16 1.85e+01
 118 +1.565126619036e+16 +1.049412388523e+16 2.02e+01
 119 +1.564230982513e+16 +1.048526234660e+16 2.19e+01
 120 +1.563347804932e+16 +1.047652492166e+16 2.36e+01
 121 +1.562477095763e+16 +1.046791209402e+16 2.54e+01
 122 +1.561618542280e+16 +1.045942030544e+16 2.71e+01
 123 +1.560771552624e+16 +1.045104301885e+16 2.87e+01
 124 +1.559935442130e+16 +1.044277295963e+16 3.02e+01
 125 +1.559109777167e+16 +1.043460560687e+16 3.16e+01
 126 +1.558294698040e+16 +1.042654237403e+16 3.28e+01
 127 +1.557491062942e+16 +1.041859197547e+16 3.38e+01
 128 +1.556700357826e+16 +1.041076945075e+16 3.46e+01
 129 +1.555924382970e+16 +1.040309297164e+16 3.51e+01
 130 +1.555164762568e+16 +1.039557888220e+16 3.53e+01
 131 +1.554422389126e+16 +1.038823610201e+16 3.52e+01
 132 +1.553696984645e+16 +1.038106175088e+16 3.49e+01
 133 +1.552986953629e+16 +1.037403971605e+16 3.44e+01
 134 +1.552289576637e+16 +1.036714260840e+16 3.36e+01
 135 +1.551601432224e+16 +1.036033598867e+16 3.26e+01
 136 +1.550918873675e+16 +1.035358314298e+16 3.14e+01
 137 +1.550238448980e+16 +1.034684930065e+16 3.02e+01
 138 +1.549557254617e+16 +1.034010520055e+16 2.88e+01
 139 +1.548873266653e+16 +1.033333043462e+16 2.74e+01
 140 +1.548185666737e+16 +1.032651673180e+16 2.60e+01
 141 +1.547495104420e+16 +1.031967058832e+16 2.46e+01
 142 +1.546803770687e+16 +1.031281399664e+16 2.32e+01
 143 +1.546115161141e+16 +1.030598206605e+16 2.18e+01
 144 +1.545433505977e+16 +1.029921730544e+16 2.05e+01
 145 +1.544762995936e+16 +1.029256185592e+16 1.92e+01
 146 +1.544107047176e+16 +1.028605010102e+16 1.80e+01
 147 +1.543467844264e+16 +1.027970404984e+16 1.69e+01
 148 +1.542846276322e+16 +1.027353265099e+16 1.59e+01
 149 +1.542242214617e+16 +1.026753453117e+16 1.49e+01
 150 +1.541654964878e+16 +1.026170250625e+16 1.40e+01
 151 +1.541083705314e+16 +1.025602799904e+16 1.32e+01
 152 +1.540527768014e+16 +1.025050397551e+16 1.24e+01
 153 +1.539986691691e+16 +1.024512566535e+16 1.16e+01
 154 +1.539460070070e+16 +1.023988918237e+16 1.10e+01
 155 +1.538947338047e+16 +1.023478940043e+16 1.03e+01
 156 +1.538447639097e+16 +1.022981859472e+16 9.74e+00
 157 +1.537959842440e+16 +1.022496645764e+16 9.26e+00
 158 +1.537482735587e+16 +1.022022168302e+16 9.04e+00
 159 +1.537015314107e+16 +1.021557456268e+16 8.82e+00
 160 +1.536557002184e+16 +1.021101918315e+16 8.59e+00
 161 +1.536107721687e+16 +1.020655436065e+16 8.35e+00
 162 +1.535667863814e+16 +1.020218361554e+16 8.11e+00
 163 +1.535238195868e+16 +1.019791435617e+16 7.86e+00
 164 +1.534819684212e+16 +1.019375610166e+16 7.61e+00
 165 +1.534413259907e+16 +1.018971809212e+16 7.37e+00
 166 +1.534019598695e+16 +1.018580704631e+16 7.12e+00
 167 +1.533638974147e+16 +1.018202566054e+16 6.87e+00
 168 +1.533271199747e+16 +1.017837201110e+16 6.63e+00
 169 +1.532915642021e+16 +1.017483969004e+16 6.56e+00
 170 +1.532571277108e+16 +1.017141839803e+16 6.54e+00
 171 +1.532236769560e+16 +1.016809476611e+16 6.51e+00
 172 +1.531910562364e+16 +1.016485326904e+16 6.49e+00
 173 +1.531590973720e+16 +1.016167716866e+16 6.46e+00
 174 +1.531276295368e+16 +1.015854944970e+16 6.43e+00
 175 +1.530964884510e+16 +1.015545370475e+16 6.40e+00
 176 +1.530655244729e+16 +1.015237494188e+16 6.37e+00
 177 +1.530346098117e+16 +1.014930032963e+16 6.34e+00
 178 +1.530036454721e+16 +1.014621992236e+16 6.30e+00
 179 +1.529725684133e+16 +1.014312740005e+16 6.27e+00
 180 +1.529413586737e+16 +1.014002078991e+16 6.24e+00
 181 +1.529100449302e+16 +1.013690301512e+16 6.20e+00
 182 +1.528787055975e+16 +1.013378198518e+16 6.25e+00
 183 +1.528474621123e+16 +1.013066990028e+16 6.93e+00
 184 +1.528164626178e+16 +1.012758160276e+16 7.44e+00
 185 +1.527858580801e+16 +1.012453218822e+16 7.70e+00
 186 +1.527557772262e+16 +1.012153451694e+16 7.68e+00
 187 +1.527263085504e+16 +1.011859744300e+16 7.39e+00
 188 +1.526974949468e+16 +1.011572530886e+16 6.87e+00
 189 +1.526693405908e+16 +1.011291865749e+16 6.20e+00
 190 +1.526418245152e+16 +1.011017559027e+16 6.41e+00
 191 +1.526149140745e+16 +1.010749307852e+16 6.70e+00
 192 +1.525885738335e+16 +1.010486779580e+16 6.81e+00
 193 +1.525627688001e+16 +1.010229639704e+16 6.72e+00
 194 +1.525374635799e+16 +1.009977542603e+16 6.45e+00
 195 +1.525126202315e+16 +1.009730112608e+16 6.23e+00
 196 +1.524881968573e+16 +1.009486933734e+16 6.42e+00
 197 +1.524641474691e+16 +1.009247550669e+16 6.42e+00
 198 +1.524404235475e+16 +1.009011483144e+16 6.24e+00
 199 +1.524169781366e+16 +1.008778262866e+16 5.90e+00
 200 +1.523937716949e+16 +1.008547488617e+16 5.71e+00
 201 +1.523707764892e+16 +1.008318870028e+16 5.69e+00
 202 +1.523479766993e+16 +1.008092231227e+16 5.84e+00
 203 +1.523253646246e+16 +1.007867476174e+16 5.97e+00
 204 +1.523029362528e+16 +1.007644546710e+16 5.94e+00
 205 +1.522806896735e+16 +1.007423407781e+16 5.74e+00
 206 +1.522586274530e+16 +1.007204071041e+16 5.57e+00
 207 +1.522367609941e+16 +1.006986637086e+16 5.55e+00
 208 +1.522151137621e+16 +1.006771325281e+16 5.53e+00
 209 +1.521937220019e+16 +1.006558478072e+16 5.50e+00
 210 +1.521726336183e+16 +1.006348547670e+16 5.54e+00
 211 +1.521519053422e+16 +1.006142067550e+16 6.05e+00
 212 +1.521315966583e+16 +1.005939594479e+16 6.45e+00
 213 +1.521117597101e+16 +1.005741613948e+16 6.68e+00
 214 +1.520924273505e+16 +1.005548430587e+16 6.74e+00
 215 +1.520736034616e+16 +1.005360083154e+16 6.62e+00
 216 +1.520552588834e+16 +1.005176313821e+16 6.32e+00
 217 +1.520373339163e+16 +1.004996595405e+16 5.89e+00
 218 +1.520197465374e+16 +1.004820202023e+16 5.45e+00
 219 +1.520024046024e+16 +1.004646307222e+16 5.47e+00
 220 +1.519852192826e+16 +1.004474093921e+16 5.49e+00
 221 +1.519681161579e+16 +1.004302853292e+16 5.52e+00
 222 +1.519510413373e+16 +1.004132048779e+16 5.54e+00
 223 +1.519339622055e+16 +1.003961334465e+16 5.56e+00
 224 +1.519168639987e+16 +1.003790532395e+16 5.58e+00
 225 +1.518997439288e+16 +1.003619582427e+16 5.60e+00
 226 +1.518826046704e+16 +1.003448482217e+16 5.62e+00
 227 +1.518654489412e+16 +1.003277235357e+16 5.64e+00
 228 +1.518482763545e+16 +1.003105820378e+16 5.66e+00
 229 +1.518310828009e+16 +1.002934183882e+16 5.68e+00
 230 +1.518138619799e+16 +1.002762254341e+16 5.69e+00
 231 +1.517966085228e+16 +1.002589971612e+16 5.71e+00
 232 +1.517793218473e+16 +1.002417324575e+16 5.72e+00
 233 +1.517620094849e+16 +1.002244384905e+16 5.74e+00
 234 +1.517446889131e+16 +1.002071326766e+16 5.75e+00
 235 +1.517273878117e+16 +1.001898430341e+16 5.76e+00
 236 +1.517101432706e+16 +1.001726073423e+16 5.77e+00
 237 +1.516930004596e+16 +1.001554716193e+16 5.78e+00
 238 +1.516760108668e+16 +1.001384881287e+16 5.79e+00
 239 +1.516592298115e+16 +1.001217127516e+16 6.14e+00
 240 +1.516427128769e+16 +1.001052014089e+16 6.56e+00
 241 +1.516265112772e+16 +1.000890054944e+16 6.85e+00
 242 +1.516106667755e+16 +1.000731668637e+16 7.00e+00
 243 +1.515952072599e+16 +1.000577134481e+16 6.99e+00
 244 +1.515801441242e+16 +1.000426566419e+16 6.82e+00
 245 +1.515654720896e+16 +1.000279911142e+16 6.50e+00
 246 +1.515511713024e+16 +1.000136968939e+16 6.08e+00
 247 +1.515372108899e+16 +9.999974291074e+15 5.81e+00
 248 +1.515235529674e+16 +9.998609098328e+15 5.80e+00
 249 +1.515101563610e+16 +9.997269951406e+15 5.80e+00
 250 +1.514969797459e+16 +9.995952659126e+15 5.80e+00
 251 +1.514839842154e+16 +9.994653251399e+15 5.80e+00
 252 +1.514711353755e+16 +9.993368184100e+15 5.79e+00
 253 +1.514584049884e+16 +9.992094500512e+15 5.79e+00
 254 +1.514457721099e+16 +9.990829948930e+15 5.79e+00
 255 +1.514332236300e+16 +9.989573056536e+15 5.78e+00
 256 +1.514207540754e+16 +9.988323154945e+15 5.78e+00
 257 +1.514083644322e+16 +9.987080331771e+15 5.78e+00
 258 +1.513960597709e+16 +9.985845259941e+15 5.78e+00
 259 +1.513838459534e+16 +9.984618881874e+15 5.78e+00
 260 +1.513717265324e+16 +9.983402023860e+15 5.78e+00
 261 +1.513597010972e+16 +9.982195094345e+15 5.78e+00
 262 +1.513477652208e+16 +9.980997960814e+15 5.78e+00
 263 +1.513359110971e+16 +9.979809970394e+15 5.78e+00
 264 +1.513241281168e+16 +9.978630033190e+15 5.78e+00
 265 +1.513124033238e+16 +9.977456724883e+15 5.78e+00
 266 +1.513007219706e+16 +9.976288399215e+15 5.77e+00
 267 +1.512890682802e+16 +9.975123307284e+15 5.77e+00
 268 +1.512774263565e+16 +9.973959716108e+15 5.77e+00
 269 +1.512657810604e+16 +9.972796011543e+15 5.77e+00
 270 +1.512541185911e+16 +9.971630762385e+15 5.76e+00
 271 +1.512424265564e+16 +9.970462724179e+15 5.76e+00
 272 +1.512306935567e+16 +9.969290784869e+15 5.75e+00
 273 +1.512189085879e+16 +9.968113886893e+15 5.75e+00
 274 +1.512070605922e+16 +9.966930967057e+15 5.74e+00
 275 +1.511951382918e+16 +9.965740933392e+15 5.73e+00
 276 +1.511831303805e+16 +9.964542683302e+15 5.72e+00
 277 +1.511710262780e+16 +9.963335176014e+15 5.71e+00
 278 +1.511588176974e+16 +9.962117581629e+15 5.69e+00
 279 +1.511465010798e+16 +9.960889516522e+15 5.68e+00
 280 +1.511340806170e+16 +9.959651343609e+15 5.66e+00
 281 +1.511215713265e+16 +9.958404484650e+15 5.64e+00
 282 +1.511090015110e+16 +9.957151674378e+15 6.05e+00
 283 +1.510964139360e+16 +9.955897085079e+15 6.59e+00
 284 +1.510838651631e+16 +9.954646264217e+15 7.08e+00
 285 +1.510714227443e+16 +9.953405856642e+15 7.50e+00
 286 +1.510591603647e+16 +9.952183123381e+15 7.83e+00
 287 +1.510471514657e+16 +9.950985312209e+15 8.06e+00
 288 +1.510354622651e+16 +9.949818970416e+15 8.16e+00
 289 +1.510241453035e+16 +9.948689309075e+15 8.13e+00
 290 +1.510132346414e+16 +9.947599726791e+15 7.97e+00
 291 +1.510027435699e+16 +9.946551577786e+15 7.71e+00
 292 +1.509926652053e+16 +9.945544223051e+15 7.34e+00
 293 +1.509829756827e+16 +9.944575340134e+15 6.90e+00
 294 +1.509736390666e+16 +9.943641406260e+15 6.40e+00
 295 +1.509646127809e+16 +9.942738236023e+15 5.88e+00
 296 +1.509558524398e+16 +9.941861461028e+15 5.34e+00
 297 +1.509473153441e+16 +9.941006877790e+15 5.10e+00
 298 +1.509389624563e+16 +9.940170645271e+15 5.06e+00
 299 +1.509307591730e+16 +9.939349363459e+15 5.02e+00
 300 +1.509226754696e+16 +9.938540087700e+15 4.98e+00
 301 +1.509146859021e+16 +9.937740323524e+15 4.94e+00
 302 +1.509067696598e+16 +9.936948020585e+15 4.90e+00
 303 +1.508989105779e+16 +9.936161561931e+15 4.87e+00
 304 +1.508910968801e+16 +9.935379733551e+15 4.83e+00
 305 +1.508833204996e+16 +9.934601661908e+15 4.80e+00
 306 +1.508755760515e+16 +9.933826723367e+15 4.76e+00
 307 +1.508678597319e+16 +9.933054446973e+15 4.73e+00
 308 +1.508601684599e+16 +9.932284438965e+15 4.69e+00
 309 +1.508524994942e+16 +9.931516352014e+15 4.66e+00
 310 +1.508448505952e+16 +9.930749907451e+15 4.63e+00
 311 +1.508372205946e+16 +9.929984957995e+15 4.60e+00
 312 +1.508296100394e+16 +9.929221557403e+15 4.56e+00
 313 +1.508220214701e+16 +9.928459991845e+15 4.53e+00
 314 +1.508144589867e+16 +9.927700736079e+15 4.50e+00
 315 +1.508069270648e+16 +9.926944329111e+15 4.47e+00
 316 +1.507994290114e+16 +9.926191208327e+15 4.44e+00
 317 +1.507919657531e+16 +9.925441573687e+15 4.41e+00
 318 +1.507845356034e+16 +9.924695350422e+15 4.37e+00
 319 +1.507771352340e+16 +9.923952276542e+15 4.34e+00
 320 +1.507697615283e+16 +9.923212084899e+15 4.31e+00
 321 +1.507624136423e+16 +9.922474711682e+15 4.28e+00
 322 +1.507550945873e+16 +9.921740460801e+15 4.25e+00
 323 +1.507478119096e+16 +9.921010078830e+15 4.23e+00
 324 +1.507405773713e+16 +9.920284729078e+15 4.20e+00
 325 +1.507334058031e+16 +9.919565880724e+15 4.17e+00
 326 +1.507263134410e+16 +9.918855144153e+15 4.14e+00
 327 +1.507193160966e+16 +9.918154087922e+15 4.11e+00
 328 +1.507124274803e+16 +9.917464069959e+15 4.08e+00
 329 +1.507056579326e+16 +9.916786109261e+15 4.05e+00
 330 +1.506990137307e+16 +9.916120815617e+15 4.03e+00
 331 +1.506924970303e+16 +9.915468383673e+15 4.00e+00
 332 +1.506861063716e+16 +9.914828644594e+15 3.97e+00
 333 +1.506798375740e+16 +9.914201157075e+15 3.94e+00
 334 +1.506736847855e+16 +9.913585313634e+15 3.91e+00
 335 +1.506676414756e+16 +9.912980439968e+15 3.88e+00
 336 +1.506617012208e+16 +9.912385872542e+15 3.86e+00
 337 +1.506558582173e+16 +9.911801008371e+15 3.83e+00
 338 +1.506501075234e+16 +9.911225328036e+15 3.80e+00
 339 +1.506444450847e+16 +9.910658397312e+15 3.78e+00
 340 +1.506388676116e+16 +9.910099854236e+15 3.75e+00
 341 +1.506333723646e+16 +9.909549387401e+15 3.72e+00
 342 +1.506279568836e+16 +9.909006709269e+15 3.70e+00
 343 +1.506226186869e+16 +9.908471526923e+15 3.67e+00
 344 +1.506173549648e+16 +9.907943512577e+15 3.65e+00
 345 +1.506121623053e+16 +9.907422276895e+15 3.62e+00
 346 +1.506070364912e+16 +9.906907348822e+15 3.59e+00
 347 +1.506019724075e+16 +9.906398165563e+15 3.57e+00
 348 +1.505969640782e+16 +9.905894075070e+15 3.54e+00
 349 +1.505920048285e+16 +9.905394351088e+15 3.51e+00
 350 +1.505870875386e+16 +9.904898218181e+15 3.49e+00
 351 +1.505822049393e+16 +9.904404882139e+15 3.46e+00
 352 +1.505773498962e+16 +9.903913560694e+15 3.43e+00
 353 +1.505725156375e+16 +9.903423510398e+15 3.40e+00
 354 +1.505676959083e+16 +9.902934047629e+15 3.38e+00
 355 +1.505628850527e+16 +9.902444564046e+15 3.35e+00
 356 +1.505580780518e+16 +9.901954538578e+15 3.32e+00
 357 +1.505532705483e+16 +9.901463548302e+15 3.29e+00
 358 +1.505484588811e+16 +9.900971279303e+15 3.26e+00
 359 +1.505436401377e+16 +9.900477536687e+15 3.24e+00
 360 +1.505388122173e+16 +9.899982251497e+15 3.21e+00
 361 +1.505339738944e+16 +9.899485482327e+15 3.18e+00
 362 +1.505291248790e+16 +9.898987410800e+15 3.15e+00
 363 +1.505242658719e+16 +9.898488331771e+15 3.12e+00
 364 +1.505193986138e+16 +9.897988640198e+15 3.10e+00
 365 +1.505145259149e+16 +9.897488816461e+15 3.07e+00
 366 +1.505096516452e+16 +9.896989411008e+15 3.04e+00
 367 +1.505047806616e+16 +9.896491028230e+15 3.01e+00
 368 +1.504999186591e+16 +9.895994308838e+15 2.99e+00
 369 +1.504950719412e+16 +9.895499909960e+15 2.96e+00
 370 +1.504902471223e+16 +9.895008482321e+15 2.93e+00
 371 +1.504854507769e+16 +9.894520644260e+15 2.90e+00
 372 +1.504806890602e+16 +9.894036953158e+15 2.87e+00
 373 +1.504759673297e+16 +9.893557875882e+15 2.85e+00
 374 +1.504712898029e+16 +9.893083761087e+15 2.82e+00
 375 +1.504666592854e+16 +9.892614816713e+15 2.79e+00
 376 +1.504620769985e+16 +9.892151095691e+15 2.77e+00
 377 +1.504575425179e+16 +9.891692491519e+15 2.74e+00
 378 +1.504530538211e+16 +9.891238743787e+15 2.71e+00
 379 +1.504486074274e+16 +9.890789452370e+15 2.69e+00
 380 +1.504441986091e+16 +9.890344098360e+15 2.66e+00
 381 +1.504398216545e+16 +9.889902069833e+15 2.63e+00
 382 +1.504354701659e+16 +9.889462690931e+15 2.61e+00
 383 +1.504311373820e+16 +9.889025253256e+15 2.58e+00
 384 +1.504268165162e+16 +9.888589048819e+15 2.55e+00
 385 +1.504225011013e+16 +9.888153403826e+15 2.53e+00
 386 +1.504181853320e+16 +9.887717712343e+15 2.50e+00
 387 +1.504138643885e+16 +9.887281468550e+15 2.48e+00
 388 +1.504095347261e+16 +9.886844295898e+15 2.45e+00
 389 +1.504051943077e+16 +9.886405971143e+15 2.43e+00
 390 +1.504008427559e+16 +9.885966441025e+15 2.40e+00
 391 +1.503964814044e+16 +9.885525829262e+15 2.38e+00
 392 +1.503921132295e+16 +9.885084431735e+15 2.37e+00
 393 +1.503877426547e+16 +9.884642698428e+15 2.37e+00
 394 +1.503833752358e+16 +9.884201202212e+15 2.36e+00
 395 +1.503790172572e+16 +9.883760596928e+15 2.36e+00
 396 +1.503746752869e+16 +9.883321569670e+15 2.35e+00
 397 +1.503703557496e+16 +9.882884793726e+15 2.35e+00
 398 +1.503660645632e+16 +9.882450888142e+15 2.35e+00
 399 +1.503618068681e+16 +9.882020387693e+15 2.34e+00
 400 +1.503575868512e+16 +9.881593724202e+15 2.34e+00
 401 +1.503534076558e+16 +9.881171218075e+15 2.33e+00
 402 +1.503492713647e+16 +9.880753078072e+15 2.33e+00
 403 +1.503451790433e+16 +9.880339407172e+15 2.32e+00
 404 +1.503411308253e+16 +9.879930212174e+15 2.32e+00
 405 +1.503371260171e+16 +9.879525414298e+15 2.32e+00
 406 +1.503331631919e+16 +9.879124858111e+15 2.31e+00
 407 +1.503292402552e+16 +9.878728317118e+15 2.31e+00
 408 +1.503253544758e+16 +9.878335496065e+15 2.30e+00
 409 +1.503215024929e+16 +9.877946031346e+15 2.30e+00
 410 +1.503176803157e+16 +9.877559491493e+15 2.30e+00
 411 +1.503138833331e+16 +9.877175379493e+15 2.29e+00
 412 +1.503101063475e+16 +9.876793138326e+15 2.29e+00
 413 +1.503063436421e+16 +9.876412160661e+15 2.28e+00
 414 +1.503025890892e+16 +9.876031803060e+15 2.28e+00
 415 +1.502988362949e+16 +9.875651404096e+15 2.28e+00
 416 +1.502950787757e+16 +9.875270304709e+15 2.27e+00
 417 +1.502913101571e+16 +9.874887868776e+15 2.27e+00
 418 +1.502875243877e+16 +9.874503502368e+15 2.26e+00
 419 +1.502837159573e+16 +9.874116671254e+15 2.26e+00
 420 +1.502798801002e+16 +9.873726916765e+15 2.25e+00
 421 +1.502760129635e+16 +9.873333869867e+15 2.25e+00
 422 +1.502721117279e+16 +9.872937263078e+15 2.25e+00
 423 +1.502681746905e+16 +9.872536940114e+15 2.24e+00
 424 +1.502642013277e+16 +9.872132863876e+15 2.24e+00
 425 +1.502601923564e+16 +9.871725123746e+15 2.23e+00
 426 +1.502561498054e+16 +9.871313943043e+15 2.23e+00
 427 +1.502520770947e+16 +9.870899686572e+15 2.22e+00
 428 +1.502479791024e+16 +9.870482866650e+15 2.22e+00
 429 +1.502438621824e+16 +9.870064144061e+15 2.21e+00
 430 +1.502397340799e+16 +9.869644318905e+15 2.21e+00
 431 +1.502356036926e+16 +9.869224306029e+15 2.20e+00
 432 +1.502314806424e+16 +9.868805091656e+15 2.20e+00
 433 +1.502273746633e+16 +9.868387671687e+15 2.24e+00
 434 +1.502232948627e+16 +9.867972977220e+15 2.26e+00
 435 +1.502192489545e+16 +9.867561797376e+15 2.25e+00
 436 +1.502152425901e+16 +9.867154711778e+15 2.21e+00
 437 +1.502112789002e+16 +9.866752044180e+15 2.18e+00
 438 +1.502073583228e+16 +9.866353844878e+15 2.17e+00
 439 +1.502034787409e+16 +9.865959904115e+15 2.16e+00
 440 +1.501996358978e+16 +9.865569793569e+15 2.16e+00
 441 +1.501958240269e+16 +9.865182929480e+15 2.15e+00
 442 +1.501920366165e+16 +9.864798649551e+15 2.15e+00
 443 +1.501882672337e+16 +9.864416295946e+15 2.15e+00
 444 +1.501845103386e+16 +9.864035297654e+15 2.14e+00
 445 +1.501807620320e+16 +9.863655246261e+15 2.14e+00
 446 +1.501770206802e+16 +9.863275959596e+15 2.13e+00
 447 +1.501732873623e+16 +9.862897527682e+15 2.13e+00
 448 +1.501695660883e+16 +9.862520335643e+15 2.12e+00
 449 +1.501658637420e+16 +9.862145059032e+15 2.12e+00
 450 +1.501621897258e+16 +9.861772628997e+15 2.11e+00
 451 +1.501585553132e+16 +9.861404167842e+15 2.12e+00
 452 +1.501549727539e+16 +9.861040899558e+15 2.22e+00
 453 +1.501514542226e+16 +9.860684044101e+15 2.29e+00
 454 +1.501480107291e+16 +9.860334707656e+15 2.34e+00
 455 +1.501446511296e+16 +9.859993782649e+15 2.35e+00
 456 +1.501413813632e+16 +9.859661870444e+15 2.33e+00
 457 +1.501382040096e+16 +9.859339236096e+15 2.28e+00
 458 +1.501351182033e+16 +9.859025799232e+15 2.20e+00
 459 +1.501321198882e+16 +9.858721159143e+15 2.10e+00
 460 +1.501292023406e+16 +9.858424647124e+15 2.06e+00
 461 +1.501263568631e+16 +9.858135395980e+15 2.06e+00
 462 +1.501235735415e+16 +9.857852416048e+15 2.05e+00
 463 +1.501208419757e+16 +9.857574668615e+15 2.05e+00
 464 +1.501181519234e+16 +9.857301130464e+15 2.04e+00
 465 +1.501154938240e+16 +9.857030846411e+15 2.04e+00
 466 +1.501128591959e+16 +9.856762969091e+15 2.03e+00
 467 +1.501102409132e+16 +9.856496786590e+15 2.02e+00
 468 +1.501076333694e+16 +9.856231738759e+15 2.02e+00
 469 +1.501050325317e+16 +9.855967422630e+15 2.01e+00
 470 +1.501024358855e+16 +9.855703586896e+15 2.01e+00
 471 +1.500998422693e+16 +9.855440115474e+15 2.00e+00
 472 +1.500972516087e+16 +9.855177001075e+15 2.00e+00
 473 +1.500946645770e+16 +9.854914311305e+15 1.99e+00
 474 +1.500920822251e+16 +9.854652151726e+15 1.98e+00
 475 +1.500895056388e+16 +9.854390631524e+15 1.98e+00
 476 +1.500869356792e+16 +9.854129837415e+15 1.97e+00
 477 +1.500843728461e+16 +9.853869819821e+15 1.96e+00
 478 +1.500818172782e+16 +9.853610592602e+15 1.96e+00
 479 +1.500792688694e+16 +9.853352144596e+15 1.95e+00
 480 +1.500767274626e+16 +9.853094458799e+15 1.94e+00
 481 +1.500741930628e+16 +9.852837533718e+15 1.94e+00
 482 +1.500716660183e+16 +9.852581401529e+15 1.93e+00
 483 +1.500691471270e+16 +9.852326138780e+15 1.92e+00
 484 +1.500666376431e+16 +9.852071867313e+15 1.92e+00
 485 +1.500641391852e+16 +9.851818745208e+15 1.91e+00
 486 +1.500616535607e+16 +9.851566949486e+15 1.90e+00
 487 +1.500591825410e+16 +9.851316653799e+15 1.89e+00
 488 +1.500567276253e+16 +9.851068005074e+15 1.89e+00
 489 +1.500542898355e+16 +9.850821103212e+15 1.88e+00
 490 +1.500518695766e+16 +9.850575987337e+15 1.87e+00
 491 +1.500494665859e+16 +9.850332630856e+15 1.86e+00
 492 +1.500470799759e+16 +9.850090945933e+15 1.87e+00
 493 +1.500447083624e+16 +9.849850796241e+15 2.02e+00
 494 +1.500423500495e+16 +9.849612015454e+15 2.16e+00
 495 +1.500400032438e+16 +9.849374428368e+15 2.29e+00
 496 +1.500376662631e+16 +9.849137871531e+15 2.41e+00
 497 +1.500353377152e+16 +9.848902210711e+15 2.51e+00
 498 +1.500330166204e+16 +9.848667352884e+15 2.59e+00
 499 +1.500307024610e+16 +9.848433250974e+15 2.64e+00
 500 +1.500283951473e+16 +9.848199900341e+15 2.66e+00
 501 +1.500260949027e+16 +9.847967327198e+15 2.66e+00
 502 +1.500238020819e+16 +9.847735570392e+15 2.63e+00
 503 +1.500215169493e+16 +9.847504659088e+15 2.57e+00
 504 +1.500192394502e+16 +9.847274589670e+15 2.49e+00
 505 +1.500169690107e+16 +9.847045305412e+15 2.40e+00
 506 +1.500147043986e+16 +9.846816682209e+15 2.28e+00
 507 +1.500124436691e+16 +9.846588522790e+15 2.16e+00
 508 +1.500101842048e+16 +9.846360560552e+15 2.03e+00
 509 +1.500079228472e+16 +9.846132472677e+15 1.89e+00
 510 +1.500056561020e+16 +9.845903900875e+15 1.76e+00
 511 +1.500033803924e+16 +9.845674477116e+15 1.69e+00
 512 +1.500010923293e+16 +9.845443851204e+15 1.68e+00
 513 +1.499987889676e+16 +9.845211717002e+15 1.67e+00
 514 +1.499964680197e+16 +9.844977834386e+15 1.66e+00
 515 +1.499941280040e+16 +9.844742044643e+15 1.65e+00
 516 +1.499917683128e+16 +9.844504277786e+15 1.64e+00
 517 +1.499893891968e+16 +9.844264551339e+15 1.63e+00
 518 +1.499869916703e+16 +9.844022961215e+15 1.62e+00
 519 +1.499845773564e+16 +9.843779666415e+15 1.61e+00
 520 +1.499821482967e+16 +9.843534870059e+15 1.61e+00
 521 +1.499797067554e+16 +9.843288799634e+15 1.60e+00
 522 +1.499772550440e+16 +9.843041689120e+15 1.59e+00
 523 +1.499747953849e+16 +9.842793764934e+15 1.58e+00
 524 +1.499723298229e+16 +9.842545236521e+15 1.57e+00
 525 +1.499698601793e+16 +9.842296291244e+15 1.56e+00
 526 +1.499673880353e+16 +9.842047092211e+15 1.55e+00
 527 +1.499649147255e+16 +9.841797777181e+15 1.54e+00
 528 +1.499624413227e+16 +9.841548456674e+15 1.53e+00
 529 +1.499599686022e+16 +9.841299210017e+15 1.52e+00
 530 +1.499574969792e+16 +9.841050078935e+15 1.51e+00
 531 +1.499550264281e+16 +9.840801059321e+15 1.50e+00
 532 +1.499525563968e+16 +9.840552092683e+15 1.49e+00
 533 +1.499500857377e+16 +9.840303059379e+15 1.48e+00
 534 +1.499476126795e+16 +9.840053775983e+15 1.47e+00
 535 +1.499451348609e+16 +9.839803998880e+15 1.46e+00
 536 +1.499426494394e+16 +9.839553435464e+15 1.45e+00
 537 +1.499401532799e+16 +9.839301763273e+15 1.44e+00
 538 +1.499376432123e+16 +9.839048656074e+15 1.43e+00
 539 +1.499351163374e+16 +9.838793814793e+15 1.42e+00
 540 +1.499325703518e+16 +9.838537000291e+15 1.52e+00
 541 +1.499300038556e+16 +9.838278064493e+15 1.66e+00
 542 +1.499274166090e+16 +9.838016976333e+15 1.80e+00
 543 +1.499248097045e+16 +9.837753839281e+15 1.94e+00
 544 +1.499221856312e+16 +9.837488897916e+15 2.07e+00
 545 +1.499195482138e+16 +9.837222532055e+15 2.19e+00
 546 +1.499169024289e+16 +9.836955238343e+15 2.29e+00
 547 +1.499142541108e+16 +9.836687600835e+15 2.37e+00
 548 +1.499116095795e+16 +9.836420253630e+15 2.42e+00
 549 +1.499089752338e+16 +9.836153839935e+15 2.45e+00
 550 +1.499063571587e+16 +9.835888972480e+15 2.45e+00
 551 +1.499037607935e+16 +9.835626200045e+15 2.43e+00
 552 +1.499011906991e+16 +9.835365983814e+15 2.38e+00
 553 +1.498986504430e+16 +9.835108685586e+15 2.30e+00
 554 +1.498961426031e+16 +9.834854567964e+15 2.21e+00
 555 +1.498936688734e+16 +9.834603804720e+15 2.09e+00
 556 +1.498912302374e+16 +9.834356498105e+15 1.97e+00
 557 +1.498888271716e+16 +9.834112699116e+15 1.84e+00
 558 +1.498864598376e+16 +9.833872426711e+15 1.70e+00
 559 +1.498841282314e+16 +9.833635682725e+15 1.56e+00
 560 +1.498818322698e+16 +9.833402460498e+15 1.43e+00
 561 +1.498795718096e+16 +9.833172746704e+15 1.31e+00
 562 +1.498773466066e+16 +9.832946517248e+15 1.37e+00
 563 +1.498751562341e+16 +9.832723729109e+15 1.42e+00
 564 +1.498729999848e+16 +9.832504310588e+15 1.46e+00
 565 +1.498708767814e+16 +9.832288152522e+15 1.48e+00
 566 +1.498687851189e+16 +9.832075102741e+15 1.48e+00
 567 +1.498667230558e+16 +9.831864965434e+15 1.46e+00
 568 +1.498646882623e+16 +9.831657506266e+15 1.43e+00
 569 +1.498626781253e+16 +9.831452463113e+15 1.38e+00
 570 +1.498606899004e+16 +9.831249561404e+15 1.32e+00
 571 +1.498587208935e+16 +9.831048532370e+15 1.24e+00
 572 +1.498567686515e+16 +9.830849132073e+15 1.21e+00
 573 +1.498548311406e+16 +9.830651159022e+15 1.20e+00
 574 +1.498529068902e+16 +9.830454468369e+15 1.20e+00
 575 +1.498509950876e+16 +9.830258981037e+15 1.20e+00
 576 +1.498490956112e+16 +9.830064686652e+15 1.19e+00
 577 +1.498472089955e+16 +9.829871639752e+15 1.19e+00
 578 +1.498453363304e+16 +9.829679949454e+15 1.18e+00
 579 +1.498434791035e+16 +9.829489763515e+15 1.18e+00
 580 +1.498416390005e+16 +9.829301248468e+15 1.18e+00
 581 +1.498398176868e+16 +9.829114568118e+15 1.17e+00
 582 +1.498380165958e+16 +9.828929862999e+15 1.17e+00
 583 +1.498362367481e+16 +9.828747233271e+15 1.16e+00
 584 +1.498344786214e+16 +9.828566726933e+15 1.16e+00
 585 +1.498327420832e+16 +9.828388334339e+15 1.17e+00
 586 +1.498310263860e+16 +9.828211988885e+15 1.18e+00
 587 +1.498293302214e+16 +9.828037572850e+15 1.18e+00
 588 +1.498276518177e+16 +9.827864926779e+15 1.19e+00
 589 +1.498259890671e+16 +9.827693860685e+15 1.19e+00
 590 +1.498243396655e+16 +9.827524165584e+15 1.20e+00
 591 +1.498227012498e+16 +9.827355624331e+15 1.21e+00
 592 +1.498210715196e+16 +9.827188021166e+15 1.21e+00
 593 +1.498194483360e+16 +9.827021149699e+15 1.22e+00
 594 +1.498178297907e+16 +9.826854819306e+15 1.22e+00
 595 +1.498162142493e+16 +9.826688860000e+15 1.23e+00
 596 +1.498146003706e+16 +9.826523125916e+15 1.24e+00
 597 +1.498129871114e+16 +9.826357497560e+15 1.24e+00
 598 +1.498113737179e+16 +9.826191882980e+15 1.25e+00
 599 +1.498097597129e+16 +9.826026217939e+15 1.26e+00
 600 +1.498081448751e+16 +9.825860465136e+15 1.26e+00
 601 +1.498065292154e+16 +9.825694612486e+15 1.27e+00
 602 +1.498049129458e+16 +9.825528670440e+15 1.28e+00
 603 +1.498032964429e+16 +9.825362668373e+15 1.28e+00
 604 +1.498016802033e+16 +9.825196650120e+15 1.29e+00
 605 +1.498000647951e+16 +9.825030668817e+15 1.29e+00
 606 +1.497984508038e+16 +9.824864781301e+15 1.30e+00
 607 +1.497968387786e+16 +9.824699042397e+15 1.31e+00
 608 +1.497952291810e+16 +9.824533499479e+15 1.31e+00
 609 +1.497936223398e+16 +9.824368187676e+15 1.32e+00
 610 +1.497920184163e+16 +9.824203126083e+15 1.32e+00
 611 +1.497904173812e+16 +9.824038315191e+15 1.33e+00
 612 +1.497888190049e+16 +9.823873735676e+15 1.34e+00
 613 +1.497872228600e+16 +9.823709348482e+15 1.34e+00
 614 +1.497856283361e+16 +9.823545096052e+15 1.35e+00
 615 +1.497840346617e+16 +9.823380904454e+15 1.35e+00
 616 +1.497824409327e+16 +9.823216686108e+15 1.36e+00
 617 +1.497808461443e+16 +9.823052342851e+15 1.36e+00
 618 +1.497792492230e+16 +9.822887769140e+15 1.37e+00
 619 +1.497776490592e+16 +9.822722855260e+15 1.37e+00
 620 +1.497760445387e+16 +9.822557490500e+15 1.38e+00
 621 +1.497744345735e+16 +9.822391566284e+15 1.38e+00
 622 +1.497728181316e+16 +9.822224979283e+15 1.38e+00
 623 +1.497711942665e+16 +9.822057634474e+15 1.39e+00
 624 +1.497695621448e+16 +9.821889448088e+15 1.39e+00
 625 +1.497679210714e+16 +9.821720350302e+15 1.39e+00
 626 +1.497662705110e+16 +9.821550287511e+15 1.39e+00
 627 +1.497646101029e+16 +9.821379224027e+15 1.40e+00
 628 +1.497629396705e+16 +9.821207143083e+15 1.40e+00
 629 +1.497612592214e+16 +9.821034047089e+15 1.40e+00
 630 +1.497595689424e+16 +9.820859957168e+15 1.40e+00
 631 +1.497578691857e+16 +9.820684912026e+15 1.40e+00
 632 +1.497561604499e+16 +9.820508966204e+15 1.40e+00
 633 +1.497544433551e+16 +9.820332187745e+15 1.40e+00
 634 +1.497527186124e+16 +9.820154655292e+15 1.40e+00
 635 +1.497509869890e+16 +9.819976454660e+15 1.40e+00
 636 +1.497492492712e+16 +9.819797674986e+15 1.40e+00
 637 +1.497475062275e+16 +9.819618404736e+15 1.40e+00
 638 +1.497457585758e+16 +9.819438727948e+15 1.40e+00
 639 +1.497440069601e+16 +9.819258721204e+15 1.40e+00
 640 +1.497422519402e+16 +9.819078451800e+15 1.40e+00
 641 +1.497404939956e+16 +9.818897977421e+15 1.39e+00
 642 +1.497387335446e+16 +9.818717347398e+15 1.39e+00
 643 +1.497369709742e+16 +9.818536605313e+15 1.39e+00
 644 +1.497352066767e+16 +9.818355792505e+15 1.39e+00
 645 +1.497334410867e+16 +9.818174951947e+15 1.39e+00
 646 +1.497316747153e+16 +9.817994132004e+15 1.38e+00
 647 +1.497299081785e+16 +9.817813389775e+15 1.38e+00
 648 +1.497281422199e+16 +9.817632793930e+15 1.38e+00
 649 +1.497263777293e+16 +9.817452427068e+15 1.37e+00
 650 +1.497246157576e+16 +9.817272387665e+15 1.37e+00
 651 +1.497228575280e+16 +9.817092791553e+15 1.37e+00
 652 +1.497211044413e+16 +9.816913772709e+15 1.36e+00
 653 +1.497193580723e+16 +9.816735482959e+15 1.36e+00
 654 +1.497176201506e+16 +9.816558090169e+15 1.35e+00
 655 +1.497158925244e+16 +9.816381774546e+15 1.35e+00
 656 +1.497141771040e+16 +9.816206722930e+15 1.34e+00
 657 +1.497124757879e+16 +9.816033121269e+15 1.34e+00
 658 +1.497107903766e+16 +9.815861145821e+15 1.33e+00
 659 +1.497091224807e+16 +9.815690953899e+15 1.33e+00
 660 +1.497074734361e+16 +9.815522675166e+15 1.32e+00
 661 +1.497058442321e+16 +9.815356404438e+15 1.32e+00
 662 +1.497042354641e+16 +9.815192196813e+15 1.31e+00
 663 +1.497026473127e+16 +9.815030065604e+15 1.31e+00
 664 +1.497010795522e+16 +9.814869983201e+15 1.30e+00
 665 +1.496995315856e+16 +9.814711884623e+15 1.30e+00
 666 +1.496980025008e+16 +9.814555673230e+15 1.29e+00
 667 +1.496964911413e+16 +9.814401227942e+15 1.28e+00
 668 +1.496949961845e+16 +9.814248411237e+15 1.28e+00
 669 +1.496935162227e+16 +9.814097077340e+15 1.27e+00
 670 +1.496920498388e+16 +9.813947080099e+15 1.26e+00
 671 +1.496905956775e+16 +9.813798280192e+15 1.26e+00
 672 +1.496891525062e+16 +9.813650551452e+15 1.25e+00
 673 +1.496877192650e+16 +9.813503786101e+15 1.24e+00
 674 +1.496862951060e+16 +9.813357898776e+15 1.23e+00
 675 +1.496848794174e+16 +9.813212829170e+15 1.23e+00
 676 +1.496834718345e+16 +9.813068543157e+15 1.22e+00
 677 +1.496820722344e+16 +9.812925032285e+15 1.21e+00
 678 +1.496806807148e+16 +9.812782311541e+15 1.20e+00
 679 +1.496792975571e+16 +9.812640415462e+15 1.20e+00
 680 +1.496779231753e+16 +9.812499392706e+15 1.19e+00
 681 +1.496765580530e+16 +9.812359299410e+15 1.18e+00
 682 +1.496752026729e+16 +9.812220191760e+15 1.17e+00
 683 +1.496738574429e+16 +9.812082118333e+15 1.17e+00
 684 +1.496725226270e+16 +9.811945112857e+15 1.16e+00
 685 +1.496711982845e+16 +9.811809188030e+15 1.15e+00
 686 +1.496698842265e+16 +9.811674330984e+15 1.14e+00
 687 +1.496685799917e+16 +9.811540500842e+15 1.13e+00
 688 +1.496672848461e+16 +9.811407628618e+15 1.13e+00
 689 +1.496659978053e+16 +9.811275619461e+15 1.12e+00
 690 +1.496647176787e+16 +9.811144357024e+15 1.12e+00
 691 +1.496634431299e+16 +9.811013709543e+15 1.11e+00
 692 +1.496621727488e+16 +9.810883537056e+15 1.09e+00
 693 +1.496609051282e+16 +9.810753699106e+15 1.09e+00
 694 +1.496596389386e+16 +9.810624062267e+15 1.08e+00
 695 +1.496583729943e+16 +9.810494506861e+15 1.07e+00
 696 +1.496571063067e+16 +9.810364932340e+15 1.06e+00
 697 +1.496558381191e+16 +9.810235260915e+15 1.06e+00
 698 +1.496545679227e+16 +9.810105439216e+15 1.05e+00
 699 +1.496532954511e+16 +9.809975437908e+15 1.04e+00
 700 +1.496520206569e+16 +9.809845249394e+15 1.03e+00
 701 +1.496507436710e+16 +9.809714883884e+15 1.03e+00
 702 +1.496494647512e+16 +9.809584364284e+15 1.02e+00
 703 +1.496481842237e+16 +9.809453720418e+15 1.01e+00
 704 +1.496469024243e+16 +9.809322983184e+15 1.02e+00
 705 +1.496456196447e+16 +9.809192179204e+15 1.03e+00
 706 +1.496443360890e+16 +9.809061326475e+15 1.03e+00
 707 +1.496430518438e+16 +9.808930431383e+15 1.04e+00
 708 +1.496417668640e+16 +9.808799487278e+15 1.05e+00
 709 +1.496404809748e+16 +9.808668474626e+15 1.05e+00
 710 +1.496391938870e+16 +9.808537362593e+15 1.06e+00
 711 +1.496379052250e+16 +9.808406111769e+15 1.07e+00
 712 +1.496366145619e+16 +9.808274677682e+15 1.07e+00
 713 +1.496353214581e+16 +9.808143014724e+15 1.08e+00
 714 +1.496340255025e+16 +9.808011080173e+15 1.08e+00
 715 +1.496327263499e+16 +9.807878838035e+15 1.09e+00
 716 +1.496314237568e+16 +9.807746262551e+15 1.10e+00
 717 +1.496301176112e+16 +9.807613341267e+15 1.10e+00
 718 +1.496288079594e+16 +9.807480077637e+15 1.11e+00
 719 +1.496274950265e+16 +9.807346493133e+15 1.11e+00
 720 +1.496261792324e+16 +9.807212628836e+15 1.12e+00
 721 +1.496248612026e+16 +9.807078546442e+15 1.13e+00
 722 +1.496235417707e+16 +9.806944328575e+15 1.13e+00
 723 +1.496222219739e+16 +9.806810078255e+15 1.20e+00
 724 +1.496209030380e+16 +9.806675917388e+15 1.27e+00
 725 +1.496195863517e+16 +9.806541984141e+15 1.34e+00
 726 +1.496182734290e+16 +9.806408429165e+15 1.39e+00
 727 +1.496169658610e+16 +9.806275410717e+15 1.45e+00
 728 +1.496156652585e+16 +9.806143088874e+15 1.49e+00
 729 +1.496143731884e+16 +9.806011619170e+15 1.52e+00
 730 +1.496130911093e+16 +9.805881146087e+15 1.54e+00
 731 +1.496118203103e+16 +9.805751796916e+15 1.55e+00
 732 +1.496105618586e+16 +9.805623676496e+15 1.55e+00
 733 +1.496093165602e+16 +9.805496863302e+15 1.54e+00
 734 +1.496080849380e+16 +9.805371407178e+15 1.52e+00
 735 +1.496068672264e+16 +9.805247328897e+15 1.48e+00
 736 +1.496056633852e+16 +9.805124621490e+15 1.44e+00
 737 +1.496044731279e+16 +9.805003253137e+15 1.39e+00
 738 +1.496032959620e+16 +9.804883171256e+15 1.33e+00
 739 +1.496021312375e+16 +9.804764307363e+15 1.27e+00
 740 +1.496009781973e+16 +9.804646582229e+15 1.20e+00
 741 +1.495998360269e+16 +9.804529910932e+15 1.20e+00
 742 +1.495987038987e+16 +9.804414207439e+15 1.21e+00
 743 +1.495975810094e+16 +9.804299388501e+15 1.21e+00
 744 +1.495964666082e+16 +9.804185376716e+15 1.21e+00
 745 +1.495953600171e+16 +9.804072102746e+15 1.21e+00
 746 +1.495942606413e+16 +9.803959506715e+15 1.21e+00
 747 +1.495931679742e+16 +9.803847538907e+15 1.22e+00
 748 +1.495920815955e+16 +9.803736159877e+15 1.22e+00
 749 +1.495910011659e+16 +9.803625340102e+15 1.22e+00
 750 +1.495899264202e+16 +9.803515059296e+15 1.22e+00
 751 +1.495888571581e+16 +9.803405305479e+15 1.22e+00
 752 +1.495877932366e+16 +9.803296073863e+15 1.22e+00
 753 +1.495867345621e+16 +9.803187365618e+15 1.23e+00
 754 +1.495856810829e+16 +9.803079186549e+15 1.23e+00
 755 +1.495846327832e+16 +9.802971545690e+15 1.23e+00
 756 +1.495835896745e+16 +9.802864453844e+15 1.23e+00
 757 +1.495825517870e+16 +9.802757922082e+15 1.23e+00
 758 +1.495815191585e+16 +9.802651960187e+15 1.23e+00
 759 +1.495804918207e+16 +9.802546575113e+15 1.23e+00
 760 +1.495794697841e+16 +9.802441769454e+15 1.23e+00
 761 +1.495784530217e+16 +9.802337540037e+15 1.23e+00
 762 +1.495774414528e+16 +9.802233876673e+15 1.23e+00
 763 +1.495764349294e+16 +9.802130761177e+15 1.23e+00
 764 +1.495754332252e+16 +9.802028166726e+15 1.22e+00
 765 +1.495744360288e+16 +9.801926057582e+15 1.22e+00
 766 +1.495734429419e+16 +9.801824389225e+15 1.22e+00
 767 +1.495724534812e+16 +9.801723108853e+15 1.22e+00
 768 +1.495714670853e+16 +9.801622156212e+15 1.22e+00
 769 +1.495704831245e+16 +9.801521464692e+15 1.22e+00
 770 +1.495695009130e+16 +9.801420962607e+15 1.22e+00
 771 +1.495685197230e+16 +9.801320574591e+15 1.21e+00
 772 +1.495675387989e+16 +9.801220223034e+15 1.21e+00
 773 +1.495665573728e+16 +9.801119829518e+15 1.21e+00
 774 +1.495655746780e+16 +9.801019316192e+15 1.21e+00
 775 +1.495645899634e+16 +9.800918607074e+15 1.21e+00
 776 +1.495636025057e+16 +9.800817629255e+15 1.21e+00
 777 +1.495626116215e+16 +9.800716314018e+15 1.20e+00
 778 +1.495616166784e+16 +9.800614597868e+15 1.20e+00
 779 +1.495606171048e+16 +9.800512423518e+15 1.20e+00
 780 +1.495596124011e+16 +9.800409740835e+15 1.20e+00
 781 +1.495586021485e+16 +9.800306507766e+15 1.20e+00
 782 +1.495575860193e+16 +9.800202691266e+15 1.20e+00
 783 +1.495565637861e+16 +9.800098268166e+15 1.20e+00
 784 +1.495555353299e+16 +9.799993225976e+15 1.19e+00
 785 +1.495545006462e+16 +9.799887563510e+15 1.19e+00
 786 +1.495534598494e+16 +9.799781291264e+15 1.19e+00
 787 +1.495524131724e+16 +9.799674431431e+15 1.19e+00
 788 +1.495513609619e+16 +9.799567017477e+15 1.19e+00
 789 +1.495503036688e+16 +9.799459093219e+15 1.19e+00
 790 +1.495492418337e+16 +9.799350711396e+15 1.18e+00
 791 +1.495481760669e+16 +9.799241931809e+15 1.18e+00
 792 +1.495471070265e+16 +9.799132819143e+15 1.18e+00
 793 +1.495460353945e+16 +9.799023440663e+15 1.18e+00
 794 +1.495449618538e+16 +9.798913863985e+15 1.17e+00
 795 +1.495438870679e+16 +9.798804155142e+15 1.17e+00
 796 +1.495428116664e+16 +9.798694377114e+15 1.17e+00
 797 +1.495417362352e+16 +9.798584588937e+15 1.16e+00
 798 +1.495406613135e+16 +9.798474845402e+15 1.16e+00
 799 +1.495395873967e+16 +9.798365197320e+15 1.15e+00
 800 +1.495385149430e+16 +9.798255692212e+15 1.15e+00
 801 +1.495374443841e+16 +9.798146375291e+15 1.15e+00
 802 +1.495363761369e+16 +9.798037290580e+15 1.14e+00
 803 +1.495353106150e+16 +9.797928482022e+15 1.14e+00
 804 +1.495342482399e+16 +9.797819994485e+15 1.13e+00
 805 +1.495331894495e+16 +9.797711874585e+15 1.13e+00
 806 +1.495321347052e+16 +9.797604171274e+15 1.12e+00
 807 +1.495310844959e+16 +9.797496936179e+15 1.11e+00
 808 +1.495300393387e+16 +9.797390223645e+15 1.11e+00
 809 +1.495289997775e+16 +9.797284090492e+15 1.10e+00
 810 +1.495279663774e+16 +9.797178595455e+15 1.10e+00
 811 +1.495269397163e+16 +9.797073798338e+15 1.09e+00
 812 +1.495259203747e+16 +9.796969758900e+15 1.08e+00
 813 +1.495249089217e+16 +9.796866535538e+15 1.08e+00
 814 +1.495239059012e+16 +9.796764183842e+15 1.07e+00
 815 +1.495229118170e+16 +9.796662755128e+15 1.06e+00
 816 +1.495219271182e+16 +9.796562295030e+15 1.06e+00
 817 +1.495209521874e+16 +9.796462842269e+15 1.05e+00
 818 +1.495199873299e+16 +9.796364427662e+15 1.04e+00
 819 +1.495190327675e+16 +9.796267073441e+15 1.04e+00
 820 +1.495180886339e+16 +9.796170792913e+15 1.03e+00
 821 +1.495171549752e+16 +9.796075590462e+15 1.02e+00
 822 +1.495162317527e+16 +9.795981461899e+15 1.01e+00
 823 +1.495153188494e+16 +9.795888395104e+15 1.01e+00
 824 +1.495144160781e+16 +9.795796370909e+15 9.99e-01
 825 +1.495135231924e+16 +9.795705364187e+15 9.91e-01
 826 +1.495126398983e+16 +9.795615345033e+15 9.84e-01
 827 +1.495117658660e+16 +9.795526280015e+15 9.81e-01
 828 +1.495109007426e+16 +9.795438133393e+15 9.78e-01
 829 +1.495100441631e+16 +9.795350868275e+15 9.75e-01
 830 +1.495091957607e+16 +9.795264447647e+15 9.72e-01
 831 +1.495083551759e+16 +9.795178835261e+15 9.69e-01
 832 +1.495075220633e+16 +9.795093996349e+15 9.65e-01
 833 +1.495066960977e+16 +9.795009898176e+15 9.62e-01
 834 +1.495058769776e+16 +9.794926510423e+15 9.58e-01
 835 +1.495050644281e+16 +9.794843805425e+15 9.55e-01
 836 +1.495042582020e+16 +9.794761758286e+15 9.51e-01
 837 +1.495034580803e+16 +9.794680346877e+15 9.47e-01
 838 +1.495026638714e+16 +9.794599551764e+15 9.43e-01
 839 +1.495018754100e+16 +9.794519356038e+15 9.40e-01
 840 +1.495010925548e+16 +9.794439745099e+15 9.36e-01
 841 +1.495003151864e+16 +9.794360706375e+15 9.32e-01
 842 +1.494995432034e+16 +9.794282228979e+15 9.28e-01
 843 +1.494987765194e+16 +9.794204303323e+15 9.23e-01
 844 +1.494980150581e+16 +9.794126920692e+15 9.19e-01
 845 +1.494972587494e+16 +9.794050072778e+15 9.15e-01
 846 +1.494965075240e+16 +9.793973751215e+15 9.11e-01
 847 +1.494957613092e+16 +9.793897947116e+15 9.06e-01
 848 +1.494950200239e+16 +9.793822650648e+15 9.08e-01
 849 +1.494942835754e+16 +9.793747850665e+15 9.09e-01
 850 +1.494935518556e+16 +9.793673534421e+15 9.10e-01
 851 +1.494928247392e+16 +9.793599687380e+15 9.11e-01
 852 +1.494921020823e+16 +9.793526293130e+15 9.12e-01
 853 +1.494913837224e+16 +9.793453333400e+15 9.13e-01
 854 +1.494906694794e+16 +9.793380788189e+15 9.14e-01
 855 +1.494899591576e+16 +9.793308635975e+15 9.15e-01
 856 +1.494892525483e+16 +9.793236854004e+15 9.16e-01
 857 +1.494885494329e+16 +9.793165418639e+15 9.18e-01
 858 +1.494878495869e+16 +9.793094305731e+15 9.19e-01
 859 +1.494871527837e+16 +9.793023491014e+15 9.20e-01
 860 +1.494864587982e+16 +9.792952950487e+15 9.20e-01
 861 +1.494857674103e+16 +9.792882660762e+15 9.21e-01
 862 +1.494850784081e+16 +9.792812599369e+15 9.22e-01
 863 +1.494843915898e+16 +9.792742744995e+15 9.23e-01
 864 +1.494837067659e+16 +9.792673077646e+15 9.24e-01
 865 +1.494830237594e+16 +9.792603578723e+15 9.25e-01
 866 +1.494823424059e+16 +9.792534231009e+15 9.26e-01
 867 +1.494816625522e+16 +9.792465018557e+15 9.27e-01
 868 +1.494809840543e+16 +9.792395926485e+15 9.27e-01
 869 +1.494803067743e+16 +9.792326940682e+15 9.28e-01
 870 +1.494796305763e+16 +9.792258047417e+15 9.29e-01
 871 +1.494789553220e+16 +9.792189232876e+15 9.30e-01
 872 +1.494782808651e+16 +9.792120482624e+15 9.30e-01
 873 +1.494776070452e+16 +9.792051781016e+15 9.31e-01
 874 +1.494769336819e+16 +9.791983110568e+15 9.32e-01
 875 +1.494762605686e+16 +9.791914451317e+15 9.32e-01
 876 +1.494755874660e+16 +9.791845780200e+15 9.33e-01
 877 +1.494749140972e+16 +9.791777070479e+15 9.33e-01
 878 +1.494742401424e+16 +9.791708291242e+15 9.34e-01
 879 +1.494735652362e+16 +9.791639407025e+15 9.35e-01
 880 +1.494728889647e+16 +9.791570377575e+15 9.35e-01
 881 +1.494722108660e+16 +9.791501157771e+15 9.36e-01
 882 +1.494715304310e+16 +9.791431697742e+15 9.36e-01
 883 +1.494708471072e+16 +9.791361943158e+15 9.36e-01
 884 +1.494701603032e+16 +9.791291835722e+15 9.37e-01
 885 +1.494694693961e+16 +9.791221313824e+15 9.37e-01
 886 +1.494687737393e+16 +9.791150313365e+15 9.38e-01
 887 +1.494680726721e+16 +9.791078768700e+15 9.38e-01
 888 +1.494673655307e+16 +9.791006613695e+15 9.38e-01
 889 +1.494666516587e+16 +9.790933782842e+15 9.39e-01
 890 +1.494659304187e+16 +9.790860212413e+15 9.39e-01
 891 +1.494652012042e+16 +9.790785841602e+15 9.39e-01
 892 +1.494644634500e+16 +9.790710613626e+15 9.39e-01
 893 +1.494637166423e+16 +9.790634476743e+15 9.40e-01
 894 +1.494629603283e+16 +9.790557385138e+15 9.40e-01
 895 +1.494621941225e+16 +9.790479299660e+15 9.40e-01
 896 +1.494614177131e+16 +9.790400188362e+15 9.40e-01
 897 +1.494606308646e+16 +9.790320026841e+15 9.40e-01
 898 +1.494598334194e+16 +9.790238798355e+15 9.40e-01
 899 +1.494590252967e+16 +9.790156493734e+15 9.41e-01
 900 +1.494582064894e+16 +9.790073111099e+15 9.41e-01
 901 +1.494573770601e+16 +9.789988655448e+15 9.41e-01
 902 +1.494565371356e+16 +9.789903138131e+15 9.41e-01
 903 +1.494556869011e+16 +9.789816576311e+15 9.41e-01
 904 +1.494548265950e+16 +9.789728992446e+15 9.41e-01
 905 +1.494539565045e+16 +9.789640413872e+15 9.41e-01
 906 +1.494530769623e+16 +9.789550872518e+15 9.41e-01
 907 +1.494521883456e+16 +9.789460404803e+15 9.41e-01
 908 +1.494512910763e+16 +9.789369051697e+15 9.41e-01
 909 +1.494503856237e+16 +9.789276858952e+15 9.40e-01
 910 +1.494494725072e+16 +9.789183877461e+15 9.40e-01
 911 +1.494485523011e+16 +9.789090163683e+15 9.40e-01
 912 +1.494476256386e+16 +9.788995780077e+15 9.40e-01
 913 +1.494466932157e+16 +9.788900795462e+15 9.44e-01
 914 +1.494457557930e+16 +9.788805285238e+15 9.59e-01
 915 +1.494448141961e+16 +9.788709331385e+15 9.74e-01
 916 +1.494438693128e+16 +9.788613022200e+15 9.89e-01
 917 +1.494429220871e+16 +9.788516451704e+15 1.00e+00
 918 +1.494419735102e+16 +9.788419718719e+15 1.02e+00
 919 +1.494410246076e+16 +9.788322925590e+15 1.03e+00
 920 +1.494400764230e+16 +9.788226176578e+15 1.05e+00
 921 +1.494391299993e+16 +9.788129575970e+15 1.07e+00
 922 +1.494381863577e+16 +9.788033225963e+15 1.08e+00
 923 +1.494372464748e+16 +9.787937224413e+15 1.10e+00
 924 +1.494363112600e+16 +9.787841662556e+15 1.11e+00
 925 +1.494353815335e+16 +9.787746622812e+15 1.13e+00
 926 +1.494344580064e+16 +9.787652176802e+15 1.15e+00
 927 +1.494335412640e+16 +9.787558383672e+15 1.16e+00
 928 +1.494326317533e+16 +9.787465288853e+15 1.18e+00
 929 +1.494317297756e+16 +9.787372923298e+15 1.20e+00
 930 +1.494308354842e+16 +9.787281303256e+15 1.21e+00
 931 +1.494299488875e+16 +9.787190430584e+15 1.23e+00
 932 +1.494290698570e+16 +9.787100293561e+15 1.25e+00
 933 +1.494281981404e+16 +9.787010868142e+15 1.26e+00
 934 +1.494273333772e+16 +9.786922119571e+15 1.28e+00
 935 +1.494264751177e+16 +9.786834004241e+15 1.30e+00
 936 +1.494256228430e+16 +9.786746471702e+15 1.32e+00
 937 +1.494247759854e+16 +9.786659466697e+15 1.34e+00
 938 +1.494239339483e+16 +9.786572931157e+15 1.36e+00
 939 +1.494230961247e+16 +9.786486806045e+15 1.37e+00
 940 +1.494222619139e+16 +9.786401033023e+15 1.39e+00
 941 +1.494214307359e+16 +9.786315555880e+15 1.41e+00
 942 +1.494206020432e+16 +9.786230321714e+15 1.43e+00
 943 +1.494197753300e+16 +9.786145281862e+15 1.45e+00
 944 +1.494189501394e+16 +9.786060392586e+15 1.47e+00
 945 +1.494181260679e+16 +9.785975615526e+15 1.49e+00
 946 +1.494173027681e+16 +9.785890917964e+15 1.51e+00
 947 +1.494164799496e+16 +9.785806272894e+15 1.53e+00
 948 +1.494156573785e+16 +9.785721658952e+15 1.55e+00
 949 +1.494148348753e+16 +9.785637060217e+15 1.57e+00
 950 +1.494140123126e+16 +9.785552465906e+15 1.59e+00
 951 +1.494131896106e+16 +9.785467869989e+15 1.61e+00
 952 +1.494123667336e+16 +9.785383270746e+15 1.63e+00
 953 +1.494115436847e+16 +9.785298670270e+15 1.65e+00
 954 +1.494107205011e+16 +9.785214073936e+15 1.67e+00
 955 +1.494098972483e+16 +9.785129489865e+15 1.69e+00
 956 +1.494090740153e+16 +9.785044928358e+15 1.71e+00
 957 +1.494082509084e+16 +9.784960401339e+15 1.73e+00
 958 +1.494074280467e+16 +9.784875921806e+15 1.75e+00
 959 +1.494066055556e+16 +9.784791503277e+15 1.78e+00
 960 +1.494057835626e+16 +9.784707159257e+15 1.80e+00
 961 +1.494049621915e+16 +9.784622902720e+15 1.82e+00
 962 +1.494041415573e+16 +9.784538745600e+15 1.84e+00
 963 +1.494033217620e+16 +9.784454698315e+15 1.86e+00
 964 +1.494025028896e+16 +9.784370769311e+15 1.88e+00
 965 +1.494016850019e+16 +9.784286964657e+15 1.90e+00
 966 +1.494008681354e+16 +9.784203287685e+15 1.92e+00
 967 +1.494000522976e+16 +9.784119738711e+15 1.94e+00
 968 +1.493992374659e+16 +9.784036314841e+15 1.96e+00
 969 +1.493984235857e+16 +9.783953009879e+15 1.98e+00
 970 +1.493976105710e+16 +9.783869814368e+15 2.00e+00
 971 +1.493967983062e+16 +9.783786715753e+15 2.02e+00
 972 +1.493959866482e+16 +9.783703698689e+15 2.05e+00
 973 +1.493951754312e+16 +9.783620745469e+15 2.07e+00
 974 +1.493943644721e+16 +9.783537836588e+15 2.09e+00
 975 +1.493935535761e+16 +9.783454951398e+15 2.11e+00
 976 +1.493927425448e+16 +9.783372068833e+15 2.13e+00
 977 +1.493919311830e+16 +9.783289168182e+15 2.15e+00
 978 +1.493911193066e+16 +9.783206229858e+15 2.17e+00
 979 +1.493903067494e+16 +9.783123236128e+15 2.19e+00
 980 +1.493894933700e+16 +9.783040171774e+15 2.21e+00
 981 +1.493886790567e+16 +9.782957024633e+15 2.23e+00
 982 +1.493878637316e+16 +9.782873786011e+15 2.25e+00
 983 +1.493870473531e+16 +9.782790450925e+15 2.27e+00
 984 +1.493862299166e+16 +9.782707018176e+15 2.29e+00
 985 +1.493854114530e+16 +9.782623490253e+15 2.31e+00
 986 +1.493845920267e+16 +9.782539873058e+15 2.32e+00
 987 +1.493837717311e+16 +9.782456175503e+15 2.34e+00
 988 +1.493829506834e+16 +9.782372408978e+15 2.36e+00
 989 +1.493821290186e+16 +9.782288586749e+15 2.38e+00
 990 +1.493813068834e+16 +9.782204723315e+15 2.40e+00
 991 +1.493804844300e+16 +9.782120833780e+15 2.42e+00
 992 +1.493796618102e+16 +9.782036933282e+15 2.44e+00
 993 +1.493788391711e+16 +9.781953036504e+15 2.46e+00
 994 +1.493780166511e+16 +9.781869157326e+15 2.47e+00
 995 +1.493771943788e+16 +9.781785308609e+15 2.49e+00
 996 +1.493763724718e+16 +9.781701502144e+15 2.51e+00
 997 +1.493755510379e+16 +9.781617748753e+15 2.53e+00
 998 +1.493747301782e+16 +9.781534058523e+15 2.55e+00
 999 +1.493739099896e+16 +9.781450441160e+15 2.56e+00
1000 +1.493730905703e+16 +9.781366906431e+15 2.58e+00
Computation took 17339.54 seconds.
Multinomial likelihood on counts   : -5585669127417.478515625000
Multinomial likelihood on countshat: -5717600540191.132812500000
Writing results to file.
-----------------------------------------------------------------------------------------------------
MATLAB Version: 9.5.0.944444 (R2018b)
MATLAB License Number: 719588
Operating System: Linux 3.10.0-862.14.4.el7.x86_64 #1 SMP Tue Sep 25 14:32:52 CDT 2018 x86_64
Java Version: Java 1.8.0_152-b16 with Oracle Corporation Java HotSpot(TM) 64-Bit Server VM mixed mode
-----------------------------------------------------------------------------------------------------
MATLAB                                                Version 9.5         (R2018b)
Simulink                                              Version 9.2         (R2018b)
Bioinformatics Toolbox                                Version 4.11        (R2018b)
Communications Toolbox                                Version 7.0         (R2018b)
Computer Vision System Toolbox                        Version 8.2         (R2018b)
Control System Toolbox                                Version 10.5        (R2018b)
Curve Fitting Toolbox                                 Version 3.5.8       (R2018b)
DSP System Toolbox                                    Version 9.7         (R2018b)
Database Toolbox                                      Version 9.0         (R2018b)
Datafeed Toolbox                                      Version 5.8         (R2018b)
Deep Learning Toolbox                                 Version 12.0        (R2018b)
Econometrics Toolbox                                  Version 5.1         (R2018b)
Financial Instruments Toolbox                         Version 2.8         (R2018b)
Financial Toolbox                                     Version 5.12        (R2018b)
Fixed-Point Designer                                  Version 6.2         (R2018b)
Fuzzy Logic Toolbox                                   Version 2.4         (R2018b)
Global Optimization Toolbox                           Version 4.0         (R2018b)
HDL Verifier                                          Version 5.5         (R2018b)
Image Acquisition Toolbox                             Version 5.5         (R2018b)
Image Processing Toolbox                              Version 10.3        (R2018b)
Instrument Control Toolbox                            Version 3.14        (R2018b)
MATLAB Coder                                          Version 4.1         (R2018b)
MATLAB Compiler                                       Version 7.0         (R2018b)
MATLAB Compiler SDK                                   Version 6.6         (R2018b)
MATLAB Report Generator                               Version 5.5         (R2018b)
Mapping Toolbox                                       Version 4.7         (R2018b)
Model Predictive Control Toolbox                      Version 6.2         (R2018b)
Optimization Toolbox                                  Version 8.2         (R2018b)
Parallel Computing Toolbox                            Version 6.13        (R2018b)
Partial Differential Equation Toolbox                 Version 3.1         (R2018b)
RF Blockset                                           Version 7.1         (R2018b)
RF Toolbox                                            Version 3.5         (R2018b)
Robust Control Toolbox                                Version 6.5         (R2018b)
Signal Processing Toolbox                             Version 8.1         (R2018b)
SimBiology                                            Version 5.8.1       (R2018b)
Simscape                                              Version 4.5         (R2018b)
Simscape Multibody                                    Version 6.0         (R2018b)
Simulink Check                                        Version 4.2         (R2018b)
Simulink Coder                                        Version 9.0         (R2018b)
Simulink Control Design                               Version 5.2         (R2018b)
Simulink Coverage                                     Version 4.2         (R2018b)
Simulink Design Optimization                          Version 3.5         (R2018b)
Simulink Design Verifier                              Version 4.0         (R2018b)
Simulink Requirements                                 Version 1.2         (R2018b)
Stateflow                                             Version 9.2         (R2018b)
Statistics and Machine Learning Toolbox               Version 11.4        (R2018b)
Symbolic Math Toolbox                                 Version 8.2         (R2018b)
System Identification Toolbox                         Version 9.9         (R2018b)
Trading Toolbox                                       Version 3.5         (R2018b)
Wavelet Toolbox                                       Version 5.1         (R2018b)
