
                            < M A T L A B (R) >
                  Copyright 1984-2018 The MathWorks, Inc.
                   R2018b (9.5.0.944444) 64-bit (glnxa64)
                              August 28, 2018

 
To get started, type doc.
For product information, visit www.mathworks.com.
 
Loading GTEx data.
Loaded 11688 x 55863 count matrix.
Loading initial estimates of factors and loadings.
Loaded 55863 x 20 factors matrix, and 11688 x 20 loadings matrix.
Fitting Poisson topic model using betanmf.
iter objective (cost fn) max.diff
---- ------------------- --------
   1 -6.313844786886e+12 3.51e+03
   2 -6.342920399382e+12 2.14e+03
   3 -6.356666207215e+12 8.60e+02
   4 -6.364588331188e+12 4.20e+02
   5 -6.369933543882e+12 3.49e+02
   6 -6.373993292208e+12 4.16e+02
   7 -6.377154627843e+12 5.31e+02
   8 -6.379613008542e+12 3.19e+02
   9 -6.381658469107e+12 3.22e+02
  10 -6.383450036438e+12 3.12e+02
  11 -6.385068790567e+12 2.91e+02
  12 -6.386554988795e+12 2.62e+02
  13 -6.387932265067e+12 2.43e+02
  14 -6.389226951825e+12 2.19e+02
  15 -6.390469098105e+12 2.13e+02
  16 -6.391669610267e+12 2.41e+02
  17 -6.392831366572e+12 2.70e+02
  18 -6.393971809361e+12 2.59e+02
  19 -6.395117252855e+12 2.17e+02
  20 -6.396291504112e+12 2.55e+02
  21 -6.397506622201e+12 3.53e+02
  22 -6.398751432051e+12 4.58e+02
  23 -6.399992503924e+12 5.46e+02
  24 -6.401195022177e+12 5.89e+02
  25 -6.402334105533e+12 5.72e+02
  26 -6.403391207527e+12 4.99e+02
  27 -6.404341050242e+12 3.95e+02
  28 -6.405148093733e+12 2.87e+02
  29 -6.405847781961e+12 2.26e+02
  30 -6.406482573962e+12 2.62e+02
  31 -6.407066115521e+12 3.00e+02
  32 -6.407605933578e+12 3.36e+02
  33 -6.408111317081e+12 3.67e+02
  34 -6.408588453949e+12 3.92e+02
  35 -6.409041778042e+12 4.06e+02
  36 -6.409465634089e+12 4.10e+02
  37 -6.409859019631e+12 4.02e+02
  38 -6.410227347236e+12 3.85e+02
  39 -6.410577439685e+12 3.60e+02
  40 -6.410911746061e+12 3.30e+02
  41 -6.411229112360e+12 2.97e+02
  42 -6.411525936070e+12 2.64e+02
  43 -6.411801334356e+12 2.32e+02
  44 -6.412061765614e+12 2.03e+02
  45 -6.412318554131e+12 1.77e+02
  46 -6.412583897501e+12 1.54e+02
  47 -6.412863532122e+12 1.34e+02
  48 -6.413162823258e+12 1.28e+02
  49 -6.413504277675e+12 1.28e+02
  50 -6.413904854567e+12 1.31e+02
  51 -6.414326211341e+12 1.33e+02
  52 -6.414662181822e+12 1.73e+02
  53 -6.414865637102e+12 1.18e+02
  54 -6.415018522080e+12 1.10e+02
  55 -6.415156919835e+12 1.05e+02
  56 -6.415286562193e+12 1.02e+02
  57 -6.415409140861e+12 9.83e+01
  58 -6.415526194354e+12 9.53e+01
  59 -6.415638290306e+12 9.26e+01
  60 -6.415745843274e+12 9.00e+01
  61 -6.415849268616e+12 8.76e+01
  62 -6.415948989029e+12 8.53e+01
  63 -6.416045174203e+12 8.31e+01
  64 -6.416136352990e+12 8.09e+01
  65 -6.416222739253e+12 7.89e+01
  66 -6.416305267157e+12 7.69e+01
  67 -6.416384848563e+12 7.49e+01
  68 -6.416462295033e+12 7.32e+01
  69 -6.416538245604e+12 7.15e+01
  70 -6.416612703732e+12 7.00e+01
  71 -6.416685320087e+12 6.85e+01
  72 -6.416755577026e+12 6.71e+01
  73 -6.416823287322e+12 6.57e+01
  74 -6.416889138527e+12 6.44e+01
  75 -6.416953452582e+12 6.32e+01
  76 -6.417016117935e+12 6.20e+01
  77 -6.417076908806e+12 6.09e+01
  78 -6.417135796736e+12 5.99e+01
  79 -6.417192945590e+12 5.89e+01
  80 -6.417248596534e+12 5.79e+01
  81 -6.417302973806e+12 5.69e+01
  82 -6.417356055243e+12 5.60e+01
  83 -6.417407687172e+12 5.52e+01
  84 -6.417457938788e+12 5.43e+01
  85 -6.417506982451e+12 5.35e+01
  86 -6.417554866928e+12 5.27e+01
  87 -6.417601523560e+12 5.19e+01
  88 -6.417646974139e+12 5.11e+01
  89 -6.417691281922e+12 5.03e+01
  90 -6.417734430355e+12 4.96e+01
  91 -6.417776417094e+12 4.88e+01
  92 -6.417817352045e+12 4.81e+01
  93 -6.417857379167e+12 4.74e+01
  94 -6.417896621815e+12 4.67e+01
  95 -6.417935215395e+12 4.60e+01
  96 -6.417973324430e+12 4.54e+01
  97 -6.418011035695e+12 4.47e+01
  98 -6.418048193618e+12 4.41e+01
  99 -6.418084562119e+12 4.35e+01
 100 -6.418120027645e+12 4.29e+01
 101 -6.418154591875e+12 4.23e+01
 102 -6.418188315816e+12 4.16e+01
 103 -6.418221252759e+12 4.10e+01
 104 -6.418253446329e+12 4.04e+01
 105 -6.418284933639e+12 3.98e+01
 106 -6.418315718472e+12 3.92e+01
 107 -6.418345767157e+12 3.86e+01
 108 -6.418375067830e+12 3.80e+01
 109 -6.418403675764e+12 3.74e+01
 110 -6.418431679667e+12 3.69e+01
 111 -6.418459144232e+12 3.63e+01
 112 -6.418486106701e+12 3.57e+01
 113 -6.418512586779e+12 3.51e+01
 114 -6.418538578418e+12 3.46e+01
 115 -6.418564063522e+12 3.40e+01
 116 -6.418589038752e+12 3.34e+01
 117 -6.418613539882e+12 3.29e+01
 118 -6.418637669771e+12 3.23e+01
 119 -6.418661519514e+12 3.18e+01
 120 -6.418685123181e+12 3.12e+01
 121 -6.418708502689e+12 3.07e+01
 122 -6.418731686167e+12 3.02e+01
 123 -6.418754709455e+12 2.97e+01
 124 -6.418777627350e+12 2.92e+01
 125 -6.418800451377e+12 2.87e+01
 126 -6.418823034051e+12 2.82e+01
 127 -6.418845197061e+12 2.78e+01
 128 -6.418866943335e+12 2.73e+01
 129 -6.418888361946e+12 2.69e+01
 130 -6.418909499338e+12 2.64e+01
 131 -6.418930371029e+12 2.60e+01
 132 -6.418950993534e+12 2.72e+01
 133 -6.418971377578e+12 2.87e+01
 134 -6.418991516595e+12 2.96e+01
 135 -6.419011394354e+12 3.00e+01
 136 -6.419030998952e+12 2.97e+01
 137 -6.419050330938e+12 2.89e+01
 138 -6.419069399756e+12 2.78e+01
 139 -6.419088214937e+12 2.65e+01
 140 -6.419106782283e+12 2.50e+01
 141 -6.419125103124e+12 2.36e+01
 142 -6.419143175244e+12 2.22e+01
 143 -6.419161002095e+12 2.20e+01
 144 -6.419178594367e+12 2.17e+01
 145 -6.419195968446e+12 2.14e+01
 146 -6.419213144042e+12 2.12e+01
 147 -6.419230132189e+12 2.09e+01
 148 -6.419246918844e+12 2.07e+01
 149 -6.419263464244e+12 2.05e+01
 150 -6.419279739777e+12 2.02e+01
 151 -6.419295754557e+12 2.00e+01
 152 -6.419311536378e+12 1.98e+01
 153 -6.419327103853e+12 1.96e+01
 154 -6.419342456558e+12 1.95e+01
 155 -6.419357585828e+12 1.93e+01
 156 -6.419372491552e+12 1.91e+01
 157 -6.419387184689e+12 1.90e+01
 158 -6.419401677962e+12 1.88e+01
 159 -6.419415978061e+12 1.86e+01
 160 -6.419430087290e+12 1.85e+01
 161 -6.419444011124e+12 1.83e+01
 162 -6.419457761185e+12 1.82e+01
 163 -6.419471354022e+12 1.80e+01
 164 -6.419484808634e+12 1.78e+01
 165 -6.419498143081e+12 1.77e+01
 166 -6.419511371383e+12 1.75e+01
 167 -6.419524500677e+12 1.74e+01
 168 -6.419537531822e+12 1.72e+01
 169 -6.419550464729e+12 1.74e+01
 170 -6.419563302575e+12 1.84e+01
 171 -6.419576050474e+12 1.94e+01
 172 -6.419588711085e+12 2.04e+01
 173 -6.419601284470e+12 2.13e+01
 174 -6.419613773253e+12 2.22e+01
 175 -6.419626184024e+12 2.31e+01
 176 -6.419638519268e+12 2.38e+01
 177 -6.419650778528e+12 2.45e+01
 178 -6.419662981994e+12 2.52e+01
 179 -6.419675170863e+12 2.57e+01
 180 -6.419687364488e+12 2.62e+01
 181 -6.419699558366e+12 2.65e+01
 182 -6.419711760681e+12 2.67e+01
 183 -6.419723953349e+12 2.69e+01
 184 -6.419736042146e+12 2.69e+01
 185 -6.419747934004e+12 2.69e+01
 186 -6.419759635831e+12 2.67e+01
 187 -6.419771268928e+12 2.65e+01
 188 -6.419783093775e+12 2.61e+01
 189 -6.419795478288e+12 2.57e+01
 190 -6.419808388345e+12 2.52e+01
 191 -6.419821158597e+12 2.47e+01
 192 -6.419833430838e+12 2.41e+01
 193 -6.419845393422e+12 2.35e+01
 194 -6.419857272300e+12 2.28e+01
 195 -6.419869166844e+12 2.21e+01
 196 -6.419881117875e+12 2.14e+01
 197 -6.419893170141e+12 2.07e+01
 198 -6.419905378440e+12 1.99e+01
 199 -6.419917733971e+12 1.92e+01
 200 -6.419930120908e+12 1.85e+01
 201 -6.419942432054e+12 1.78e+01
 202 -6.419954672815e+12 1.71e+01
 203 -6.419966945646e+12 1.65e+01
 204 -6.419979414794e+12 1.59e+01
 205 -6.419992258120e+12 1.53e+01
 206 -6.420005444174e+12 1.53e+01
 207 -6.420018581233e+12 1.58e+01
 208 -6.420031376977e+12 1.62e+01
 209 -6.420043906153e+12 1.65e+01
 210 -6.420056304376e+12 1.66e+01
 211 -6.420068635345e+12 1.67e+01
 212 -6.420080921668e+12 1.67e+01
 213 -6.420093162146e+12 1.65e+01
 214 -6.420105373037e+12 1.63e+01
 215 -6.420117593326e+12 1.59e+01
 216 -6.420129861137e+12 1.55e+01
 217 -6.420142193503e+12 1.50e+01
 218 -6.420154582178e+12 1.45e+01
 219 -6.420167019331e+12 1.39e+01
 220 -6.420179516009e+12 1.33e+01
 221 -6.420192084694e+12 1.36e+01
 222 -6.420204709499e+12 1.55e+01
 223 -6.420217342784e+12 1.67e+01
 224 -6.420229953112e+12 1.71e+01
 225 -6.420242590853e+12 1.70e+01
 226 -6.420255445175e+12 1.66e+01
 227 -6.420268751028e+12 1.85e+01
 228 -6.420282302324e+12 2.17e+01
 229 -6.420295501033e+12 2.47e+01
 230 -6.420308417617e+12 2.69e+01
 231 -6.420321294587e+12 2.82e+01
 232 -6.420334191796e+12 2.86e+01
 233 -6.420347066750e+12 2.81e+01
 234 -6.420359840097e+12 2.70e+01
 235 -6.420372526695e+12 2.55e+01
 236 -6.420385170059e+12 2.36e+01
 237 -6.420397755909e+12 2.17e+01
 238 -6.420410260835e+12 1.98e+01
 239 -6.420422673037e+12 1.79e+01
 240 -6.420434989746e+12 1.62e+01
 241 -6.420447225219e+12 1.47e+01
 242 -6.420459405362e+12 1.33e+01
 243 -6.420471572677e+12 1.21e+01
 244 -6.420483776293e+12 1.10e+01
 245 -6.420496053042e+12 1.01e+01
 246 -6.420508446226e+12 9.77e+00
 247 -6.420521001731e+12 1.00e+01
 248 -6.420533770900e+12 1.14e+01
 249 -6.420546789858e+12 1.28e+01
 250 -6.420559990567e+12 1.41e+01
 251 -6.420573208367e+12 1.53e+01
 252 -6.420586329643e+12 1.62e+01
 253 -6.420599388803e+12 1.70e+01
 254 -6.420612493130e+12 1.76e+01
 255 -6.420625730068e+12 1.79e+01
 256 -6.420639160456e+12 1.80e+01
 257 -6.420652842737e+12 1.80e+01
 258 -6.420666826849e+12 1.79e+01
 259 -6.420681144692e+12 1.76e+01
 260 -6.420695819100e+12 1.73e+01
 261 -6.420710865206e+12 1.72e+01
 262 -6.420726277995e+12 1.86e+01
 263 -6.420742065650e+12 2.00e+01
 264 -6.420758287950e+12 2.14e+01
 265 -6.420775045880e+12 2.28e+01
 266 -6.420792479944e+12 2.42e+01
 267 -6.420810758733e+12 2.55e+01
 268 -6.420830051135e+12 2.69e+01
 269 -6.420850514905e+12 2.81e+01
 270 -6.420872313801e+12 2.94e+01
 271 -6.420895644249e+12 3.05e+01
 272 -6.420920730573e+12 3.17e+01
 273 -6.420947791784e+12 3.27e+01
 274 -6.420977046427e+12 3.36e+01
 275 -6.421008714287e+12 3.43e+01
 276 -6.421042994767e+12 3.49e+01
 277 -6.421080105711e+12 3.72e+01
 278 -6.421120284093e+12 4.01e+01
 279 -6.421163712423e+12 4.22e+01
 280 -6.421210446374e+12 4.35e+01
 281 -6.421260357708e+12 4.39e+01
 282 -6.421313065851e+12 4.57e+01
 283 -6.421367885511e+12 4.79e+01
 284 -6.421423881129e+12 5.10e+01
 285 -6.421479967742e+12 5.24e+01
 286 -6.421534949298e+12 5.48e+01
 287 -6.421587801450e+12 6.19e+01
 288 -6.421638122527e+12 6.46e+01
 289 -6.421686437242e+12 6.28e+01
 290 -6.421734664472e+12 5.73e+01
 291 -6.421784185326e+12 5.55e+01
 292 -6.421832152884e+12 6.59e+01
 293 -6.421878274591e+12 7.11e+01
 294 -6.421923763282e+12 7.01e+01
 295 -6.421968971574e+12 7.13e+01
 296 -6.422014875815e+12 8.04e+01
 297 -6.422061618781e+12 8.15e+01
 298 -6.422109987268e+12 8.23e+01
 299 -6.422161083563e+12 9.43e+01
 300 -6.422214497713e+12 9.52e+01
 301 -6.422272131200e+12 8.64e+01
 302 -6.422336565345e+12 7.83e+01
 303 -6.422408436001e+12 9.14e+01
 304 -6.422485955704e+12 9.30e+01
 305 -6.422568050067e+12 8.43e+01
 306 -6.422653020715e+12 7.47e+01
 307 -6.422734466009e+12 8.78e+01
 308 -6.422810554309e+12 9.06e+01
 309 -6.422880671446e+12 9.08e+01
 310 -6.422945373388e+12 9.50e+01
 311 -6.423006563065e+12 9.07e+01
 312 -6.423066314431e+12 7.75e+01
 313 -6.423126115278e+12 6.91e+01
 314 -6.423185819991e+12 8.73e+01
 315 -6.423242772014e+12 9.51e+01
 316 -6.423295224360e+12 8.92e+01
 317 -6.423342035699e+12 7.51e+01
 318 -6.423382893352e+12 8.03e+01
 319 -6.423418368958e+12 7.80e+01
 320 -6.423449572641e+12 6.89e+01
 321 -6.423477551207e+12 5.71e+01
 322 -6.423503020836e+12 4.71e+01
 323 -6.423526313244e+12 6.38e+01
 324 -6.423547493569e+12 7.49e+01
 325 -6.423566720380e+12 7.73e+01
 326 -6.423584294435e+12 7.19e+01
 327 -6.423600617771e+12 6.20e+01
 328 -6.423615963340e+12 5.07e+01
 329 -6.423630335872e+12 4.02e+01
 330 -6.423643963846e+12 3.13e+01
 331 -6.423657030555e+12 2.41e+01
 332 -6.423669659104e+12 1.86e+01
 333 -6.423682003725e+12 1.43e+01
 334 -6.423694144291e+12 1.10e+01
 335 -6.423706103369e+12 9.69e+00
 336 -6.423717900055e+12 9.88e+00
 337 -6.423729565238e+12 1.01e+01
 338 -6.423741136504e+12 1.03e+01
 339 -6.423752694919e+12 1.05e+01
 340 -6.423764302188e+12 1.06e+01
 341 -6.423776017690e+12 1.08e+01
 342 -6.423787850762e+12 1.10e+01
 343 -6.423799749923e+12 1.12e+01
 344 -6.423811661923e+12 1.14e+01
 345 -6.423823557068e+12 1.16e+01
 346 -6.423835405007e+12 1.18e+01
 347 -6.423847128031e+12 1.19e+01
 348 -6.423858724312e+12 1.21e+01
 349 -6.423870220812e+12 1.23e+01
 350 -6.423881631655e+12 1.25e+01
 351 -6.423892975869e+12 1.41e+01
 352 -6.423904276605e+12 1.53e+01
 353 -6.423915560875e+12 1.60e+01
 354 -6.423926873788e+12 1.63e+01
 355 -6.423938274549e+12 1.60e+01
 356 -6.423949819759e+12 1.54e+01
 357 -6.423961559185e+12 1.44e+01
 358 -6.423973526591e+12 1.37e+01
 359 -6.423985720766e+12 1.38e+01
 360 -6.423998086139e+12 1.39e+01
 361 -6.424010526654e+12 1.41e+01
 362 -6.424022950280e+12 1.42e+01
 363 -6.424035303716e+12 1.43e+01
 364 -6.424047574460e+12 1.44e+01
 365 -6.424059777134e+12 1.45e+01
 366 -6.424071939483e+12 1.46e+01
 367 -6.424084094395e+12 1.47e+01
 368 -6.424096269873e+12 1.47e+01
 369 -6.424108476428e+12 1.48e+01
 370 -6.424120705270e+12 1.49e+01
 371 -6.424132937799e+12 1.49e+01
 372 -6.424145157509e+12 1.50e+01
 373 -6.424157352302e+12 1.50e+01
 374 -6.424169505767e+12 1.50e+01
 375 -6.424181591818e+12 1.51e+01
 376 -6.424193580727e+12 1.51e+01
 377 -6.424205448879e+12 1.51e+01
 378 -6.424217179900e+12 1.51e+01
 379 -6.424228755598e+12 1.51e+01
 380 -6.424240143040e+12 1.51e+01
 381 -6.424251294505e+12 1.51e+01
 382 -6.424262179206e+12 1.50e+01
 383 -6.424272803363e+12 1.50e+01
 384 -6.424283195123e+12 1.49e+01
 385 -6.424293390432e+12 1.48e+01
 386 -6.424303422137e+12 1.47e+01
 387 -6.424313306398e+12 1.46e+01
 388 -6.424323040847e+12 1.45e+01
 389 -6.424332616093e+12 1.43e+01
 390 -6.424342026283e+12 1.42e+01
 391 -6.424351276756e+12 1.40e+01
 392 -6.424360391505e+12 1.38e+01
 393 -6.424369415791e+12 1.37e+01
 394 -6.424378412288e+12 1.35e+01
 395 -6.424387453098e+12 1.33e+01
 396 -6.424396606653e+12 1.32e+01
 397 -6.424405922165e+12 1.30e+01
 398 -6.424415416844e+12 1.28e+01
 399 -6.424425064425e+12 1.27e+01
 400 -6.424434787638e+12 1.25e+01
 401 -6.424444464838e+12 1.23e+01
 402 -6.424453957193e+12 1.22e+01
 403 -6.424463150046e+12 1.20e+01
 404 -6.424471983520e+12 1.19e+01
 405 -6.424480454800e+12 1.17e+01
 406 -6.424488608397e+12 1.15e+01
 407 -6.424496515927e+12 1.13e+01
 408 -6.424504233534e+12 1.11e+01
 409 -6.424511786531e+12 1.10e+01
 410 -6.424519211196e+12 1.08e+01
 411 -6.424526556591e+12 1.06e+01
 412 -6.424533857171e+12 1.04e+01
 413 -6.424541133041e+12 1.02e+01
 414 -6.424548404313e+12 1.00e+01
 415 -6.424555685648e+12 9.84e+00
 416 -6.424562962733e+12 9.68e+00
 417 -6.424570182156e+12 9.52e+00
 418 -6.424577267745e+12 9.37e+00
 419 -6.424584171456e+12 9.22e+00
 420 -6.424590888056e+12 9.08e+00
 421 -6.424597443017e+12 8.93e+00
 422 -6.424603894438e+12 8.78e+00
 423 -6.424610309764e+12 8.63e+00
 424 -6.424616727718e+12 8.48e+00
 425 -6.424623159854e+12 8.33e+00
 426 -6.424629629687e+12 8.18e+00
 427 -6.424636191908e+12 8.04e+00
 428 -6.424642909756e+12 7.91e+00
 429 -6.424649822236e+12 7.79e+00
 430 -6.424656940798e+12 7.68e+00
 431 -6.424664269175e+12 7.58e+00
 432 -6.424671807478e+12 7.48e+00
 433 -6.424679526512e+12 7.40e+00
 434 -6.424687348881e+12 7.33e+00
 435 -6.424695172918e+12 7.25e+00
 436 -6.424702934628e+12 7.18e+00
 437 -6.424710668310e+12 7.30e+00
 438 -6.424718532982e+12 7.64e+00
 439 -6.424726802847e+12 1.14e+01
 440 -6.424735809507e+12 1.71e+01
 441 -6.424745800947e+12 2.49e+01
 442 -6.424756745666e+12 3.42e+01
 443 -6.424768231652e+12 4.36e+01
 444 -6.424779604956e+12 5.10e+01
 445 -6.424790275909e+12 5.45e+01
 446 -6.424799946806e+12 5.38e+01
 447 -6.424808624956e+12 4.97e+01
 448 -6.424816489392e+12 4.36e+01
 449 -6.424823745035e+12 3.69e+01
 450 -6.424830549772e+12 3.06e+01
 451 -6.424837021900e+12 2.50e+01
 452 -6.424843278170e+12 2.03e+01
 453 -6.424849449471e+12 1.67e+01
 454 -6.424855652555e+12 1.38e+01
 455 -6.424861931130e+12 1.16e+01
 456 -6.424868217754e+12 9.87e+00
 457 -6.424874366926e+12 8.58e+00
 458 -6.424880236600e+12 7.59e+00
 459 -6.424885749234e+12 6.98e+00
 460 -6.424890901654e+12 6.66e+00
 461 -6.424895741154e+12 6.32e+00
 462 -6.424900339336e+12 6.25e+00
 463 -6.424904771756e+12 6.17e+00
 464 -6.424909103166e+12 6.09e+00
 465 -6.424913380597e+12 6.00e+00
 466 -6.424917629980e+12 5.91e+00
 467 -6.424921851401e+12 5.82e+00
 468 -6.424926016088e+12 5.73e+00
 469 -6.424930077216e+12 5.63e+00
 470 -6.424933994694e+12 5.54e+00
 471 -6.424937754149e+12 5.44e+00
 472 -6.424941367096e+12 5.35e+00
 473 -6.424944860636e+12 5.25e+00
 474 -6.424948268983e+12 5.16e+00
 475 -6.424951629078e+12 5.07e+00
 476 -6.424954977027e+12 4.97e+00
 477 -6.424958344042e+12 4.88e+00
 478 -6.424961753325e+12 4.79e+00
 479 -6.424965218891e+12 4.70e+00
 480 -6.424968745061e+12 4.68e+00
 481 -6.424972326243e+12 5.32e+00
 482 -6.424975949167e+12 5.77e+00
 483 -6.424979599269e+12 5.97e+00
 484 -6.424983270338e+12 5.90e+00
 485 -6.424986973197e+12 5.60e+00
 486 -6.424990736070e+12 5.13e+00
 487 -6.424994590990e+12 4.57e+00
 488 -6.424998550554e+12 4.51e+00
 489 -6.425002590249e+12 4.72e+00
 490 -6.425006648871e+12 4.83e+00
 491 -6.425010645208e+12 4.82e+00
 492 -6.425014501784e+12 4.71e+00
 493 -6.425018166119e+12 4.52e+00
 494 -6.425021619450e+12 4.25e+00
 495 -6.425024870539e+12 3.93e+00
 496 -6.425027944473e+12 3.69e+00
 497 -6.425030873751e+12 3.70e+00
 498 -6.425033693306e+12 3.77e+00
 499 -6.425036439100e+12 3.77e+00
 500 -6.425039147304e+12 3.69e+00
 501 -6.425041852963e+12 3.55e+00
 502 -6.425044588568e+12 3.36e+00
 503 -6.425047382154e+12 3.29e+00
 504 -6.425050254425e+12 3.23e+00
 505 -6.425053215726e+12 3.17e+00
 506 -6.425056264546e+12 3.11e+00
 507 -6.425059387812e+12 3.06e+00
 508 -6.425062561225e+12 3.15e+00
 509 -6.425065748562e+12 3.91e+00
 510 -6.425068903600e+12 4.68e+00
 511 -6.425071981177e+12 5.23e+00
 512 -6.425074954128e+12 5.47e+00
 513 -6.425077822243e+12 5.39e+00
 514 -6.425080607571e+12 5.02e+00
 515 -6.425083342554e+12 4.46e+00
 516 -6.425086059626e+12 3.83e+00
 517 -6.425088785142e+12 3.36e+00
 518 -6.425091536194e+12 3.46e+00
 519 -6.425094319970e+12 3.40e+00
 520 -6.425097135485e+12 3.19e+00
 521 -6.425099975329e+12 3.68e+00
 522 -6.425102825053e+12 4.63e+00
 523 -6.425105661274e+12 5.62e+00
 524 -6.425108452350e+12 6.56e+00
 525 -6.425111163670e+12 7.33e+00
 526 -6.425113765710e+12 7.83e+00
 527 -6.425116240601e+12 8.01e+00
 528 -6.425118584119e+12 7.87e+00
 529 -6.425120803349e+12 7.44e+00
 530 -6.425122912479e+12 6.80e+00
 531 -6.425124929031e+12 6.05e+00
 532 -6.425126871343e+12 5.26e+00
 533 -6.425128756988e+12 4.50e+00
 534 -6.425130601612e+12 3.79e+00
 535 -6.425132418001e+12 3.17e+00
 536 -6.425134215601e+12 2.63e+00
 537 -6.425136001118e+12 2.68e+00
 538 -6.425137780526e+12 2.77e+00
 539 -6.425139561614e+12 2.87e+00
 540 -6.425141355340e+12 2.96e+00
 541 -6.425143174816e+12 3.05e+00
 542 -6.425145032336e+12 3.11e+00
 543 -6.425146935935e+12 3.16e+00
 544 -6.425148887155e+12 3.18e+00
 545 -6.425150881084e+12 3.17e+00
 546 -6.425152908596e+12 3.15e+00
 547 -6.425154959646e+12 3.11e+00
 548 -6.425157026194e+12 3.11e+00
 549 -6.425159104061e+12 3.54e+00
 550 -6.425161193869e+12 4.05e+00
 551 -6.425163301044e+12 4.65e+00
 552 -6.425165435727e+12 5.38e+00
 553 -6.425167613676e+12 6.27e+00
 554 -6.425169858389e+12 7.37e+00
 555 -6.425172204484e+12 8.73e+00
 556 -6.425174702628e+12 1.04e+01
 557 -6.425177427206e+12 1.26e+01
 558 -6.425180489671e+12 1.55e+01
 559 -6.425184063578e+12 1.92e+01
 560 -6.425188433071e+12 2.41e+01
 561 -6.425194088596e+12 3.08e+01
 562 -6.425201921247e+12 3.99e+01
 563 -6.425213631843e+12 5.23e+01
 564 -6.425232611811e+12 6.88e+01
 565 -6.425265753063e+12 1.12e+02
 566 -6.425326071415e+12 1.99e+02
 567 -6.425429054903e+12 3.23e+02
 568 -6.425558687552e+12 3.67e+02
 569 -6.425654916481e+12 2.04e+02
 570 -6.425706020093e+12 5.49e+01
 571 -6.425734867511e+12 3.17e+01
 572 -6.425753976253e+12 3.05e+01
 573 -6.425767982690e+12 2.88e+01
 574 -6.425778913254e+12 2.69e+01
 575 -6.425787867423e+12 2.50e+01
 576 -6.425795451810e+12 2.33e+01
 577 -6.425802019228e+12 2.16e+01
 578 -6.425807828711e+12 2.01e+01
 579 -6.425813048106e+12 1.87e+01
 580 -6.425817787438e+12 1.74e+01
 581 -6.425822124307e+12 1.63e+01
 582 -6.425826115143e+12 1.52e+01
 583 -6.425829804442e+12 1.42e+01
 584 -6.425833237244e+12 1.33e+01
 585 -6.425836464483e+12 1.25e+01
 586 -6.425839530680e+12 1.18e+01
 587 -6.425842469182e+12 1.11e+01
 588 -6.425845302682e+12 1.04e+01
 589 -6.425848044496e+12 9.79e+00
 590 -6.425850700603e+12 9.23e+00
 591 -6.425853271937e+12 8.70e+00
 592 -6.425855755411e+12 8.21e+00
 593 -6.425858145619e+12 7.75e+00
 594 -6.425860441017e+12 7.48e+00
 595 -6.425862647765e+12 7.33e+00
 596 -6.425864776005e+12 7.00e+00
 597 -6.425866835979e+12 6.54e+00
 598 -6.425868838655e+12 6.00e+00
 599 -6.425870796674e+12 5.55e+00
 600 -6.425872724426e+12 5.26e+00
 601 -6.425874637624e+12 4.99e+00
 602 -6.425876552176e+12 4.73e+00
 603 -6.425878481878e+12 4.49e+00
 604 -6.425880435522e+12 4.27e+00
 605 -6.425882415447e+12 4.06e+00
 606 -6.425884418186e+12 3.86e+00
 607 -6.425886435861e+12 3.67e+00
 608 -6.425888457030e+12 3.56e+00
 609 -6.425890467506e+12 3.89e+00
 610 -6.425892452663e+12 4.18e+00
 611 -6.425894400070e+12 4.41e+00
 612 -6.425896301067e+12 4.59e+00
 613 -6.425898151363e+12 4.70e+00
 614 -6.425899950514e+12 4.74e+00
 615 -6.425901700367e+12 4.71e+00
 616 -6.425903403483e+12 4.62e+00
 617 -6.425905062309e+12 4.47e+00
 618 -6.425906679004e+12 4.27e+00
 619 -6.425908255446e+12 4.04e+00
 620 -6.425909793123e+12 3.78e+00
 621 -6.425911292873e+12 3.51e+00
 622 -6.425912754699e+12 3.23e+00
 623 -6.425914178015e+12 3.13e+00
 624 -6.425915562325e+12 3.43e+00
 625 -6.425916907954e+12 3.76e+00
 626 -6.425918216411e+12 4.10e+00
 627 -6.425919490372e+12 4.45e+00
 628 -6.425920733471e+12 4.80e+00
 629 -6.425921950027e+12 5.16e+00
 630 -6.425923144746e+12 5.52e+00
 631 -6.425924322390e+12 5.86e+00
 632 -6.425925487454e+12 6.19e+00
 633 -6.425926643861e+12 6.50e+00
 634 -6.425927794738e+12 6.78e+00
 635 -6.425928942250e+12 7.03e+00
 636 -6.425930087511e+12 7.24e+00
 637 -6.425931230565e+12 7.40e+00
 638 -6.425932370453e+12 7.51e+00
 639 -6.425933505382e+12 7.58e+00
 640 -6.425934633000e+12 7.59e+00
 641 -6.425935750724e+12 7.56e+00
 642 -6.425936856060e+12 7.48e+00
 643 -6.425937946882e+12 7.36e+00
 644 -6.425939021529e+12 7.20e+00
 645 -6.425940078779e+12 7.00e+00
 646 -6.425941117758e+12 6.78e+00
 647 -6.425942137874e+12 6.54e+00
 648 -6.425943138883e+12 6.28e+00
 649 -6.425944121121e+12 6.02e+00
 650 -6.425945085851e+12 5.74e+00
 651 -6.425946035579e+12 5.46e+00
 652 -6.425946974235e+12 5.19e+00
 653 -6.425947907135e+12 4.92e+00
 654 -6.425948840751e+12 4.66e+00
 655 -6.425949782356e+12 4.40e+00
 656 -6.425950739560e+12 4.16e+00
 657 -6.425951719784e+12 3.93e+00
 658 -6.425952729587e+12 3.71e+00
 659 -6.425953773846e+12 3.50e+00
 660 -6.425954854835e+12 3.30e+00
 661 -6.425955971398e+12 3.12e+00
 662 -6.425957118554e+12 2.95e+00
 663 -6.425958287882e+12 2.79e+00
 664 -6.425959468830e+12 3.06e+00
 665 -6.425960650691e+12 3.26e+00
 666 -6.425961824684e+12 3.37e+00
 667 -6.425962985520e+12 3.37e+00
 668 -6.425964132041e+12 3.27e+00
 669 -6.425965266978e+12 3.08e+00
 670 -6.425966396070e+12 2.84e+00
 671 -6.425967526872e+12 2.56e+00
 672 -6.425968667407e+12 2.83e+00
 673 -6.425969824800e+12 3.23e+00
 674 -6.425971003979e+12 3.72e+00
 675 -6.425972206654e+12 4.31e+00
 676 -6.425973430723e+12 4.97e+00
 677 -6.425974670131e+12 5.68e+00
 678 -6.425975915160e+12 6.35e+00
 679 -6.425977153249e+12 6.91e+00
 680 -6.425978370603e+12 7.27e+00
 681 -6.425979554487e+12 7.38e+00
 682 -6.425980695397e+12 7.24e+00
 683 -6.425981788136e+12 6.91e+00
 684 -6.425982831477e+12 6.46e+00
 685 -6.425983827009e+12 5.94e+00
 686 -6.425984777972e+12 5.41e+00
 687 -6.425985688612e+12 4.90e+00
 688 -6.425986564021e+12 4.42e+00
 689 -6.425987410219e+12 3.98e+00
 690 -6.425988234224e+12 3.59e+00
 691 -6.425989043926e+12 3.24e+00
 692 -6.425989847736e+12 2.92e+00
 693 -6.425990654004e+12 2.65e+00
 694 -6.425991470242e+12 2.41e+00
 695 -6.425992302295e+12 2.20e+00
 696 -6.425993153526e+12 2.10e+00
 697 -6.425994024414e+12 2.08e+00
 698 -6.425994913312e+12 2.06e+00
 699 -6.425995817974e+12 2.04e+00
 700 -6.425996736151e+12 2.02e+00
 701 -6.425997665174e+12 2.00e+00
 702 -6.425998601663e+12 1.98e+00
 703 -6.425999541669e+12 1.95e+00
 704 -6.426000480963e+12 1.93e+00
 705 -6.426001415251e+12 1.91e+00
 706 -6.426002340238e+12 1.89e+00
 707 -6.426003251535e+12 1.86e+00
 708 -6.426004144538e+12 1.89e+00
 709 -6.426005014444e+12 2.04e+00
 710 -6.426005856570e+12 2.15e+00
 711 -6.426006666910e+12 2.22e+00
 712 -6.426007442801e+12 2.24e+00
 713 -6.426008183467e+12 2.21e+00
 714 -6.426008890264e+12 2.14e+00
 715 -6.426009566583e+12 2.03e+00
 716 -6.426010217448e+12 1.91e+00
 717 -6.426010848915e+12 1.76e+00
 718 -6.426011467397e+12 1.61e+00
 719 -6.426012079004e+12 1.57e+00
 720 -6.426012688968e+12 1.54e+00
 721 -6.426013301215e+12 1.51e+00
 722 -6.426013918109e+12 1.48e+00
 723 -6.426014540422e+12 1.46e+00
 724 -6.426015167501e+12 1.43e+00
 725 -6.426015797633e+12 1.55e+00
 726 -6.426016428528e+12 1.64e+00
 727 -6.426017057829e+12 1.71e+00
 728 -6.426017683571e+12 1.73e+00
 729 -6.426018304487e+12 1.72e+00
 730 -6.426018920140e+12 1.68e+00
 731 -6.426019530841e+12 1.61e+00
 732 -6.426020137412e+12 1.53e+00
 733 -6.426020740834e+12 1.43e+00
 734 -6.426021341872e+12 1.33e+00
 735 -6.426021940776e+12 1.22e+00
 736 -6.426022537120e+12 1.12e+00
 737 -6.426023129856e+12 1.07e+00
 738 -6.426023717539e+12 1.05e+00
 739 -6.426024298667e+12 1.02e+00
 740 -6.426024872013e+12 9.92e-01
 741 -6.426025436866e+12 9.65e-01
 742 -6.426025993137e+12 9.39e-01
 743 -6.426026541337e+12 9.13e-01
 744 -6.426027082458e+12 8.88e-01
 745 -6.426027617781e+12 8.63e-01
 746 -6.426028148676e+12 8.38e-01
 747 -6.426028676420e+12 8.14e-01
 748 -6.426029202045e+12 8.32e-01
 749 -6.426029726227e+12 8.64e-01
 750 -6.426030249206e+12 8.87e-01
 751 -6.426030770755e+12 9.00e-01
 752 -6.426031290228e+12 9.03e-01
 753 -6.426031806711e+12 8.96e-01
 754 -6.426032319251e+12 8.81e-01
 755 -6.426032827117e+12 8.58e-01
 756 -6.426033329982e+12 8.28e-01
 757 -6.426033827973e+12 7.93e-01
 758 -6.426034321569e+12 7.53e-01
 759 -6.426034811411e+12 7.11e-01
 760 -6.426035298087e+12 6.94e-01
 761 -6.426035781995e+12 6.88e-01
 762 -6.426036263314e+12 6.82e-01
 763 -6.426036742064e+12 6.75e-01
 764 -6.426037218201e+12 6.68e-01
 765 -6.426037691652e+12 6.62e-01
 766 -6.426038162236e+12 6.55e-01
 767 -6.426038629527e+12 6.48e-01
 768 -6.426039092771e+12 6.41e-01
 769 -6.426039551018e+12 6.34e-01
 770 -6.426040003427e+12 6.27e-01
 771 -6.426040449571e+12 6.21e-01
 772 -6.426040889620e+12 6.15e-01
 773 -6.426041324375e+12 6.09e-01
 774 -6.426041755159e+12 6.03e-01
 775 -6.426042183595e+12 5.98e-01
 776 -6.426042611303e+12 5.94e-01
 777 -6.426043039610e+12 5.89e-01
 778 -6.426043469354e+12 5.85e-01
 779 -6.426043900854e+12 5.81e-01
 780 -6.426044334037e+12 5.78e-01
 781 -6.426044768685e+12 6.17e-01
 782 -6.426045204677e+12 6.58e-01
 783 -6.426045642142e+12 6.98e-01
 784 -6.426046081485e+12 7.38e-01
 785 -6.426046523274e+12 7.76e-01
 786 -6.426046968047e+12 8.12e-01
 787 -6.426047416113e+12 8.45e-01
 788 -6.426047867397e+12 8.75e-01
 789 -6.426048321415e+12 9.02e-01
 790 -6.426048777366e+12 9.24e-01
 791 -6.426049234341e+12 9.42e-01
 792 -6.426049691526e+12 9.56e-01
 793 -6.426050148340e+12 9.65e-01
 794 -6.426050604398e+12 9.69e-01
 795 -6.426051059286e+12 9.68e-01
 796 -6.426051512230e+12 9.63e-01
 797 -6.426051961802e+12 9.53e-01
 798 -6.426052405888e+12 9.39e-01
 799 -6.426052842027e+12 9.21e-01
 800 -6.426053268034e+12 9.00e-01
 801 -6.426053682642e+12 8.76e-01
 802 -6.426054085854e+12 8.56e-01
 803 -6.426054478897e+12 8.76e-01
 804 -6.426054863861e+12 8.94e-01
 805 -6.426055243246e+12 9.09e-01
 806 -6.426055619564e+12 9.22e-01
 807 -6.426055995085e+12 9.31e-01
 808 -6.426056371726e+12 9.38e-01
 809 -6.426056751041e+12 9.41e-01
 810 -6.426057134253e+12 9.42e-01
 811 -6.426057522295e+12 9.40e-01
 812 -6.426057915781e+12 9.35e-01
 813 -6.426058314944e+12 9.28e-01
 814 -6.426058719560e+12 9.18e-01
 815 -6.426059128919e+12 9.05e-01
 816 -6.426059541914e+12 8.91e-01
 817 -6.426059957215e+12 8.80e-01
 818 -6.426060373470e+12 9.39e-01
 819 -6.426060789425e+12 9.74e-01
 820 -6.426061203899e+12 9.85e-01
 821 -6.426061615643e+12 9.71e-01
 822 -6.426062023195e+12 9.34e-01
 823 -6.426062424856e+12 9.33e-01
 824 -6.426062818824e+12 9.48e-01
 825 -6.426063203441e+12 9.59e-01
 826 -6.426063577440e+12 9.66e-01
 827 -6.426063940103e+12 9.69e-01
 828 -6.426064291309e+12 9.68e-01
 829 -6.426064631478e+12 9.64e-01
 830 -6.426064961447e+12 9.55e-01
 831 -6.426065282311e+12 9.43e-01
 832 -6.426065595253e+12 9.28e-01
 833 -6.426065901391e+12 9.10e-01
 834 -6.426066201665e+12 8.89e-01
 835 -6.426066496778e+12 8.66e-01
 836 -6.426066787207e+12 8.41e-01
 837 -6.426067073251e+12 8.14e-01
 838 -6.426067355114e+12 7.86e-01
 839 -6.426067633004e+12 7.57e-01
 840 -6.426067907214e+12 7.28e-01
 841 -6.426068178190e+12 6.98e-01
 842 -6.426068446563e+12 6.90e-01
 843 -6.426068713127e+12 6.92e-01
 844 -6.426068978763e+12 6.92e-01
 845 -6.426069244333e+12 6.92e-01
 846 -6.426069510562e+12 6.90e-01
 847 -6.426069777964e+12 6.87e-01
 848 -6.426070046831e+12 6.82e-01
 849 -6.426070317291e+12 6.77e-01
 850 -6.426070589430e+12 6.71e-01
 851 -6.426070863407e+12 6.64e-01
 852 -6.426071139564e+12 6.55e-01
 853 -6.426071418466e+12 6.46e-01
 854 -6.426071700892e+12 6.37e-01
 855 -6.426071987768e+12 6.29e-01
 856 -6.426072280049e+12 6.43e-01
 857 -6.426072578568e+12 6.55e-01
 858 -6.426072883845e+12 6.64e-01
 859 -6.426073195898e+12 6.72e-01
 860 -6.426073514077e+12 7.24e-01
 861 -6.426073836961e+12 8.49e-01
 862 -6.426074162368e+12 9.71e-01
 863 -6.426074487524e+12 1.08e+00
 864 -6.426074809379e+12 1.17e+00
 865 -6.426075125042e+12 1.23e+00
 866 -6.426075432214e+12 1.26e+00
 867 -6.426075729500e+12 1.25e+00
 868 -6.426076016508e+12 1.21e+00
 869 -6.426076293729e+12 1.14e+00
 870 -6.426076562265e+12 1.06e+00
 871 -6.426076823519e+12 9.58e-01
 872 -6.426077078921e+12 8.57e-01
 873 -6.426077329736e+12 8.11e-01
 874 -6.426077576947e+12 8.38e-01
 875 -6.426077821182e+12 8.62e-01
 876 -6.426078062674e+12 8.85e-01
 877 -6.426078301264e+12 9.05e-01
 878 -6.426078536472e+12 9.22e-01
 879 -6.426078767663e+12 9.37e-01
 880 -6.426078994295e+12 9.49e-01
 881 -6.426079216151e+12 9.58e-01
 882 -6.426079433477e+12 9.63e-01
 883 -6.426079646924e+12 9.66e-01
 884 -6.426079857331e+12 9.66e-01
 885 -6.426080065405e+12 9.63e-01
 886 -6.426080271459e+12 9.57e-01
 887 -6.426080475309e+12 9.49e-01
 888 -6.426080676405e+12 9.38e-01
 889 -6.426080874104e+12 9.24e-01
 890 -6.426081067951e+12 9.09e-01
 891 -6.426081257807e+12 8.91e-01
 892 -6.426081443803e+12 8.71e-01
 893 -6.426081626193e+12 8.50e-01
 894 -6.426081805229e+12 8.28e-01
 895 -6.426081981103e+12 8.04e-01
 896 -6.426082153968e+12 7.80e-01
 897 -6.426082323996e+12 7.54e-01
 898 -6.426082491419e+12 7.28e-01
 899 -6.426082656542e+12 7.02e-01
 900 -6.426082819715e+12 6.76e-01
 901 -6.426082981292e+12 6.49e-01
 902 -6.426083141593e+12 6.23e-01
 903 -6.426083300883e+12 5.97e-01
 904 -6.426083459371e+12 5.71e-01
 905 -6.426083617227e+12 5.46e-01
 906 -6.426083774594e+12 5.48e-01
 907 -6.426083931613e+12 5.68e-01
 908 -6.426084088419e+12 5.85e-01
 909 -6.426084245158e+12 5.98e-01
 910 -6.426084401986e+12 6.08e-01
 911 -6.426084559082e+12 6.14e-01
 912 -6.426084716657e+12 6.17e-01
 913 -6.426084874955e+12 6.16e-01
 914 -6.426085034234e+12 6.12e-01
 915 -6.426085194735e+12 6.04e-01
 916 -6.426085356631e+12 5.94e-01
 917 -6.426085519970e+12 5.81e-01
 918 -6.426085684618e+12 5.66e-01
 919 -6.426085850235e+12 5.48e-01
 920 -6.426086016307e+12 5.29e-01
 921 -6.426086182224e+12 5.11e-01
 922 -6.426086347387e+12 4.92e-01
 923 -6.426086511297e+12 4.73e-01
 924 -6.426086673587e+12 4.58e-01
 925 -6.426086834002e+12 4.58e-01
 926 -6.426086992348e+12 4.58e-01
 927 -6.426087148443e+12 4.58e-01
 928 -6.426087302094e+12 4.58e-01
 929 -6.426087453109e+12 4.58e-01
 930 -6.426087601324e+12 4.59e-01
 931 -6.426087746650e+12 4.59e-01
 932 -6.426087889114e+12 4.59e-01
 933 -6.426088028873e+12 4.59e-01
 934 -6.426088166223e+12 4.59e-01
 935 -6.426088301565e+12 4.59e-01
 936 -6.426088435347e+12 4.59e-01
 937 -6.426088567986e+12 4.59e-01
 938 -6.426088699805e+12 4.59e-01
 939 -6.426088830994e+12 4.60e-01
 940 -6.426088961626e+12 4.60e-01
 941 -6.426089091714e+12 4.60e-01
 942 -6.426089221275e+12 4.60e-01
 943 -6.426089350367e+12 4.60e-01
 944 -6.426089479086e+12 4.60e-01
 945 -6.426089607531e+12 4.60e-01
 946 -6.426089735767e+12 4.60e-01
 947 -6.426089863799e+12 4.60e-01
 948 -6.426089991564e+12 4.60e-01
 949 -6.426090118942e+12 4.60e-01
 950 -6.426090245774e+12 4.73e-01
 951 -6.426090371876e+12 5.03e-01
 952 -6.426090497053e+12 5.30e-01
 953 -6.426090621104e+12 5.54e-01
 954 -6.426090743827e+12 5.74e-01
 955 -6.426090865031e+12 5.90e-01
 956 -6.426090984548e+12 6.02e-01
 957 -6.426091102257e+12 6.09e-01
 958 -6.426091218114e+12 6.11e-01
 959 -6.426091332174e+12 6.09e-01
 960 -6.426091444605e+12 6.02e-01
 961 -6.426091555689e+12 5.90e-01
 962 -6.426091665806e+12 5.75e-01
 963 -6.426091775410e+12 5.57e-01
 964 -6.426091885000e+12 5.36e-01
 965 -6.426091995079e+12 5.13e-01
 966 -6.426092106131e+12 4.88e-01
 967 -6.426092218589e+12 4.62e-01
 968 -6.426092332812e+12 4.62e-01
 969 -6.426092449074e+12 4.62e-01
 970 -6.426092567555e+12 4.62e-01
 971 -6.426092688351e+12 4.63e-01
 972 -6.426092811500e+12 4.63e-01
 973 -6.426092937022e+12 4.63e-01
 974 -6.426093064971e+12 4.64e-01
 975 -6.426093195475e+12 4.64e-01
 976 -6.426093328746e+12 4.64e-01
 977 -6.426093465066e+12 5.41e-01
 978 -6.426093604734e+12 6.28e-01
 979 -6.426093747994e+12 7.24e-01
 980 -6.426093894954e+12 8.27e-01
 981 -6.426094045508e+12 9.34e-01
 982 -6.426094199289e+12 1.04e+00
 983 -6.426094355637e+12 1.15e+00
 984 -6.426094513630e+12 1.25e+00
 985 -6.426094672139e+12 1.34e+00
 986 -6.426094829929e+12 1.41e+00
 987 -6.426094985775e+12 1.47e+00
 988 -6.426095138565e+12 1.50e+00
 989 -6.426095287399e+12 1.52e+00
 990 -6.426095431640e+12 1.51e+00
 991 -6.426095570936e+12 1.48e+00
 992 -6.426095705209e+12 1.43e+00
 993 -6.426095834618e+12 1.36e+00
 994 -6.426095959501e+12 1.29e+00
 995 -6.426096080318e+12 1.21e+00
 996 -6.426096197585e+12 1.12e+00
 997 -6.426096311811e+12 1.04e+00
 998 -6.426096423449e+12 9.49e-01
 999 -6.426096532855e+12 8.66e-01
1000 -6.426096640261e+12 7.87e-01
Computation took 6190.79 seconds.
Multinomial likelihood at nnmf solution: -5526918067262.998046875000
Writing results to file.
-----------------------------------------------------------------------------------------------------
MATLAB Version: 9.5.0.944444 (R2018b)
MATLAB License Number: 719588
Operating System: Linux 3.10.0-862.14.4.el7.x86_64 #1 SMP Tue Sep 25 14:32:52 CDT 2018 x86_64
Java Version: Java 1.8.0_152-b16 with Oracle Corporation Java HotSpot(TM) 64-Bit Server VM mixed mode
-----------------------------------------------------------------------------------------------------
MATLAB                                                Version 9.5         (R2018b)
Simulink                                              Version 9.2         (R2018b)
Bioinformatics Toolbox                                Version 4.11        (R2018b)
Communications Toolbox                                Version 7.0         (R2018b)
Computer Vision System Toolbox                        Version 8.2         (R2018b)
Control System Toolbox                                Version 10.5        (R2018b)
Curve Fitting Toolbox                                 Version 3.5.8       (R2018b)
DSP System Toolbox                                    Version 9.7         (R2018b)
Database Toolbox                                      Version 9.0         (R2018b)
Datafeed Toolbox                                      Version 5.8         (R2018b)
Deep Learning Toolbox                                 Version 12.0        (R2018b)
Econometrics Toolbox                                  Version 5.1         (R2018b)
Financial Instruments Toolbox                         Version 2.8         (R2018b)
Financial Toolbox                                     Version 5.12        (R2018b)
Fixed-Point Designer                                  Version 6.2         (R2018b)
Fuzzy Logic Toolbox                                   Version 2.4         (R2018b)
Global Optimization Toolbox                           Version 4.0         (R2018b)
HDL Verifier                                          Version 5.5         (R2018b)
Image Acquisition Toolbox                             Version 5.5         (R2018b)
Image Processing Toolbox                              Version 10.3        (R2018b)
Instrument Control Toolbox                            Version 3.14        (R2018b)
MATLAB Coder                                          Version 4.1         (R2018b)
MATLAB Compiler                                       Version 7.0         (R2018b)
MATLAB Compiler SDK                                   Version 6.6         (R2018b)
MATLAB Report Generator                               Version 5.5         (R2018b)
Mapping Toolbox                                       Version 4.7         (R2018b)
Model Predictive Control Toolbox                      Version 6.2         (R2018b)
Optimization Toolbox                                  Version 8.2         (R2018b)
Parallel Computing Toolbox                            Version 6.13        (R2018b)
Partial Differential Equation Toolbox                 Version 3.1         (R2018b)
RF Blockset                                           Version 7.1         (R2018b)
RF Toolbox                                            Version 3.5         (R2018b)
Robust Control Toolbox                                Version 6.5         (R2018b)
Signal Processing Toolbox                             Version 8.1         (R2018b)
SimBiology                                            Version 5.8.1       (R2018b)
Simscape                                              Version 4.5         (R2018b)
Simscape Multibody                                    Version 6.0         (R2018b)
Simulink Check                                        Version 4.2         (R2018b)
Simulink Coder                                        Version 9.0         (R2018b)
Simulink Control Design                               Version 5.2         (R2018b)
Simulink Coverage                                     Version 4.2         (R2018b)
Simulink Design Optimization                          Version 3.5         (R2018b)
Simulink Design Verifier                              Version 4.0         (R2018b)
Simulink Requirements                                 Version 1.2         (R2018b)
Stateflow                                             Version 9.2         (R2018b)
Statistics and Machine Learning Toolbox               Version 11.4        (R2018b)
Symbolic Math Toolbox                                 Version 8.2         (R2018b)
System Identification Toolbox                         Version 9.9         (R2018b)
Trading Toolbox                                       Version 3.5         (R2018b)
Wavelet Toolbox                                       Version 5.1         (R2018b)
